2024/12/31 18:12:39 SendRequest Config - URL: http://localhost:8080/api/v1/logs, Method: POST
2024/12/31 18:12:39 API Request Config - URL: http://localhost:8080/api/v1/logs, Method: POST
2024/12/31 18:12:39 Sending request to http://localhost:8080/api/v1/logs: {"timestamp":"2024-12-31T12:12:39.0596631-06:00","agent_id":"1234567890","agent_name":"jarvis-agent-windows","source":"windows_logs","type":"event","level":"Unknown","message":"dansDesktop","data":{"event":{"channel":"Security","event_data":{"Event":{"EventData":{"ClientProcessId":"14928","CountOfCredentialsReturned":"1","ProcessCreationTime":"2024-12-16T14:59:56.2501338Z","ReadOperation":"%%8099","ReturnCode":"0","SubjectDomainName":"DANSDESKTOP","SubjectLogonId":"0x4c0db","SubjectUserName":"danfe","SubjectUserSid":"S-1-5-21-1680856076-1700718083-3477311726-1001","TargetName":"NordPass/ClipboardClearingTime","Type":"1"},"System":{"Channel":"Security","Computer":"dansDesktop","Correlation":{},"EventID":"5379","EventRecordID":"8314464","Execution":{"ProcessID":"1128","ThreadID":"68244"},"Keywords":"0x8020000000000000","Level":"0","Opcode":"0","Provider":{"Guid":"{54849625-5478-4994-a5ba-3e3b0328c30d}","Name":"Microsoft-Windows-Security-Auditing"},"Security":{"UserID":""},"Task":"13824","TimeCreated":{"SystemTime":"2024-12-31T18:12:38.0364542Z"},"Version":"0"}}},"level":"0","message":"","computer":"dansDesktop"}}}
2024/12/31 18:12:39 SendRequest Config - URL: http://localhost:8080/api/v1/logs, Method: POST
2024/12/31 18:12:39 API Request Config - URL: http://localhost:8080/api/v1/logs, Method: POST
2024/12/31 18:12:39 Sending request to http://localhost:8080/api/v1/logs: {"timestamp":"2024-12-31T12:12:39.060698-06:00","agent_id":"1234567890","agent_name":"jarvis-agent-windows","source":"windows_logs","type":"event","level":"Unknown","message":"dansDesktop","data":{"event":{"channel":"Security","event_data":{"Event":{"EventData":{"ClientProcessId":"14928","CountOfCredentialsReturned":"1","ProcessCreationTime":"2024-12-16T14:59:56.2501338Z","ReadOperation":"%%8099","ReturnCode":"0","SubjectDomainName":"DANSDESKTOP","SubjectLogonId":"0x4c0db","SubjectUserName":"danfe","SubjectUserSid":"S-1-5-21-1680856076-1700718083-3477311726-1001","TargetName":"NordPass/LatestVersionInstalledAt","Type":"1"},"System":{"Channel":"Security","Computer":"dansDesktop","Correlation":{},"EventID":"5379","EventRecordID":"8314465","Execution":{"ProcessID":"1128","ThreadID":"70760"},"Keywords":"0x8020000000000000","Level":"0","Opcode":"0","Provider":{"Guid":"{54849625-5478-4994-a5ba-3e3b0328c30d}","Name":"Microsoft-Windows-Security-Auditing"},"Security":{"UserID":""},"Task":"13824","TimeCreated":{"SystemTime":"2024-12-31T18:12:38.0365111Z"},"Version":"0"}}},"level":"0","message":"","computer":"dansDesktop"}}}
2024/12/31 18:12:39 SendRequest Config - URL: http://localhost:8080/api/v1/logs, Method: POST
2024/12/31 18:12:39 API Request Config - URL: http://localhost:8080/api/v1/logs, Method: POST
2024/12/31 18:12:39 Sending request to http://localhost:8080/api/v1/logs: {"timestamp":"2024-12-31T12:12:39.0612158-06:00","agent_id":"1234567890","agent_name":"jarvis-agent-windows","source":"windows_logs","type":"event","level":"Unknown","message":"dansDesktop","data":{"event":{"channel":"Security","event_data":{"Event":{"EventData":{"ClientProcessId":"14928","CountOfCredentialsReturned":"1","ProcessCreationTime":"2024-12-16T14:59:56.2501338Z","ReadOperation":"%%8099","ReturnCode":"0","SubjectDomainName":"DANSDESKTOP","SubjectLogonId":"0x4c0db","SubjectUserName":"danfe","SubjectUserSid":"S-1-5-21-1680856076-1700718083-3477311726-1001","TargetName":"NordPass/isWelcomeToStandaloneIntroShown","Type":"1"},"System":{"Channel":"Security","Computer":"dansDesktop","Correlation":{},"EventID":"5379","EventRecordID":"8314466","Execution":{"ProcessID":"1128","ThreadID":"62588"},"Keywords":"0x8020000000000000","Level":"0","Opcode":"0","Provider":{"Guid":"{54849625-5478-4994-a5ba-3e3b0328c30d}","Name":"Microsoft-Windows-Security-Auditing"},"Security":{"UserID":""},"Task":"13824","TimeCreated":{"SystemTime":"2024-12-31T18:12:38.0365582Z"},"Version":"0"}}},"level":"0","message":"","computer":"dansDesktop"}}}
2024/12/31 18:12:39 SendRequest Config - URL: http://localhost:8080/api/v1/logs, Method: POST
2024/12/31 18:12:39 API Request Config - URL: http://localhost:8080/api/v1/logs, Method: POST
2024/12/31 18:12:39 Sending request to http://localhost:8080/api/v1/logs: {"timestamp":"2024-12-31T12:12:39.0622509-06:00","agent_id":"1234567890","agent_name":"jarvis-agent-windows","source":"windows_logs","type":"event","level":"Unknown","message":"dansDesktop","data":{"event":{"channel":"Security","event_data":{"Event":{"EventData":{"ClientProcessId":"14928","CountOfCredentialsReturned":"1","ProcessCreationTime":"2024-12-16T14:59:56.2501338Z","ReadOperation":"%%8099","ReturnCode":"0","SubjectDomainName":"DANSDESKTOP","SubjectLogonId":"0x4c0db","SubjectUserName":"danfe","SubjectUserSid":"S-1-5-21-1680856076-1700718083-3477311726-1001","TargetName":"NordPass/isFullAppViewIntroShown","Type":"1"},"System":{"Channel":"Security","Computer":"dansDesktop","Correlation":{},"EventID":"5379","EventRecordID":"8314467","Execution":{"ProcessID":"1128","ThreadID":"62684"},"Keywords":"0x8020000000000000","Level":"0","Opcode":"0","Provider":{"Guid":"{54849625-5478-4994-a5ba-3e3b0328c30d}","Name":"Microsoft-Windows-Security-Auditing"},"Security":{"UserID":""},"Task":"13824","TimeCreated":{"SystemTime":"2024-12-31T18:12:38.0365776Z"},"Version":"0"}}},"level":"0","message":"","computer":"dansDesktop"}}}
2024/12/31 18:12:39 SendRequest Config - URL: http://localhost:8080/api/v1/logs, Method: POST
2024/12/31 18:12:39 API Request Config - URL: http://localhost:8080/api/v1/logs, Method: POST
2024/12/31 18:12:39 Sending request to http://localhost:8080/api/v1/logs: {"timestamp":"2024-12-31T12:12:39.0632859-06:00","agent_id":"1234567890","agent_name":"jarvis-agent-windows","source":"windows_logs","type":"event","level":"Unknown","message":"dansDesktop","data":{"event":{"channel":"Security","event_data":{"Event":{"EventData":{"ClientProcessId":"14928","CountOfCredentialsReturned":"1","ProcessCreationTime":"2024-12-16T14:59:56.2501338Z","ReadOperation":"%%8099","ReturnCode":"0","SubjectDomainName":"DANSDESKTOP","SubjectLogonId":"0x4c0db","SubjectUserName":"danfe","SubjectUserSid":"S-1-5-21-1680856076-1700718083-3477311726-1001","TargetName":"NordPass/Features","Type":"1"},"System":{"Channel":"Security","Computer":"dansDesktop","Correlation":{},"EventID":"5379","EventRecordID":"8314468","Execution":{"ProcessID":"1128","ThreadID":"62588"},"Keywords":"0x8020000000000000","Level":"0","Opcode":"0","Provider":{"Guid":"{54849625-5478-4994-a5ba-3e3b0328c30d}","Name":"Microsoft-Windows-Security-Auditing"},"Security":{"UserID":""},"Task":"13824","TimeCreated":{"SystemTime":"2024-12-31T18:12:38.0366354Z"},"Version":"0"}}},"level":"0","message":"","computer":"dansDesktop"}}}
2024/12/31 18:12:39 SendRequest Config - URL: http://localhost:8080/api/v1/logs, Method: POST
2024/12/31 18:12:39 API Request Config - URL: http://localhost:8080/api/v1/logs, Method: POST
2024/12/31 18:12:39 Sending request to http://localhost:8080/api/v1/logs: {"timestamp":"2024-12-31T12:12:39.0637974-06:00","agent_id":"1234567890","agent_name":"jarvis-agent-windows","source":"windows_logs","type":"event","level":"Unknown","message":"dansDesktop","data":{"event":{"channel":"Security","event_data":{"Event":{"EventData":{"ClientProcessId":"14928","CountOfCredentialsReturned":"1","ProcessCreationTime":"2024-12-16T14:59:56.2501338Z","ReadOperation":"%%8099","ReturnCode":"3221226021","SubjectDomainName":"DANSDESKTOP","SubjectLogonId":"0x4c0db","SubjectUserName":"danfe","SubjectUserSid":"S-1-5-21-1680856076-1700718083-3477311726-1001","TargetName":"NordPass/AutoLock-","Type":"1"},"System":{"Channel":"Security","Computer":"dansDesktop","Correlation":{},"EventID":"5379","EventRecordID":"8314469","Execution":{"ProcessID":"1128","ThreadID":"68244"},"Keywords":"0x8020000000000000","Level":"0","Opcode":"0","Provider":{"Guid":"{54849625-5478-4994-a5ba-3e3b0328c30d}","Name":"Microsoft-Windows-Security-Auditing"},"Security":{"UserID":""},"Task":"13824","TimeCreated":{"SystemTime":"2024-12-31T18:12:38.0366569Z"},"Version":"0"}}},"level":"0","message":"","computer":"dansDesktop"}}}
2024/12/31 18:12:39 SendRequest Config - URL: http://localhost:8080/api/v1/logs, Method: POST
2024/12/31 18:12:39 API Request Config - URL: http://localhost:8080/api/v1/logs, Method: POST
2024/12/31 18:12:39 Sending request to http://localhost:8080/api/v1/logs: {"timestamp":"2024-12-31T12:12:39.0648326-06:00","agent_id":"1234567890","agent_name":"jarvis-agent-windows","source":"windows_logs","type":"event","level":"Unknown","message":"dansDesktop","data":{"event":{"channel":"Security","event_data":{"Event":{"EventData":{"ClientProcessId":"14928","CountOfCredentialsReturned":"1","ProcessCreationTime":"2024-12-16T14:59:56.2501338Z","ReadOperation":"%%8099","ReturnCode":"0","SubjectDomainName":"DANSDESKTOP","SubjectLogonId":"0x4c0db","SubjectUserName":"danfe","SubjectUserSid":"S-1-5-21-1680856076-1700718083-3477311726-1001","TargetName":"NordPass/SubscriptionData","Type":"1"},"System":{"Channel":"Security","Computer":"dansDesktop","Correlation":{},"EventID":"5379","EventRecordID":"8314470","Execution":{"ProcessID":"1128","ThreadID":"70760"},"Keywords":"0x8020000000000000","Level":"0","Opcode":"0","Provider":{"Guid":"{54849625-5478-4994-a5ba-3e3b0328c30d}","Name":"Microsoft-Windows-Security-Auditing"},"Security":{"UserID":""},"Task":"13824","TimeCreated":{"SystemTime":"2024-12-31T18:12:38.0367158Z"},"Version":"0"}}},"level":"0","message":"","computer":"dansDesktop"}}}
2024/12/31 18:12:39 SendRequest Config - URL: http://localhost:8080/api/v1/logs, Method: POST
2024/12/31 18:12:39 API Request Config - URL: http://localhost:8080/api/v1/logs, Method: POST
2024/12/31 18:12:39 Sending request to http://localhost:8080/api/v1/logs: {"timestamp":"2024-12-31T12:12:39.0663513-06:00","agent_id":"1234567890","agent_name":"jarvis-agent-windows","source":"windows_logs","type":"event","level":"Unknown","message":"dansDesktop","data":{"event":{"channel":"Security","event_data":{"Event":{"EventData":{"ClientProcessId":"14928","CountOfCredentialsReturned":"1","ProcessCreationTime":"2024-12-16T14:59:56.2501338Z","ReadOperation":"%%8099","ReturnCode":"0","SubjectDomainName":"DANSDESKTOP","SubjectLogonId":"0x4c0db","SubjectUserName":"danfe","SubjectUserSid":"S-1-5-21-1680856076-1700718083-3477311726-1001","TargetName":"NordPass/HasBeenUpdated","Type":"1"},"System":{"Channel":"Security","Computer":"dansDesktop","Correlation":{},"EventID":"5379","EventRecordID":"8314471","Execution":{"ProcessID":"1128","ThreadID":"62684"},"Keywords":"0x8020000000000000","Level":"0","Opcode":"0","Provider":{"Guid":"{54849625-5478-4994-a5ba-3e3b0328c30d}","Name":"Microsoft-Windows-Security-Auditing"},"Security":{"UserID":""},"Task":"13824","TimeCreated":{"SystemTime":"2024-12-31T18:12:38.0367357Z"},"Version":"0"}}},"level":"0","message":"","computer":"dansDesktop"}}}
2024/12/31 18:12:39 SendRequest Config - URL: http://localhost:8080/api/v1/logs, Method: POST
2024/12/31 18:12:39 API Request Config - URL: http://localhost:8080/api/v1/logs, Method: POST
2024/12/31 18:12:39 Sending request to http://localhost:8080/api/v1/logs: {"timestamp":"2024-12-31T12:12:39.0674722-06:00","agent_id":"1234567890","agent_name":"jarvis-agent-windows","source":"windows_logs","type":"event","level":"Unknown","message":"dansDesktop","data":{"event":{"channel":"Security","event_data":{"Event":{"EventData":{"ClientProcessId":"14928","CountOfCredentialsReturned":"1","ProcessCreationTime":"2024-12-16T14:59:56.2501338Z","ReadOperation":"%%8099","ReturnCode":"0","SubjectDomainName":"DANSDESKTOP","SubjectLogonId":"0x4c0db","SubjectUserName":"danfe","SubjectUserSid":"S-1-5-21-1680856076-1700718083-3477311726-1001","TargetName":"NordPass/InstallTime","Type":"1"},"System":{"Channel":"Security","Computer":"dansDesktop","Correlation":{},"EventID":"5379","EventRecordID":"8314472","Execution":{"ProcessID":"1128","ThreadID":"68244"},"Keywords":"0x8020000000000000","Level":"0","Opcode":"0","Provider":{"Guid":"{54849625-5478-4994-a5ba-3e3b0328c30d}","Name":"Microsoft-Windows-Security-Auditing"},"Security":{"UserID":""},"Task":"13824","TimeCreated":{"SystemTime":"2024-12-31T18:12:38.0367756Z"},"Version":"0"}}},"level":"0","message":"","computer":"dansDesktop"}}}
2024/12/31 18:12:39 SendRequest Config - URL: http://localhost:8080/api/v1/logs, Method: POST
2024/12/31 18:12:39 API Request Config - URL: http://localhost:8080/api/v1/logs, Method: POST
2024/12/31 18:12:39 Sending request to http://localhost:8080/api/v1/logs: {"timestamp":"2024-12-31T12:12:39.0686297-06:00","agent_id":"1234567890","agent_name":"jarvis-agent-windows","source":"windows_logs","type":"event","level":"Unknown","message":"dansDesktop","data":{"event":{"channel":"Security","event_data":{"Event":{"EventData":{"ClientProcessId":"14928","CountOfCredentialsReturned":"1","ProcessCreationTime":"2024-12-16T14:59:56.2501338Z","ReadOperation":"%%8099","ReturnCode":"0","SubjectDomainName":"DANSDESKTOP","SubjectLogonId":"0x4c0db","SubjectUserName":"danfe","SubjectUserSid":"S-1-5-21-1680856076-1700718083-3477311726-1001","TargetName":"NordPass/WindowState","Type":"1"},"System":{"Channel":"Security","Computer":"dansDesktop","Correlation":{},"EventID":"5379","EventRecordID":"8314473","Execution":{"ProcessID":"1128","ThreadID":"62684"},"Keywords":"0x8020000000000000","Level":"0","Opcode":"0","Provider":{"Guid":"{54849625-5478-4994-a5ba-3e3b0328c30d}","Name":"Microsoft-Windows-Security-Auditing"},"Security":{"UserID":""},"Task":"13824","TimeCreated":{"SystemTime":"2024-12-31T18:12:38.0367895Z"},"Version":"0"}}},"level":"0","message":"","computer":"dansDesktop"}}}
2024/12/31 18:12:39 SendRequest Config - URL: http://localhost:8080/api/v1/logs, Method: POST
2024/12/31 18:12:39 API Request Config - URL: http://localhost:8080/api/v1/logs, Method: POST
2024/12/31 18:12:39 Sending request to http://localhost:8080/api/v1/logs: {"timestamp":"2024-12-31T12:12:39.0692532-06:00","agent_id":"1234567890","agent_name":"jarvis-agent-windows","source":"windows_logs","type":"event","level":"Unknown","message":"dansDesktop","data":{"event":{"channel":"Security","event_data":{"Event":{"EventData":{"ClientProcessId":"14928","CountOfCredentialsReturned":"1","ProcessCreationTime":"2024-12-16T14:59:56.2501338Z","ReadOperation":"%%8099","ReturnCode":"0","SubjectDomainName":"DANSDESKTOP","SubjectLogonId":"0x4c0db","SubjectUserName":"danfe","SubjectUserSid":"S-1-5-21-1680856076-1700718083-3477311726-1001","TargetName":"NordPass/StartHidden","Type":"1"},"System":{"Channel":"Security","Computer":"dansDesktop","Correlation":{},"EventID":"5379","EventRecordID":"8314474","Execution":{"ProcessID":"1128","ThreadID":"62588"},"Keywords":"0x8020000000000000","Level":"0","Opcode":"0","Provider":{"Guid":"{54849625-5478-4994-a5ba-3e3b0328c30d}","Name":"Microsoft-Windows-Security-Auditing"},"Security":{"UserID":""},"Task":"13824","TimeCreated":{"SystemTime":"2024-12-31T18:12:38.0368164Z"},"Version":"0"}}},"level":"0","message":"","computer":"dansDesktop"}}}
2024/12/31 18:12:39 SendRequest Config - URL: http://localhost:8080/api/v1/logs, Method: POST
2024/12/31 18:12:39 API Request Config - URL: http://localhost:8080/api/v1/logs, Method: POST
2024/12/31 18:12:39 Sending request to http://localhost:8080/api/v1/logs: {"timestamp":"2024-12-31T12:12:39.0702636-06:00","agent_id":"1234567890","agent_name":"jarvis-agent-windows","source":"windows_logs","type":"event","level":"Unknown","message":"dansDesktop","data":{"event":{"channel":"Security","event_data":{"Event":{"EventData":{"ClientProcessId":"14928","CountOfCredentialsReturned":"1","ProcessCreationTime":"2024-12-16T14:59:56.2501338Z","ReadOperation":"%%8099","ReturnCode":"0","SubjectDomainName":"DANSDESKTOP","SubjectLogonId":"0x4c0db","SubjectUserName":"danfe","SubjectUserSid":"S-1-5-21-1680856076-1700718083-3477311726-1001","TargetName":"NordPass/ConnectedBrowsers","Type":"1"},"System":{"Channel":"Security","Computer":"dansDesktop","Correlation":{},"EventID":"5379","EventRecordID":"8314475","Execution":{"ProcessID":"1128","ThreadID":"70760"},"Keywords":"0x8020000000000000","Level":"0","Opcode":"0","Provider":{"Guid":"{54849625-5478-4994-a5ba-3e3b0328c30d}","Name":"Microsoft-Windows-Security-Auditing"},"Security":{"UserID":""},"Task":"13824","TimeCreated":{"SystemTime":"2024-12-31T18:12:38.0368317Z"},"Version":"0"}}},"level":"0","message":"","computer":"dansDesktop"}}}
2024/12/31 18:12:39 SendRequest Config - URL: http://localhost:8080/api/v1/logs, Method: POST
2024/12/31 18:12:39 API Request Config - URL: http://localhost:8080/api/v1/logs, Method: POST
2024/12/31 18:12:39 Sending request to http://localhost:8080/api/v1/logs: {"timestamp":"2024-12-31T12:12:39.0713015-06:00","agent_id":"1234567890","agent_name":"jarvis-agent-windows","source":"windows_logs","type":"event","level":"Unknown","message":"dansDesktop","data":{"event":{"channel":"Security","event_data":{"Event":{"EventData":{"ClientProcessId":"14928","CountOfCredentialsReturned":"1","ProcessCreationTime":"2024-12-16T14:59:56.2501338Z","ReadOperation":"%%8099","ReturnCode":"0","SubjectDomainName":"DANSDESKTOP","SubjectLogonId":"0x4c0db","SubjectUserName":"danfe","SubjectUserSid":"S-1-5-21-1680856076-1700718083-3477311726-1001","TargetName":"NordPass/ShouldOpenOnLogin","Type":"1"},"System":{"Channel":"Security","Computer":"dansDesktop","Correlation":{},"EventID":"5379","EventRecordID":"8314476","Execution":{"ProcessID":"1128","ThreadID":"62684"},"Keywords":"0x8020000000000000","Level":"0","Opcode":"0","Provider":{"Guid":"{54849625-5478-4994-a5ba-3e3b0328c30d}","Name":"Microsoft-Windows-Security-Auditing"},"Security":{"UserID":""},"Task":"13824","TimeCreated":{"SystemTime":"2024-12-31T18:12:38.0368583Z"},"Version":"0"}}},"level":"0","message":"","computer":"dansDesktop"}}}
2024/12/31 18:12:39 SendRequest Config - URL: http://localhost:8080/api/v1/logs, Method: POST
2024/12/31 18:12:39 API Request Config - URL: http://localhost:8080/api/v1/logs, Method: POST
2024/12/31 18:12:39 Sending request to http://localhost:8080/api/v1/logs: {"timestamp":"2024-12-31T12:12:39.0723334-06:00","agent_id":"1234567890","agent_name":"jarvis-agent-windows","source":"windows_logs","type":"event","level":"Unknown","message":"dansDesktop","data":{"event":{"channel":"Security","event_data":{"Event":{"EventData":{"ClientProcessId":"14928","CountOfCredentialsReturned":"1","ProcessCreationTime":"2024-12-16T14:59:56.2501338Z","ReadOperation":"%%8099","ReturnCode":"0","SubjectDomainName":"DANSDESKTOP","SubjectLogonId":"0x4c0db","SubjectUserName":"danfe","SubjectUserSid":"S-1-5-21-1680856076-1700718083-3477311726-1001","TargetName":"NordPass/DbHash","Type":"1"},"System":{"Channel":"Security","Computer":"dansDesktop","Correlation":{},"EventID":"5379","EventRecordID":"8314477","Execution":{"ProcessID":"1128","ThreadID":"68244"},"Keywords":"0x8020000000000000","Level":"0","Opcode":"0","Provider":{"Guid":"{54849625-5478-4994-a5ba-3e3b0328c30d}","Name":"Microsoft-Windows-Security-Auditing"},"Security":{"UserID":""},"Task":"13824","TimeCreated":{"SystemTime":"2024-12-31T18:12:38.0368816Z"},"Version":"0"}}},"level":"0","message":"","computer":"dansDesktop"}}}
2024/12/31 18:12:39 SendRequest Config - URL: http://localhost:8080/api/v1/logs, Method: POST
2024/12/31 18:12:39 API Request Config - URL: http://localhost:8080/api/v1/logs, Method: POST
2024/12/31 18:12:39 Sending request to http://localhost:8080/api/v1/logs: {"timestamp":"2024-12-31T12:12:39.0728703-06:00","agent_id":"1234567890","agent_name":"jarvis-agent-windows","source":"windows_logs","type":"event","level":"Unknown","message":"dansDesktop","data":{"event":{"channel":"Security","event_data":{"Event":{"EventData":{"ClientProcessId":"14928","CountOfCredentialsReturned":"1","ProcessCreationTime":"2024-12-16T14:59:56.2501338Z","ReadOperation":"%%8099","ReturnCode":"0","SubjectDomainName":"DANSDESKTOP","SubjectLogonId":"0x4c0db","SubjectUserName":"danfe","SubjectUserSid":"S-1-5-21-1680856076-1700718083-3477311726-1001","TargetName":"NordPass/AppTheme","Type":"1"},"System":{"Channel":"Security","Computer":"dansDesktop","Correlation":{},"EventID":"5379","EventRecordID":"8314478","Execution":{"ProcessID":"1128","ThreadID":"70760"},"Keywords":"0x8020000000000000","Level":"0","Opcode":"0","Provider":{"Guid":"{54849625-5478-4994-a5ba-3e3b0328c30d}","Name":"Microsoft-Windows-Security-Auditing"},"Security":{"UserID":""},"Task":"13824","TimeCreated":{"SystemTime":"2024-12-31T18:12:38.0368966Z"},"Version":"0"}}},"level":"0","message":"","computer":"dansDesktop"}}}
2024/12/31 18:12:39 SendRequest Config - URL: http://localhost:8080/api/v1/logs, Method: POST
2024/12/31 18:12:39 API Request Config - URL: http://localhost:8080/api/v1/logs, Method: POST
2024/12/31 18:12:39 Sending request to http://localhost:8080/api/v1/logs: {"timestamp":"2024-12-31T12:12:39.0739336-06:00","agent_id":"1234567890","agent_name":"jarvis-agent-windows","source":"windows_logs","type":"event","level":"Unknown","message":"dansDesktop","data":{"event":{"channel":"Security","event_data":{"Event":{"EventData":{"ClientProcessId":"14928","CountOfCredentialsReturned":"1","ProcessCreationTime":"2024-12-16T14:59:56.2501338Z","ReadOperation":"%%8099","ReturnCode":"0","SubjectDomainName":"DANSDESKTOP","SubjectLogonId":"0x4c0db","SubjectUserName":"danfe","SubjectUserSid":"S-1-5-21-1680856076-1700718083-3477311726-1001","TargetName":"NordPass/AppLocale","Type":"1"},"System":{"Channel":"Security","Computer":"dansDesktop","Correlation":{},"EventID":"5379","EventRecordID":"8314479","Execution":{"ProcessID":"1128","ThreadID":"62588"},"Keywords":"0x8020000000000000","Level":"0","Opcode":"0","Provider":{"Guid":"{54849625-5478-4994-a5ba-3e3b0328c30d}","Name":"Microsoft-Windows-Security-Auditing"},"Security":{"UserID":""},"Task":"13824","TimeCreated":{"SystemTime":"2024-12-31T18:12:38.0369123Z"},"Version":"0"}}},"level":"0","message":"","computer":"dansDesktop"}}}
2024/12/31 18:12:39 SendRequest Config - URL: http://localhost:8080/api/v1/logs, Method: POST
2024/12/31 18:12:39 API Request Config - URL: http://localhost:8080/api/v1/logs, Method: POST
2024/12/31 18:12:39 Sending request to http://localhost:8080/api/v1/logs: {"timestamp":"2024-12-31T12:12:39.0749671-06:00","agent_id":"1234567890","agent_name":"jarvis-agent-windows","source":"windows_logs","type":"event","level":"Unknown","message":"dansDesktop","data":{"event":{"channel":"Security","event_data":{"Event":{"EventData":{"ClientProcessId":"14928","CountOfCredentialsReturned":"1","ProcessCreationTime":"2024-12-16T14:59:56.2501338Z","ReadOperation":"%%8099","ReturnCode":"0","SubjectDomainName":"DANSDESKTOP","SubjectLogonId":"0x4c0db","SubjectUserName":"danfe","SubjectUserSid":"S-1-5-21-1680856076-1700718083-3477311726-1001","TargetName":"NordPass/AppVersion","Type":"1"},"System":{"Channel":"Security","Computer":"dansDesktop","Correlation":{},"EventID":"5379","EventRecordID":"8314480","Execution":{"ProcessID":"1128","ThreadID":"68244"},"Keywords":"0x8020000000000000","Level":"0","Opcode":"0","Provider":{"Guid":"{54849625-5478-4994-a5ba-3e3b0328c30d}","Name":"Microsoft-Windows-Security-Auditing"},"Security":{"UserID":""},"Task":"13824","TimeCreated":{"SystemTime":"2024-12-31T18:12:38.0369324Z"},"Version":"0"}}},"level":"0","message":"","computer":"dansDesktop"}}}
2024/12/31 18:12:39 SendRequest Config - URL: http://localhost:8080/api/v1/logs, Method: POST
2024/12/31 18:12:39 API Request Config - URL: http://localhost:8080/api/v1/logs, Method: POST
2024/12/31 18:12:39 Sending request to http://localhost:8080/api/v1/logs: {"timestamp":"2024-12-31T12:12:39.0760002-06:00","agent_id":"1234567890","agent_name":"jarvis-agent-windows","source":"windows_logs","type":"event","level":"Unknown","message":"dansDesktop","data":{"event":{"channel":"Security","event_data":{"Event":{"EventData":{"ClientProcessId":"14928","CountOfCredentialsReturned":"1","ProcessCreationTime":"2024-12-16T14:59:56.2501338Z","ReadOperation":"%%8099","ReturnCode":"0","SubjectDomainName":"DANSDESKTOP","SubjectLogonId":"0x4c0db","SubjectUserName":"danfe","SubjectUserSid":"S-1-5-21-1680856076-1700718083-3477311726-1001","TargetName":"NordPass/AccountList","Type":"1"},"System":{"Channel":"Security","Computer":"dansDesktop","Correlation":{},"EventID":"5379","EventRecordID":"8314481","Execution":{"ProcessID":"1128","ThreadID":"70760"},"Keywords":"0x8020000000000000","Level":"0","Opcode":"0","Provider":{"Guid":"{54849625-5478-4994-a5ba-3e3b0328c30d}","Name":"Microsoft-Windows-Security-Auditing"},"Security":{"UserID":""},"Task":"13824","TimeCreated":{"SystemTime":"2024-12-31T18:12:38.0369517Z"},"Version":"0"}}},"level":"0","message":"","computer":"dansDesktop"}}}
2024/12/31 18:12:39 SendRequest Config - URL: http://localhost:8080/api/v1/logs, Method: POST
2024/12/31 18:12:39 API Request Config - URL: http://localhost:8080/api/v1/logs, Method: POST
2024/12/31 18:12:39 Sending request to http://localhost:8080/api/v1/logs: {"timestamp":"2024-12-31T12:12:39.0770325-06:00","agent_id":"1234567890","agent_name":"jarvis-agent-windows","source":"windows_logs","type":"event","level":"Unknown","message":"dansDesktop","data":{"event":{"channel":"Security","event_data":{"Event":{"EventData":{"ClientProcessId":"14928","CountOfCredentialsReturned":"1","ProcessCreationTime":"2024-12-16T14:59:56.2501338Z","ReadOperation":"%%8099","ReturnCode":"0","SubjectDomainName":"DANSDESKTOP","SubjectLogonId":"0x4c0db","SubjectUserName":"danfe","SubjectUserSid":"S-1-5-21-1680856076-1700718083-3477311726-1001","TargetName":"NordPass/split_Features0","Type":"1"},"System":{"Channel":"Security","Computer":"dansDesktop","Correlation":{},"EventID":"5379","EventRecordID":"8314482","Execution":{"ProcessID":"1128","ThreadID":"62588"},"Keywords":"0x8020000000000000","Level":"0","Opcode":"0","Provider":{"Guid":"{54849625-5478-4994-a5ba-3e3b0328c30d}","Name":"Microsoft-Windows-Security-Auditing"},"Security":{"UserID":""},"Task":"13824","TimeCreated":{"SystemTime":"2024-12-31T18:12:38.0370219Z"},"Version":"0"}}},"level":"0","message":"","computer":"dansDesktop"}}}
2024/12/31 18:12:39 SendRequest Config - URL: http://localhost:8080/api/v1/logs, Method: POST
2024/12/31 18:12:39 API Request Config - URL: http://localhost:8080/api/v1/logs, Method: POST
2024/12/31 18:12:39 Sending request to http://localhost:8080/api/v1/logs: {"timestamp":"2024-12-31T12:12:39.0775479-06:00","agent_id":"1234567890","agent_name":"jarvis-agent-windows","source":"windows_logs","type":"event","level":"Unknown","message":"dansDesktop","data":{"event":{"channel":"Security","event_data":{"Event":{"EventData":{"ClientProcessId":"14928","CountOfCredentialsReturned":"1","ProcessCreationTime":"2024-12-16T14:59:56.2501338Z","ReadOperation":"%%8099","ReturnCode":"0","SubjectDomainName":"DANSDESKTOP","SubjectLogonId":"0x4c0db","SubjectUserName":"danfe","SubjectUserSid":"S-1-5-21-1680856076-1700718083-3477311726-1001","TargetName":"NordPass/split_Features1","Type":"1"},"System":{"Channel":"Security","Computer":"dansDesktop","Correlation":{},"EventID":"5379","EventRecordID":"8314483","Execution":{"ProcessID":"1128","ThreadID":"62588"},"Keywords":"0x8020000000000000","Level":"0","Opcode":"0","Provider":{"Guid":"{54849625-5478-4994-a5ba-3e3b0328c30d}","Name":"Microsoft-Windows-Security-Auditing"},"Security":{"UserID":""},"Task":"13824","TimeCreated":{"SystemTime":"2024-12-31T18:12:38.0374931Z"},"Version":"0"}}},"level":"0","message":"","computer":"dansDesktop"}}}
2024/12/31 18:12:39 SendRequest Config - URL: http://localhost:8080/api/v1/logs, Method: POST
2024/12/31 18:12:39 API Request Config - URL: http://localhost:8080/api/v1/logs, Method: POST
2024/12/31 18:12:39 Sending request to http://localhost:8080/api/v1/logs: {"timestamp":"2024-12-31T12:12:39.0785813-06:00","agent_id":"1234567890","agent_name":"jarvis-agent-windows","source":"windows_logs","type":"event","level":"Unknown","message":"dansDesktop","data":{"event":{"channel":"Security","event_data":{"Event":{"EventData":{"ClientProcessId":"14928","CountOfCredentialsReturned":"1","ProcessCreationTime":"2024-12-16T14:59:56.2501338Z","ReadOperation":"%%8099","ReturnCode":"0","SubjectDomainName":"DANSDESKTOP","SubjectLogonId":"0x4c0db","SubjectUserName":"danfe","SubjectUserSid":"S-1-5-21-1680856076-1700718083-3477311726-1001","TargetName":"NordPass/split_Features2","Type":"1"},"System":{"Channel":"Security","Computer":"dansDesktop","Correlation":{},"EventID":"5379","EventRecordID":"8314484","Execution":{"ProcessID":"1128","ThreadID":"62588"},"Keywords":"0x8020000000000000","Level":"0","Opcode":"0","Provider":{"Guid":"{54849625-5478-4994-a5ba-3e3b0328c30d}","Name":"Microsoft-Windows-Security-Auditing"},"Security":{"UserID":""},"Task":"13824","TimeCreated":{"SystemTime":"2024-12-31T18:12:38.0377188Z"},"Version":"0"}}},"level":"0","message":"","computer":"dansDesktop"}}}
2024/12/31 18:12:39 SendRequest Config - URL: http://localhost:8080/api/v1/logs, Method: POST
2024/12/31 18:12:39 API Request Config - URL: http://localhost:8080/api/v1/logs, Method: POST
2024/12/31 18:12:39 Sending request to http://localhost:8080/api/v1/logs: {"timestamp":"2024-12-31T12:12:39.0790936-06:00","agent_id":"1234567890","agent_name":"jarvis-agent-windows","source":"windows_logs","type":"event","level":"Unknown","message":"dansDesktop","data":{"event":{"channel":"Security","event_data":{"Event":{"EventData":{"ClientProcessId":"14928","CountOfCredentialsReturned":"1","ProcessCreationTime":"2024-12-16T14:59:56.2501338Z","ReadOperation":"%%8099","ReturnCode":"0","SubjectDomainName":"DANSDESKTOP","SubjectLogonId":"0x4c0db","SubjectUserName":"danfe","SubjectUserSid":"S-1-5-21-1680856076-1700718083-3477311726-1001","TargetName":"NordPass/split_Features3","Type":"1"},"System":{"Channel":"Security","Computer":"dansDesktop","Correlation":{},"EventID":"5379","EventRecordID":"8314485","Execution":{"ProcessID":"1128","ThreadID":"62588"},"Keywords":"0x8020000000000000","Level":"0","Opcode":"0","Provider":{"Guid":"{54849625-5478-4994-a5ba-3e3b0328c30d}","Name":"Microsoft-Windows-Security-Auditing"},"Security":{"UserID":""},"Task":"13824","TimeCreated":{"SystemTime":"2024-12-31T18:12:38.0379105Z"},"Version":"0"}}},"level":"0","message":"","computer":"dansDesktop"}}}
2024/12/31 18:12:39 SendRequest Config - URL: http://localhost:8080/api/v1/logs, Method: POST
2024/12/31 18:12:39 API Request Config - URL: http://localhost:8080/api/v1/logs, Method: POST
2024/12/31 18:12:39 Sending request to http://localhost:8080/api/v1/logs: {"timestamp":"2024-12-31T12:12:39.0801269-06:00","agent_id":"1234567890","agent_name":"jarvis-agent-windows","source":"windows_logs","type":"event","level":"Unknown","message":"dansDesktop","data":{"event":{"channel":"Security","event_data":{"Event":{"EventData":{"ClientProcessId":"14928","CountOfCredentialsReturned":"1","ProcessCreationTime":"2024-12-16T14:59:56.2501338Z","ReadOperation":"%%8099","ReturnCode":"0","SubjectDomainName":"DANSDESKTOP","SubjectLogonId":"0x4c0db","SubjectUserName":"danfe","SubjectUserSid":"S-1-5-21-1680856076-1700718083-3477311726-1001","TargetName":"NordPass/split_Features4","Type":"1"},"System":{"Channel":"Security","Computer":"dansDesktop","Correlation":{},"EventID":"5379","EventRecordID":"8314486","Execution":{"ProcessID":"1128","ThreadID":"62588"},"Keywords":"0x8020000000000000","Level":"0","Opcode":"0","Provider":{"Guid":"{54849625-5478-4994-a5ba-3e3b0328c30d}","Name":"Microsoft-Windows-Security-Auditing"},"Security":{"UserID":""},"Task":"13824","TimeCreated":{"SystemTime":"2024-12-31T18:12:38.0381383Z"},"Version":"0"}}},"level":"0","message":"","computer":"dansDesktop"}}}
2024/12/31 18:12:39 SendRequest Config - URL: http://localhost:8080/api/v1/logs, Method: POST
2024/12/31 18:12:39 API Request Config - URL: http://localhost:8080/api/v1/logs, Method: POST
2024/12/31 18:12:39 Sending request to http://localhost:8080/api/v1/logs: {"timestamp":"2024-12-31T12:12:39.0812471-06:00","agent_id":"1234567890","agent_name":"jarvis-agent-windows","source":"windows_logs","type":"event","level":"Unknown","message":"dansDesktop","data":{"event":{"channel":"Security","event_data":{"Event":{"EventData":{"ClientProcessId":"14928","CountOfCredentialsReturned":"1","ProcessCreationTime":"2024-12-16T14:59:56.2501338Z","ReadOperation":"%%8099","ReturnCode":"0","SubjectDomainName":"DANSDESKTOP","SubjectLogonId":"0x4c0db","SubjectUserName":"danfe","SubjectUserSid":"S-1-5-21-1680856076-1700718083-3477311726-1001","TargetName":"NordPass/split_Features5","Type":"1"},"System":{"Channel":"Security","Computer":"dansDesktop","Correlation":{},"EventID":"5379","EventRecordID":"8314487","Execution":{"ProcessID":"1128","ThreadID":"62588"},"Keywords":"0x8020000000000000","Level":"0","Opcode":"0","Provider":{"Guid":"{54849625-5478-4994-a5ba-3e3b0328c30d}","Name":"Microsoft-Windows-Security-Auditing"},"Security":{"UserID":""},"Task":"13824","TimeCreated":{"SystemTime":"2024-12-31T18:12:38.0383557Z"},"Version":"0"}}},"level":"0","message":"","computer":"dansDesktop"}}}
2024/12/31 18:12:39 SendRequest Config - URL: http://localhost:8080/api/v1/logs, Method: POST
2024/12/31 18:12:39 API Request Config - URL: http://localhost:8080/api/v1/logs, Method: POST
2024/12/31 18:12:39 Sending request to http://localhost:8080/api/v1/logs: {"timestamp":"2024-12-31T12:12:39.0817514-06:00","agent_id":"1234567890","agent_name":"jarvis-agent-windows","source":"windows_logs","type":"event","level":"Unknown","message":"dansDesktop","data":{"event":{"channel":"Security","event_data":{"Event":{"EventData":{"ClientProcessId":"14928","CountOfCredentialsReturned":"1","ProcessCreationTime":"2024-12-16T14:59:56.2501338Z","ReadOperation":"%%8099","ReturnCode":"0","SubjectDomainName":"DANSDESKTOP","SubjectLogonId":"0x4c0db","SubjectUserName":"danfe","SubjectUserSid":"S-1-5-21-1680856076-1700718083-3477311726-1001","TargetName":"NordPass/split_Features6","Type":"1"},"System":{"Channel":"Security","Computer":"dansDesktop","Correlation":{},"EventID":"5379","EventRecordID":"8314488","Execution":{"ProcessID":"1128","ThreadID":"62588"},"Keywords":"0x8020000000000000","Level":"0","Opcode":"0","Provider":{"Guid":"{54849625-5478-4994-a5ba-3e3b0328c30d}","Name":"Microsoft-Windows-Security-Auditing"},"Security":{"UserID":""},"Task":"13824","TimeCreated":{"SystemTime":"2024-12-31T18:12:38.0385426Z"},"Version":"0"}}},"level":"0","message":"","computer":"dansDesktop"}}}
2024/12/31 18:12:39 SendRequest Config - URL: http://localhost:8080/api/v1/logs, Method: POST
2024/12/31 18:12:39 API Request Config - URL: http://localhost:8080/api/v1/logs, Method: POST
2024/12/31 18:12:39 Sending request to http://localhost:8080/api/v1/logs: {"timestamp":"2024-12-31T12:12:39.0831201-06:00","agent_id":"1234567890","agent_name":"jarvis-agent-windows","source":"windows_logs","type":"event","level":"Unknown","message":"dansDesktop","data":{"event":{"channel":"Security","event_data":{"Event":{"EventData":{"ClientProcessId":"14928","CountOfCredentialsReturned":"1","ProcessCreationTime":"2024-12-16T14:59:56.2501338Z","ReadOperation":"%%8099","ReturnCode":"0","SubjectDomainName":"DANSDESKTOP","SubjectLogonId":"0x4c0db","SubjectUserName":"danfe","SubjectUserSid":"S-1-5-21-1680856076-1700718083-3477311726-1001","TargetName":"NordPass/split_Features7","Type":"1"},"System":{"Channel":"Security","Computer":"dansDesktop","Correlation":{},"EventID":"5379","EventRecordID":"8314489","Execution":{"ProcessID":"1128","ThreadID":"62588"},"Keywords":"0x8020000000000000","Level":"0","Opcode":"0","Provider":{"Guid":"{54849625-5478-4994-a5ba-3e3b0328c30d}","Name":"Microsoft-Windows-Security-Auditing"},"Security":{"UserID":""},"Task":"13824","TimeCreated":{"SystemTime":"2024-12-31T18:12:38.0387250Z"},"Version":"0"}}},"level":"0","message":"","computer":"dansDesktop"}}}
2024/12/31 18:12:39 SendRequest Config - URL: http://localhost:8080/api/v1/logs, Method: POST
2024/12/31 18:12:39 API Request Config - URL: http://localhost:8080/api/v1/logs, Method: POST
2024/12/31 18:12:39 Sending request to http://localhost:8080/api/v1/logs: {"timestamp":"2024-12-31T12:12:39.0846817-06:00","agent_id":"1234567890","agent_name":"jarvis-agent-windows","source":"windows_logs","type":"event","level":"Unknown","message":"dansDesktop","data":{"event":{"channel":"Security","event_data":{"Event":{"EventData":{"ClientProcessId":"14928","CountOfCredentialsReturned":"1","ProcessCreationTime":"2024-12-16T14:59:56.2501338Z","ReadOperation":"%%8099","ReturnCode":"0","SubjectDomainName":"DANSDESKTOP","SubjectLogonId":"0x4c0db","SubjectUserName":"danfe","SubjectUserSid":"S-1-5-21-1680856076-1700718083-3477311726-1001","TargetName":"NordPass/split_Features8","Type":"1"},"System":{"Channel":"Security","Computer":"dansDesktop","Correlation":{},"EventID":"5379","EventRecordID":"8314490","Execution":{"ProcessID":"1128","ThreadID":"62588"},"Keywords":"0x8020000000000000","Level":"0","Opcode":"0","Provider":{"Guid":"{54849625-5478-4994-a5ba-3e3b0328c30d}","Name":"Microsoft-Windows-Security-Auditing"},"Security":{"UserID":""},"Task":"13824","TimeCreated":{"SystemTime":"2024-12-31T18:12:38.0389202Z"},"Version":"0"}}},"level":"0","message":"","computer":"dansDesktop"}}}
2024/12/31 18:12:39 SendRequest Config - URL: http://localhost:8080/api/v1/logs, Method: POST
2024/12/31 18:12:39 API Request Config - URL: http://localhost:8080/api/v1/logs, Method: POST
2024/12/31 18:12:39 Sending request to http://localhost:8080/api/v1/logs: {"timestamp":"2024-12-31T12:12:39.0854231-06:00","agent_id":"1234567890","agent_name":"jarvis-agent-windows","source":"windows_logs","type":"event","level":"Unknown","message":"dansDesktop","data":{"event":{"channel":"Security","event_data":{"Event":{"EventData":{"ClientProcessId":"14928","CountOfCredentialsReturned":"1","ProcessCreationTime":"2024-12-16T14:59:56.2501338Z","ReadOperation":"%%8099","ReturnCode":"0","SubjectDomainName":"DANSDESKTOP","SubjectLogonId":"0x4c0db","SubjectUserName":"danfe","SubjectUserSid":"S-1-5-21-1680856076-1700718083-3477311726-1001","TargetName":"NordPass/split_Features9","Type":"1"},"System":{"Channel":"Security","Computer":"dansDesktop","Correlation":{},"EventID":"5379","EventRecordID":"8314491","Execution":{"ProcessID":"1128","ThreadID":"62588"},"Keywords":"0x8020000000000000","Level":"0","Opcode":"0","Provider":{"Guid":"{54849625-5478-4994-a5ba-3e3b0328c30d}","Name":"Microsoft-Windows-Security-Auditing"},"Security":{"UserID":""},"Task":"13824","TimeCreated":{"SystemTime":"2024-12-31T18:12:38.0391326Z"},"Version":"0"}}},"level":"0","message":"","computer":"dansDesktop"}}}
2024/12/31 18:12:39 SendRequest Config - URL: http://localhost:8080/api/v1/logs, Method: POST
2024/12/31 18:12:39 API Request Config - URL: http://localhost:8080/api/v1/logs, Method: POST
2024/12/31 18:12:39 Sending request to http://localhost:8080/api/v1/logs: {"timestamp":"2024-12-31T12:12:39.0864572-06:00","agent_id":"1234567890","agent_name":"jarvis-agent-windows","source":"windows_logs","type":"event","level":"Unknown","message":"dansDesktop","data":{"event":{"channel":"Security","event_data":{"Event":{"EventData":{"ClientProcessId":"14928","CountOfCredentialsReturned":"1","ProcessCreationTime":"2024-12-16T14:59:56.2501338Z","ReadOperation":"%%8099","ReturnCode":"0","SubjectDomainName":"DANSDESKTOP","SubjectLogonId":"0x4c0db","SubjectUserName":"danfe","SubjectUserSid":"S-1-5-21-1680856076-1700718083-3477311726-1001","TargetName":"NordPass/split_Features10","Type":"1"},"System":{"Channel":"Security","Computer":"dansDesktop","Correlation":{},"EventID":"5379","EventRecordID":"8314492","Execution":{"ProcessID":"1128","ThreadID":"62588"},"Keywords":"0x8020000000000000","Level":"0","Opcode":"0","Provider":{"Guid":"{54849625-5478-4994-a5ba-3e3b0328c30d}","Name":"Microsoft-Windows-Security-Auditing"},"Security":{"UserID":""},"Task":"13824","TimeCreated":{"SystemTime":"2024-12-31T18:12:38.0393096Z"},"Version":"0"}}},"level":"0","message":"","computer":"dansDesktop"}}}
2024/12/31 18:12:39 SendRequest Config - URL: http://localhost:8080/api/v1/logs, Method: POST
2024/12/31 18:12:39 API Request Config - URL: http://localhost:8080/api/v1/logs, Method: POST
2024/12/31 18:12:39 Sending request to http://localhost:8080/api/v1/logs: {"timestamp":"2024-12-31T12:12:39.0875141-06:00","agent_id":"1234567890","agent_name":"jarvis-agent-windows","source":"windows_logs","type":"event","level":"Unknown","message":"dansDesktop","data":{"event":{"channel":"Security","event_data":{"Event":{"EventData":{"ClientProcessId":"14928","CountOfCredentialsReturned":"1","ProcessCreationTime":"2024-12-16T14:59:56.2501338Z","ReadOperation":"%%8099","ReturnCode":"0","SubjectDomainName":"DANSDESKTOP","SubjectLogonId":"0x4c0db","SubjectUserName":"danfe","SubjectUserSid":"S-1-5-21-1680856076-1700718083-3477311726-1001","TargetName":"NordPass/split_Features11","Type":"1"},"System":{"Channel":"Security","Computer":"dansDesktop","Correlation":{},"EventID":"5379","EventRecordID":"8314493","Execution":{"ProcessID":"1128","ThreadID":"62588"},"Keywords":"0x8020000000000000","Level":"0","Opcode":"0","Provider":{"Guid":"{54849625-5478-4994-a5ba-3e3b0328c30d}","Name":"Microsoft-Windows-Security-Auditing"},"Security":{"UserID":""},"Task":"13824","TimeCreated":{"SystemTime":"2024-12-31T18:12:38.0394910Z"},"Version":"0"}}},"level":"0","message":"","computer":"dansDesktop"}}}
2024/12/31 18:12:39 SendRequest Config - URL: http://localhost:8080/api/v1/logs, Method: POST
2024/12/31 18:12:39 API Request Config - URL: http://localhost:8080/api/v1/logs, Method: POST
2024/12/31 18:12:39 Sending request to http://localhost:8080/api/v1/logs: {"timestamp":"2024-12-31T12:12:39.0885555-06:00","agent_id":"1234567890","agent_name":"jarvis-agent-windows","source":"windows_logs","type":"event","level":"Unknown","message":"dansDesktop","data":{"event":{"channel":"Security","event_data":{"Event":{"EventData":{"ClientProcessId":"14928","CountOfCredentialsReturned":"1","ProcessCreationTime":"2024-12-16T14:59:56.2501338Z","ReadOperation":"%%8099","ReturnCode":"0","SubjectDomainName":"DANSDESKTOP","SubjectLogonId":"0x4c0db","SubjectUserName":"danfe","SubjectUserSid":"S-1-5-21-1680856076-1700718083-3477311726-1001","TargetName":"NordPass/split_Features12","Type":"1"},"System":{"Channel":"Security","Computer":"dansDesktop","Correlation":{},"EventID":"5379","EventRecordID":"8314494","Execution":{"ProcessID":"1128","ThreadID":"62588"},"Keywords":"0x8020000000000000","Level":"0","Opcode":"0","Provider":{"Guid":"{54849625-5478-4994-a5ba-3e3b0328c30d}","Name":"Microsoft-Windows-Security-Auditing"},"Security":{"UserID":""},"Task":"13824","TimeCreated":{"SystemTime":"2024-12-31T18:12:38.0396321Z"},"Version":"0"}}},"level":"0","message":"","computer":"dansDesktop"}}}
2024/12/31 18:12:39 SendRequest Config - URL: http://localhost:8080/api/v1/logs, Method: POST
2024/12/31 18:12:39 API Request Config - URL: http://localhost:8080/api/v1/logs, Method: POST
2024/12/31 18:12:39 Sending request to http://localhost:8080/api/v1/logs: {"timestamp":"2024-12-31T12:12:38.7429401-06:00","agent_id":"1234567890","agent_name":"jarvis-agent-windows","source":"system_monitor","type":"metrics","level":"info","message":"System metrics collected","data":{"cpu":{"usage_percent":[58.46153846153847,1.5873015873015872,1.5873015873015872,9.523809523809524,0,0,0,9.523809523809524],"count":8},"memory":{"total":16996769792,"used":12262006784,"free":4734763008,"usage_percent":72}}}
2024/12/31 18:12:39 SendRequest Config - URL: http://localhost:8080/api/v1/logs, Method: POST
2024/12/31 18:12:39 API Request Config - URL: http://localhost:8080/api/v1/logs, Method: POST
2024/12/31 18:12:39 Sending request to http://localhost:8080/api/v1/logs: {"timestamp":"2024-12-31T12:12:38.7429401-06:00","cpu":{"usage_percent":[58.46153846153847,1.5873015873015872,1.5873015873015872,9.523809523809524,0,0,0,9.523809523809524],"count":8},"memory":{"total":16996769792,"used":12262006784,"free":4734763008,"usage_percent":72},"network":{"bytes_sent":2374764866,"bytes_recv":17836777812,"packets_sent":7893965,"packets_recv":16760508},"temperature":[{"sensor_key":"ACPI\\ThermalZone\\TZ00_0","temperature":27.85},