2024/12/31 17:44:40 Starting Jarvis Agent...
2024/12/31 17:44:44 SendRequest Config - URL: http://localhost:8080/api/v1/logs, Method: POST
2024/12/31 17:44:44 API Request Config - URL: http://localhost:8080/api/v1/logs, Method: POST
2024/12/31 17:44:44 Sending request to http://localhost:8080/api/v1/logs: {"name":"wuauserv","status":"Stopped","timestamp":"2024-12-31T11:44:44.141268-06:00"}
2024/12/31 17:44:44 SendRequest Config - URL: http://localhost:8080/api/v1/logs, Method: POST
2024/12/31 17:44:44 API Request Config - URL: http://localhost:8080/api/v1/logs, Method: POST
2024/12/31 17:44:44 Sending request to http://localhost:8080/api/v1/logs: {"name":"EventLog","status":"Running","timestamp":"2024-12-31T11:44:44.1418988-06:00"}
2024/12/31 17:44:45 SendRequest Config - URL: http://localhost:8080/api/v1/logs, Method: POST
2024/12/31 17:44:45 API Request Config - URL: http://localhost:8080/api/v1/logs, Method: POST
2024/12/31 17:44:45 Sending request to http://localhost:8080/api/v1/logs: {"timestamp":"2024-12-31T11:44:44.140951-06:00","agent_id":"1234567890","agent_name":"jarvis-agent-windows","source":"system_monitor","type":"metrics","level":"info","message":"System metrics collected","data":{"cpu":{"usage_percent":[1.5625,7.8125,21.875,18.75,0,1.5625,0,32.8125],"count":8},"memory":{"total":16996769792,"used":12155559936,"free":4841209856,"usage_percent":71}}}
2024/12/31 17:44:45 SendRequest Config - URL: http://localhost:8080/api/v1/logs, Method: POST
2024/12/31 17:44:45 API Request Config - URL: http://localhost:8080/api/v1/logs, Method: POST
2024/12/31 17:44:45 Sending request to http://localhost:8080/api/v1/logs: {"timestamp":"2024-12-31T11:44:44.140951-06:00","cpu":{"usage_percent":[1.5625,7.8125,21.875,18.75,0,1.5625,0,32.8125],"count":8},"memory":{"total":16996769792,"used":12155559936,"free":4841209856,"usage_percent":71},"network":{"bytes_sent":2337273784,"bytes_recv":17746495166,"packets_sent":7867562,"packets_recv":16679666},"temperature":[{"sensor_key":"ACPI\\ThermalZone\\TZ00_0","temperature":27.85},{"sensor_key":"ACPI\\ThermalZone\\TZ01_0","temperature":29.85}]}
2024/12/31 17:44:48 SendRequest Config - URL: http://localhost:8080/api/v1/logs, Method: POST
2024/12/31 17:44:48 API Request Config - URL: http://localhost:8080/api/v1/logs, Method: POST
2024/12/31 17:44:48 Sending request to http://localhost:8080/api/v1/logs: {"name":"wuauserv","status":"Stopped","timestamp":"2024-12-31T11:44:48.1413754-06:00"}
2024/12/31 17:44:48 SendRequest Config - URL: http://localhost:8080/api/v1/logs, Method: POST
2024/12/31 17:44:48 API Request Config - URL: http://localhost:8080/api/v1/logs, Method: POST
2024/12/31 17:44:48 Sending request to http://localhost:8080/api/v1/logs: {"name":"EventLog","status":"Running","timestamp":"2024-12-31T11:44:48.1419504-06:00"}
2024/12/31 17:44:49 SendRequest Config - URL: http://localhost:8080/api/v1/logs, Method: POST
2024/12/31 17:44:49 API Request Config - URL: http://localhost:8080/api/v1/logs, Method: POST
2024/12/31 17:44:49 Sending request to http://localhost:8080/api/v1/logs: {"timestamp":"2024-12-31T11:44:48.1407755-06:00","agent_id":"1234567890","agent_name":"jarvis-agent-windows","source":"system_monitor","type":"metrics","level":"info","message":"System metrics collected","data":{"cpu":{"usage_percent":[29.6875,3.125,14.0625,1.5625,10.9375,0,3.125,31.25],"count":8},"memory":{"total":16996769792,"used":12162174976,"free":4834594816,"usage_percent":71}}}
2024/12/31 17:44:49 SendRequest Config - URL: http://localhost:8080/api/v1/logs, Method: POST
2024/12/31 17:44:49 API Request Config - URL: http://localhost:8080/api/v1/logs, Method: POST
2024/12/31 17:44:49 Sending request to http://localhost:8080/api/v1/logs: {"timestamp":"2024-12-31T11:44:48.1407755-06:00","cpu":{"usage_percent":[29.6875,3.125,14.0625,1.5625,10.9375,0,3.125,31.25],"count":8},"memory":{"total":16996769792,"used":12162174976,"free":4834594816,"usage_percent":71},"network":{"bytes_sent":2337275462,"bytes_recv":17746497182,"packets_sent":7867580,"packets_recv":16679686},"temperature":[{"sensor_key":"ACPI\\ThermalZone\\TZ00_0","temperature":27.85},{"sensor_key":"ACPI\\ThermalZone\\TZ01_0","temperature":29.85}]}
2024/12/31 17:44:52 SendRequest Config - URL: http://localhost:8080/api/v1/logs, Method: POST
2024/12/31 17:44:52 API Request Config - URL: http://localhost:8080/api/v1/logs, Method: POST
2024/12/31 17:44:52 Sending request to http://localhost:8080/api/v1/logs: {"name":"wuauserv","status":"Stopped","timestamp":"2024-12-31T11:44:52.1416648-06:00"}
2024/12/31 17:44:52 SendRequest Config - URL: http://localhost:8080/api/v1/logs, Method: POST
2024/12/31 17:44:52 API Request Config - URL: http://localhost:8080/api/v1/logs, Method: POST
2024/12/31 17:44:52 Sending request to http://localhost:8080/api/v1/logs: {"name":"EventLog","status":"Running","timestamp":"2024-12-31T11:44:52.1422254-06:00"}
2024/12/31 17:44:53 SendRequest Config - URL: http://localhost:8080/api/v1/logs, Method: POST
2024/12/31 17:44:53 API Request Config - URL: http://localhost:8080/api/v1/logs, Method: POST
2024/12/31 17:44:53 Sending request to http://localhost:8080/api/v1/logs: {"timestamp":"2024-12-31T11:44:52.1408459-06:00","agent_id":"1234567890","agent_name":"jarvis-agent-windows","source":"system_monitor","type":"metrics","level":"info","message":"System metrics collected","data":{"cpu":{"usage_percent":[43.07692307692308,18.461538461538463,14.0625,1.5625,7.8125,0,0,4.6875],"count":8},"memory":{"total":16996769792,"used":12162744320,"free":4834025472,"usage_percent":71}}}
2024/12/31 17:44:53 SendRequest Config - URL: http://localhost:8080/api/v1/logs, Method: POST
2024/12/31 17:44:53 API Request Config - URL: http://localhost:8080/api/v1/logs, Method: POST
2024/12/31 17:44:53 Sending request to http://localhost:8080/api/v1/logs: {"timestamp":"2024-12-31T11:44:52.1408459-06:00","cpu":{"usage_percent":[43.07692307692308,18.461538461538463,14.0625,1.5625,7.8125,0,0,4.6875],"count":8},"memory":{"total":16996769792,"used":12162744320,"free":4834025472,"usage_percent":71},"network":{"bytes_sent":2337275735,"bytes_recv":17746497743,"packets_sent":7867584,"packets_recv":16679690},"temperature":[{"sensor_key":"ACPI\\ThermalZone\\TZ00_0","temperature":27.85},{"sensor_key":"ACPI\\ThermalZone\\TZ01_0","temperature":29.85}]}
2024/12/31 17:44:56 SendRequest Config - URL: http://localhost:8080/api/v1/logs, Method: POST
2024/12/31 17:44:56 API Request Config - URL: http://localhost:8080/api/v1/logs, Method: POST
2024/12/31 17:44:56 Sending request to http://localhost:8080/api/v1/logs: {"name":"wuauserv","status":"Stopped","timestamp":"2024-12-31T11:44:56.1410379-06:00"}
2024/12/31 17:44:56 SendRequest Config - URL: http://localhost:8080/api/v1/logs, Method: POST
2024/12/31 17:44:56 API Request Config - URL: http://localhost:8080/api/v1/logs, Method: POST
2024/12/31 17:44:56 Sending request to http://localhost:8080/api/v1/logs: {"name":"EventLog","status":"Running","timestamp":"2024-12-31T11:44:56.1420614-06:00"}
2024/12/31 17:44:57 SendRequest Config - URL: http://localhost:8080/api/v1/logs, Method: POST
2024/12/31 17:44:57 API Request Config - URL: http://localhost:8080/api/v1/logs, Method: POST
2024/12/31 17:44:57 Sending request to http://localhost:8080/api/v1/logs: {"timestamp":"2024-12-31T11:44:56.1410379-06:00","agent_id":"1234567890","agent_name":"jarvis-agent-windows","source":"system_monitor","type":"metrics","level":"info","message":"System metrics collected","data":{"cpu":{"usage_percent":[29.6875,13.846153846153847,3.125,4.6875,0,0,0,21.875],"count":8},"memory":{"total":16996769792,"used":12141604864,"free":4855164928,"usage_percent":71}}}
2024/12/31 17:44:57 SendRequest Config - URL: http://localhost:8080/api/v1/logs, Method: POST
2024/12/31 17:44:57 API Request Config - URL: http://localhost:8080/api/v1/logs, Method: POST
2024/12/31 17:44:57 Sending request to http://localhost:8080/api/v1/logs: {"timestamp":"2024-12-31T11:44:56.1410379-06:00","cpu":{"usage_percent":[29.6875,13.846153846153847,3.125,4.6875,0,0,0,21.875],"count":8},"memory":{"total":16996769792,"used":12141604864,"free":4855164928,"usage_percent":71},"network":{"bytes_sent":2337290005,"bytes_recv":17746515232,"packets_sent":7867628,"packets_recv":16679740},"temperature":[{"sensor_key":"ACPI\\ThermalZone\\TZ00_0","temperature":27.85},{"sensor_key":"ACPI\\ThermalZone\\TZ01_0","temperature":29.85}]}
2024/12/31 17:45:00 SendRequest Config - URL: http://localhost:8080/api/v1/logs, Method: POST
2024/12/31 17:45:00 API Request Config - URL: http://localhost:8080/api/v1/logs, Method: POST
2024/12/31 17:45:00 Sending request to http://localhost:8080/api/v1/logs: {"name":"wuauserv","status":"Stopped","timestamp":"2024-12-31T11:45:00.141164-06:00"}
2024/12/31 17:45:00 SendRequest Config - URL: http://localhost:8080/api/v1/logs, Method: POST
2024/12/31 17:45:00 API Request Config - URL: http://localhost:8080/api/v1/logs, Method: POST
2024/12/31 17:45:00 Sending request to http://localhost:8080/api/v1/logs: {"name":"EventLog","status":"Running","timestamp":"2024-12-31T11:45:00.1414521-06:00"}
2024/12/31 17:45:01 SendRequest Config - URL: http://localhost:8080/api/v1/logs, Method: POST
2024/12/31 17:45:01 API Request Config - URL: http://localhost:8080/api/v1/logs, Method: POST
2024/12/31 17:45:01 Sending request to http://localhost:8080/api/v1/logs: {"timestamp":"2024-12-31T11:45:00.1410378-06:00","agent_id":"1234567890","agent_name":"jarvis-agent-windows","source":"system_monitor","type":"metrics","level":"info","message":"System metrics collected","data":{"cpu":{"usage_percent":[0,0,0,40.625,0,0,35.9375,3.125],"count":8},"memory":{"total":16996769792,"used":12147834880,"free":4848934912,"usage_percent":71}}}
2024/12/31 17:45:01 SendRequest Config - URL: http://localhost:8080/api/v1/logs, Method: POST
2024/12/31 17:45:01 API Request Config - URL: http://localhost:8080/api/v1/logs, Method: POST
2024/12/31 17:45:01 Sending request to http://localhost:8080/api/v1/logs: {"timestamp":"2024-12-31T11:45:00.1410378-06:00","cpu":{"usage_percent":[0,0,0,40.625,0,0,35.9375,3.125],"count":8},"memory":{"total":16996769792,"used":12147834880,"free":4848934912,"usage_percent":71},"network":{"bytes_sent":2337296974,"bytes_recv":17746541125,"packets_sent":7867673,"packets_recv":16679796},"temperature":[{"sensor_key":"ACPI\\ThermalZone\\TZ00_0","temperature":27.85},{"sensor_key":"ACPI\\ThermalZone\\TZ01_0","temperature":29.85}]}
2024/12/31 17:45:04 SendRequest Config - URL: http://localhost:8080/api/v1/logs, Method: POST
2024/12/31 17:45:04 API Request Config - URL: http://localhost:8080/api/v1/logs, Method: POST
2024/12/31 17:45:04 Sending request to http://localhost:8080/api/v1/logs: {"name":"wuauserv","status":"Stopped","timestamp":"2024-12-31T11:45:04.1417005-06:00"}
2024/12/31 17:45:04 SendRequest Config - URL: http://localhost:8080/api/v1/logs, Method: POST
2024/12/31 17:45:04 API Request Config - URL: http://localhost:8080/api/v1/logs, Method: POST
2024/12/31 17:45:04 Sending request to http://localhost:8080/api/v1/logs: {"name":"EventLog","status":"Running","timestamp":"2024-12-31T11:45:04.1419066-06:00"}
2024/12/31 17:45:05 SendRequest Config - URL: http://localhost:8080/api/v1/logs, Method: POST
2024/12/31 17:45:05 API Request Config - URL: http://localhost:8080/api/v1/logs, Method: POST
2024/12/31 17:45:05 Sending request to http://localhost:8080/api/v1/logs: {"timestamp":"2024-12-31T11:45:04.1410203-06:00","agent_id":"1234567890","agent_name":"jarvis-agent-windows","source":"system_monitor","type":"metrics","level":"info","message":"System metrics collected","data":{"cpu":{"usage_percent":[71.875,7.8125,0,1.5625,0,0,0,1.5625],"count":8},"memory":{"total":16996769792,"used":12152143872,"free":4844625920,"usage_percent":71}}}
2024/12/31 17:45:05 SendRequest Config - URL: http://localhost:8080/api/v1/logs, Method: POST
2024/12/31 17:45:05 API Request Config - URL: http://localhost:8080/api/v1/logs, Method: POST
2024/12/31 17:45:05 Sending request to http://localhost:8080/api/v1/logs: {"timestamp":"2024-12-31T11:45:04.1410203-06:00","cpu":{"usage_percent":[71.875,7.8125,0,1.5625,0,0,0,1.5625],"count":8},"memory":{"total":16996769792,"used":12152143872,"free":4844625920,"usage_percent":71},"network":{"bytes_sent":2337301900,"bytes_recv":17746547439,"packets_sent":7867695,"packets_recv":16679821},"temperature":[{"sensor_key":"ACPI\\ThermalZone\\TZ00_0","temperature":27.85},{"sensor_key":"ACPI\\ThermalZone\\TZ01_0","temperature":29.85}]}
2024/12/31 17:45:08 SendRequest Config - URL: http://localhost:8080/api/v1/logs, Method: POST
2024/12/31 17:45:08 API Request Config - URL: http://localhost:8080/api/v1/logs, Method: POST
2024/12/31 17:45:08 Sending request to http://localhost:8080/api/v1/logs: {"name":"wuauserv","status":"Stopped","timestamp":"2024-12-31T11:45:08.1416328-06:00"}
2024/12/31 17:45:08 SendRequest Config - URL: http://localhost:8080/api/v1/logs, Method: POST
2024/12/31 17:45:08 API Request Config - URL: http://localhost:8080/api/v1/logs, Method: POST
2024/12/31 17:45:08 Sending request to http://localhost:8080/api/v1/logs: {"name":"EventLog","status":"Running","timestamp":"2024-12-31T11:45:08.1433148-06:00"}
2024/12/31 17:45:09 SendRequest Config - URL: http://localhost:8080/api/v1/logs, Method: POST
2024/12/31 17:45:09 API Request Config - URL: http://localhost:8080/api/v1/logs, Method: POST
2024/12/31 17:45:09 Sending request to http://localhost:8080/api/v1/logs: {"timestamp":"2024-12-31T11:45:08.1410408-06:00","agent_id":"1234567890","agent_name":"jarvis-agent-windows","source":"system_monitor","type":"metrics","level":"info","message":"System metrics collected","data":{"cpu":{"usage_percent":[12.5,4.6875,0,3.125,15.625,0,0,48.4375],"count":8},"memory":{"total":16996769792,"used":12190543872,"free":4806225920,"usage_percent":71}}}
2024/12/31 17:45:09 SendRequest Config - URL: http://localhost:8080/api/v1/logs, Method: POST
2024/12/31 17:45:09 API Request Config - URL: http://localhost:8080/api/v1/logs, Method: POST
2024/12/31 17:45:09 Sending request to http://localhost:8080/api/v1/logs: {"timestamp":"2024-12-31T11:45:08.1410408-06:00","cpu":{"usage_percent":[12.5,4.6875,0,3.125,15.625,0,0,48.4375],"count":8},"memory":{"total":16996769792,"used":12190543872,"free":4806225920,"usage_percent":71},"network":{"bytes_sent":2337302245,"bytes_recv":17746548285,"packets_sent":7867700,"packets_recv":16679828},"temperature":[{"sensor_key":"ACPI\\ThermalZone\\TZ00_0","temperature":27.85},{"sensor_key":"ACPI\\ThermalZone\\TZ01_0","temperature":29.85}]}
2024/12/31 17:45:10 SendRequest Config - URL: http://localhost:8080/api/v1/logs, Method: POST
2024/12/31 17:45:10 API Request Config - URL: http://localhost:8080/api/v1/logs, Method: POST
2024/12/31 17:45:10 Sending request to http://localhost:8080/api/v1/logs: {"url":"https://www.google.com","status":"Up","status_code":200,"timestamp":"2024-12-31T11:45:10.3074595-06:00","response_time":166744900}
2024/12/31 17:45:10 SendRequest Config - URL: http://localhost:8080/api/v1/logs, Method: POST
2024/12/31 17:45:10 API Request Config - URL: http://localhost:8080/api/v1/logs, Method: POST
2024/12/31 17:45:10 Sending request to http://localhost:8080/api/v1/logs: {"url":"https://www.github.com","status":"Up","status_code":200,"timestamp":"2024-12-31T11:45:10.5259163-06:00","response_time":385201700}
2024/12/31 17:45:12 SendRequest Config - URL: http://localhost:8080/api/v1/logs, Method: POST
2024/12/31 17:45:12 API Request Config - URL: http://localhost:8080/api/v1/logs, Method: POST
2024/12/31 17:45:12 Sending request to http://localhost:8080/api/v1/logs: {"name":"wuauserv","status":"Stopped","timestamp":"2024-12-31T11:45:12.1415194-06:00"}
2024/12/31 17:45:12 SendRequest Config - URL: http://localhost:8080/api/v1/logs, Method: POST
2024/12/31 17:45:12 API Request Config - URL: http://localhost:8080/api/v1/logs, Method: POST
2024/12/31 17:45:12 Sending request to http://localhost:8080/api/v1/logs: {"name":"EventLog","status":"Running","timestamp":"2024-12-31T11:45:12.1428302-06:00"}
2024/12/31 17:45:13 SendRequest Config - URL: http://localhost:8080/api/v1/logs, Method: POST
2024/12/31 17:45:13 API Request Config - URL: http://localhost:8080/api/v1/logs, Method: POST
2024/12/31 17:45:13 Sending request to http://localhost:8080/api/v1/logs: {"timestamp":"2024-12-31T11:45:12.1409109-06:00","agent_id":"1234567890","agent_name":"jarvis-agent-windows","source":"system_monitor","type":"metrics","level":"info","message":"System metrics collected","data":{"cpu":{"usage_percent":[7.8125,4.6875,28.125,26.5625,0,0,0,10.9375],"count":8},"memory":{"total":16996769792,"used":12154634240,"free":4842135552,"usage_percent":71}}}
2024/12/31 17:45:13 SendRequest Config - URL: http://localhost:8080/api/v1/logs, Method: POST
2024/12/31 17:45:13 API Request Config - URL: http://localhost:8080/api/v1/logs, Method: POST
2024/12/31 17:45:13 Sending request to http://localhost:8080/api/v1/logs: {"timestamp":"2024-12-31T11:45:12.1409109-06:00","cpu":{"usage_percent":[7.8125,4.6875,28.125,26.5625,0,0,0,10.9375],"count":8},"memory":{"total":16996769792,"used":12154634240,"free":4842135552,"usage_percent":71},"network":{"bytes_sent":2337309544,"bytes_recv":17746602295,"packets_sent":7867736,"packets_recv":16679881},"temperature":[{"sensor_key":"ACPI\\ThermalZone\\TZ00_0","temperature":27.85},{"sensor_key":"ACPI\\ThermalZone\\TZ01_0","temperature":29.85}]}
2024/12/31 17:45:16 SendRequest Config - URL: http://localhost:8080/api/v1/logs, Method: POST
2024/12/31 17:45:16 API Request Config - URL: http://localhost:8080/api/v1/logs, Method: POST
2024/12/31 17:45:16 Sending request to http://localhost:8080/api/v1/logs: {"name":"wuauserv","status":"Stopped","timestamp":"2024-12-31T11:45:16.1414031-06:00"}
2024/12/31 17:45:16 SendRequest Config - URL: http://localhost:8080/api/v1/logs, Method: POST
2024/12/31 17:45:16 API Request Config - URL: http://localhost:8080/api/v1/logs, Method: POST
2024/12/31 17:45:16 Sending request to http://localhost:8080/api/v1/logs: {"name":"EventLog","status":"Running","timestamp":"2024-12-31T11:45:16.1421826-06:00"}
2024/12/31 17:45:17 SendRequest Config - URL: http://localhost:8080/api/v1/logs, Method: POST
2024/12/31 17:45:17 API Request Config - URL: http://localhost:8080/api/v1/logs, Method: POST
2024/12/31 17:45:17 Sending request to http://localhost:8080/api/v1/logs: {"timestamp":"2024-12-31T11:45:16.1408925-06:00","agent_id":"1234567890","agent_name":"jarvis-agent-windows","source":"system_monitor","type":"metrics","level":"info","message":"System metrics collected","data":{"cpu":{"usage_percent":[32.8125,28.125,1.5625,0,6.25,0,0,13.846153846153847],"count":8},"memory":{"total":16996769792,"used":12149469184,"free":4847300608,"usage_percent":71}}}
2024/12/31 17:45:17 SendRequest Config - URL: http://localhost:8080/api/v1/logs, Method: POST
2024/12/31 17:45:17 API Request Config - URL: http://localhost:8080/api/v1/logs, Method: POST
2024/12/31 17:45:17 Sending request to http://localhost:8080/api/v1/logs: {"timestamp":"2024-12-31T11:45:16.1408925-06:00","cpu":{"usage_percent":[32.8125,28.125,1.5625,0,6.25,0,0,13.846153846153847],"count":8},"memory":{"total":16996769792,"used":12149469184,"free":4847300608,"usage_percent":71},"network":{"bytes_sent":2337310648,"bytes_recv":17746604704,"packets_sent":7867748,"packets_recv":16679892},"temperature":[{"sensor_key":"ACPI\\ThermalZone\\TZ00_0","temperature":27.85},{"sensor_key":"ACPI\\ThermalZone\\TZ01_0","temperature":29.85}]}
2024/12/31 17:45:20 SendRequest Config - URL: http://localhost:8080/api/v1/logs, Method: POST
2024/12/31 17:45:20 API Request Config - URL: http://localhost:8080/api/v1/logs, Method: POST
2024/12/31 17:45:20 Sending request to http://localhost:8080/api/v1/logs: {"name":"wuauserv","status":"Stopped","timestamp":"2024-12-31T11:45:20.14069-06:00"}
2024/12/31 17:45:20 SendRequest Config - URL: http://localhost:8080/api/v1/logs, Method: POST
2024/12/31 17:45:20 API Request Config - URL: http://localhost:8080/api/v1/logs, Method: POST
2024/12/31 17:45:20 Sending request to http://localhost:8080/api/v1/logs: {"name":"EventLog","status":"Running","timestamp":"2024-12-31T11:45:20.1412775-06:00"}
2024/12/31 17:45:21 SendRequest Config - URL: http://localhost:8080/api/v1/logs, Method: POST
2024/12/31 17:45:21 API Request Config - URL: http://localhost:8080/api/v1/logs, Method: POST
2024/12/31 17:45:21 Sending request to http://localhost:8080/api/v1/logs: {"timestamp":"2024-12-31T11:45:20.14069-06:00","agent_id":"1234567890","agent_name":"jarvis-agent-windows","source":"system_monitor","type":"metrics","level":"info","message":"System metrics collected","data":{"cpu":{"usage_percent":[46.15384615384615,32.8125,0,0,3.125,0,0,7.8125],"count":8},"memory":{"total":16996769792,"used":12191662080,"free":4805107712,"usage_percent":71}}}
2024/12/31 17:45:21 SendRequest Config - URL: http://localhost:8080/api/v1/logs, Method: POST
2024/12/31 17:45:21 API Request Config - URL: http://localhost:8080/api/v1/logs, Method: POST
2024/12/31 17:45:21 Sending request to http://localhost:8080/api/v1/logs: {"timestamp":"2024-12-31T11:45:20.14069-06:00","cpu":{"usage_percent":[46.15384615384615,32.8125,0,0,3.125,0,0,7.8125],"count":8},"memory":{"total":16996769792,"used":12191662080,"free":4805107712,"usage_percent":71},"network":{"bytes_sent":2337311613,"bytes_recv":17746606071,"packets_sent":7867763,"packets_recv":16679908},"temperature":[{"sensor_key":"ACPI\\ThermalZone\\TZ00_0","temperature":27.85},{"sensor_key":"ACPI\\ThermalZone\\TZ01_0","temperature":29.85}]}
2024/12/31 17:45:24 SendRequest Config - URL: http://localhost:8080/api/v1/logs, Method: POST
2024/12/31 17:45:24 API Request Config - URL: http://localhost:8080/api/v1/logs, Method: POST
2024/12/31 17:45:24 Sending request to http://localhost:8080/api/v1/logs: {"name":"wuauserv","status":"Stopped","timestamp":"2024-12-31T11:45:24.1412166-06:00"}
2024/12/31 17:45:24 SendRequest Config - URL: http://localhost:8080/api/v1/logs, Method: POST
2024/12/31 17:45:24 API Request Config - URL: http://localhost:8080/api/v1/logs, Method: POST
2024/12/31 17:45:24 Sending request to http://localhost:8080/api/v1/logs: {"name":"EventLog","status":"Running","timestamp":"2024-12-31T11:45:24.141785-06:00"}
2024/12/31 17:45:25 SendRequest Config - URL: http://localhost:8080/api/v1/logs, Method: POST
2024/12/31 17:45:25 API Request Config - URL: http://localhost:8080/api/v1/logs, Method: POST
2024/12/31 17:45:25 Sending request to http://localhost:8080/api/v1/logs: {"timestamp":"2024-12-31T11:45:24.1407112-06:00","agent_id":"1234567890","agent_name":"jarvis-agent-windows","source":"system_monitor","type":"metrics","level":"info","message":"System metrics collected","data":{"cpu":{"usage_percent":[20.3125,0,9.375,20.3125,9.375,0,0,25],"count":8},"memory":{"total":16996769792,"used":12158017536,"free":4838752256,"usage_percent":71}}}
2024/12/31 17:45:25 SendRequest Config - URL: http://localhost:8080/api/v1/logs, Method: POST
2024/12/31 17:45:25 API Request Config - URL: http://localhost:8080/api/v1/logs, Method: POST
2024/12/31 17:45:25 Sending request to http://localhost:8080/api/v1/logs: {"timestamp":"2024-12-31T11:45:24.1407112-06:00","cpu":{"usage_percent":[20.3125,0,9.375,20.3125,9.375,0,0,25],"count":8},"memory":{"total":16996769792,"used":12158017536,"free":4838752256,"usage_percent":71},"network":{"bytes_sent":2337312246,"bytes_recv":17746607509,"packets_sent":7867772,"packets_recv":16679917},"temperature":[{"sensor_key":"ACPI\\ThermalZone\\TZ00_0","temperature":27.85},{"sensor_key":"ACPI\\ThermalZone\\TZ01_0","temperature":29.85}]}
2024/12/31 17:45:28 SendRequest Config - URL: http://localhost:8080/api/v1/logs, Method: POST
2024/12/31 17:45:28 API Request Config - URL: http://localhost:8080/api/v1/logs, Method: POST
2024/12/31 17:45:28 Sending request to http://localhost:8080/api/v1/logs: {"name":"wuauserv","status":"Stopped","timestamp":"2024-12-31T11:45:28.1419881-06:00"}
2024/12/31 17:45:28 SendRequest Config - URL: http://localhost:8080/api/v1/logs, Method: POST
2024/12/31 17:45:28 API Request Config - URL: http://localhost:8080/api/v1/logs, Method: POST
2024/12/31 17:45:28 Sending request to http://localhost:8080/api/v1/logs: {"name":"EventLog","status":"Running","timestamp":"2024-12-31T11:45:28.1436733-06:00"}
2024/12/31 17:45:29 SendRequest Config - URL: http://localhost:8080/api/v1/logs, Method: POST
2024/12/31 17:45:29 API Request Config - URL: http://localhost:8080/api/v1/logs, Method: POST
2024/12/31 17:45:29 Sending request to http://localhost:8080/api/v1/logs: {"timestamp":"2024-12-31T11:45:28.1410123-06:00","agent_id":"1234567890","agent_name":"jarvis-agent-windows","source":"system_monitor","type":"metrics","level":"info","message":"System metrics collected","data":{"cpu":{"usage_percent":[6.25,4.6875,9.375,6.153846153846154,4.615384615384616,49.23076923076923,6.25,29.230769230769234],"count":8},"memory":{"total":16996769792,"used":12144549888,"free":4852219904,"usage_percent":71}}}
2024/12/31 17:45:29 SendRequest Config - URL: http://localhost:8080/api/v1/logs, Method: POST
2024/12/31 17:45:29 API Request Config - URL: http://localhost:8080/api/v1/logs, Method: POST
2024/12/31 17:45:29 Sending request to http://localhost:8080/api/v1/logs: {"timestamp":"2024-12-31T11:45:28.1410123-06:00","cpu":{"usage_percent":[6.25,4.6875,9.375,6.153846153846154,4.615384615384616,49.23076923076923,6.25,29.230769230769234],"count":8},"memory":{"total":16996769792,"used":12144549888,"free":4852219904,"usage_percent":71},"network":{"bytes_sent":2337318392,"bytes_recv":17746613682,"packets_sent":7867794,"packets_recv":16679942},"temperature":[{"sensor_key":"ACPI\\ThermalZone\\TZ00_0","temperature":27.85},{"sensor_key":"ACPI\\ThermalZone\\TZ01_0","temperature":29.85}]}
2024/12/31 17:45:32 SendRequest Config - URL: http://localhost:8080/api/v1/logs, Method: POST
2024/12/31 17:45:32 API Request Config - URL: http://localhost:8080/api/v1/logs, Method: POST
2024/12/31 17:45:32 Sending request to http://localhost:8080/api/v1/logs: {"name":"wuauserv","status":"Stopped","timestamp":"2024-12-31T11:45:32.1413583-06:00"}
2024/12/31 17:45:32 SendRequest Config - URL: http://localhost:8080/api/v1/logs, Method: POST
2024/12/31 17:45:32 API Request Config - URL: http://localhost:8080/api/v1/logs, Method: POST
2024/12/31 17:45:32 Sending request to http://localhost:8080/api/v1/logs: {"name":"EventLog","status":"Running","timestamp":"2024-12-31T11:45:32.1422067-06:00"}
2024/12/31 17:45:33 SendRequest Config - URL: http://localhost:8080/api/v1/logs, Method: POST
2024/12/31 17:45:33 API Request Config - URL: http://localhost:8080/api/v1/logs, Method: POST
2024/12/31 17:45:33 Sending request to http://localhost:8080/api/v1/logs: {"timestamp":"2024-12-31T11:45:32.1406782-06:00","agent_id":"1234567890","agent_name":"jarvis-agent-windows","source":"system_monitor","type":"metrics","level":"info","message":"System metrics collected","data":{"cpu":{"usage_percent":[43.93939393939394,35.9375,0,3.125,0,3.125,9.375,4.6875],"count":8},"memory":{"total":16996769792,"used":12189200384,"free":4807569408,"usage_percent":71}}}
2024/12/31 17:45:33 SendRequest Config - URL: http://localhost:8080/api/v1/logs, Method: POST
2024/12/31 17:45:33 API Request Config - URL: http://localhost:8080/api/v1/logs, Method: POST
2024/12/31 17:45:33 Sending request to http://localhost:8080/api/v1/logs: {"timestamp":"2024-12-31T11:45:32.1406782-06:00","cpu":{"usage_percent":[43.93939393939394,35.9375,0,3.125,0,3.125,9.375,4.6875],"count":8},"memory":{"total":16996769792,"used":12189200384,"free":4807569408,"usage_percent":71},"network":{"bytes_sent":2337324958,"bytes_recv":17746629354,"packets_sent":7867831,"packets_recv":16679985},"temperature":[{"sensor_key":"ACPI\\ThermalZone\\TZ00_0","temperature":27.85},{"sensor_key":"ACPI\\ThermalZone\\TZ01_0","temperature":29.85}]}
2024/12/31 17:45:33 SendRequest Config - URL: http://localhost:8080/api/v1/logs, Method: POST
2024/12/31 17:47:47 Starting Jarvis Agent...
2024/12/31 17:47:51 SendRequest Config - URL: http://localhost:8080/api/v1/logs, Method: POST
2024/12/31 17:47:51 API Request Config - URL: http://localhost:8080/api/v1/logs, Method: POST
2024/12/31 17:47:51 Sending request to http://localhost:8080/api/v1/logs: {"name":"wuauserv","status":"Stopped","timestamp":"2024-12-31T11:47:51.7572789-06:00"}
2024/12/31 17:47:51 SendRequest Config - URL: http://localhost:8080/api/v1/logs, Method: POST
2024/12/31 17:47:51 API Request Config - URL: http://localhost:8080/api/v1/logs, Method: POST
2024/12/31 17:47:51 Sending request to http://localhost:8080/api/v1/logs: {"name":"EventLog","status":"Running","timestamp":"2024-12-31T11:47:51.7578754-06:00"}
2024/12/31 17:47:52 SendRequest Config - URL: http://localhost:8080/api/v1/logs, Method: POST
2024/12/31 17:47:52 API Request Config - URL: http://localhost:8080/api/v1/logs, Method: POST
2024/12/31 17:47:52 Sending request to http://localhost:8080/api/v1/logs: {"timestamp":"2024-12-31T11:47:51.7578754-06:00","agent_id":"1234567890","agent_name":"jarvis-agent-windows","source":"system_monitor","type":"metrics","level":"info","message":"System metrics collected","data":{"cpu":{"usage_percent":[3.125,32.8125,57.8125,3.125,9.375,23.4375,4.6875,6.25],"count":8},"memory":{"total":16996769792,"used":12608688128,"free":4388081664,"usage_percent":74}}}
2024/12/31 17:47:52 SendRequest Config - URL: http://localhost:8080/api/v1/logs, Method: POST
2024/12/31 17:47:52 API Request Config - URL: http://localhost:8080/api/v1/logs, Method: POST
2024/12/31 17:47:52 Sending request to http://localhost:8080/api/v1/logs: {"timestamp":"2024-12-31T11:47:51.7578754-06:00","cpu":{"usage_percent":[3.125,32.8125,57.8125,3.125,9.375,23.4375,4.6875,6.25],"count":8},"memory":{"total":16996769792,"used":12608688128,"free":4388081664,"usage_percent":74},"network":{"bytes_sent":2339100880,"bytes_recv":17747021536,"packets_sent":7869160,"packets_recv":16681837},"temperature":[{"sensor_key":"ACPI\\ThermalZone\\TZ00_0","temperature":27.85},{"sensor_key":"ACPI\\ThermalZone\\TZ01_0","temperature":29.85}]}
2024/12/31 17:47:55 SendRequest Config - URL: http://localhost:8080/api/v1/logs, Method: POST
2024/12/31 17:47:55 API Request Config - URL: http://localhost:8080/api/v1/logs, Method: POST
2024/12/31 17:47:55 Sending request to http://localhost:8080/api/v1/logs: {"name":"wuauserv","status":"Stopped","timestamp":"2024-12-31T11:47:55.757475-06:00"}
2024/12/31 17:47:55 SendRequest Config - URL: http://localhost:8080/api/v1/logs, Method: POST
2024/12/31 17:47:55 API Request Config - URL: http://localhost:8080/api/v1/logs, Method: POST
2024/12/31 17:47:55 Sending request to http://localhost:8080/api/v1/logs: {"name":"EventLog","status":"Running","timestamp":"2024-12-31T11:47:55.757475-06:00"}
2024/12/31 17:47:56 SendRequest Config - URL: http://localhost:8080/api/v1/logs, Method: POST
2024/12/31 17:47:56 API Request Config - URL: http://localhost:8080/api/v1/logs, Method: POST
2024/12/31 17:47:56 Sending request to http://localhost:8080/api/v1/logs: {"timestamp":"2024-12-31T11:47:55.757978-06:00","agent_id":"1234567890","agent_name":"jarvis-agent-windows","source":"system_monitor","type":"metrics","level":"info","message":"System metrics collected","data":{"cpu":{"usage_percent":[0,4.6875,3.125,3.125,4.6875,90.625,17.46031746031746,0],"count":8},"memory":{"total":16996769792,"used":12700962816,"free":4295806976,"usage_percent":74}}}
2024/12/31 17:47:56 SendRequest Config - URL: http://localhost:8080/api/v1/logs, Method: POST
2024/12/31 17:47:56 API Request Config - URL: http://localhost:8080/api/v1/logs, Method: POST
2024/12/31 17:47:56 Sending request to http://localhost:8080/api/v1/logs: {"timestamp":"2024-12-31T11:47:55.757978-06:00","cpu":{"usage_percent":[0,4.6875,3.125,3.125,4.6875,90.625,17.46031746031746,0],"count":8},"memory":{"total":16996769792,"used":12700962816,"free":4295806976,"usage_percent":74},"network":{"bytes_sent":2339101193,"bytes_recv":17747022277,"packets_sent":7869165,"packets_recv":16681844},"temperature":[{"sensor_key":"ACPI\\ThermalZone\\TZ00_0","temperature":27.85},{"sensor_key":"ACPI\\ThermalZone\\TZ01_0","temperature":29.85}]}
2024/12/31 17:47:57 SendRequest Config - URL: http://localhost:8080/api/v1/logs, Method: POST
2024/12/31 17:49:37 Starting Jarvis Agent...
2024/12/31 17:49:38 SendRequest Config - URL: http://localhost:8080/api/v1/logs, Method: POST
2024/12/31 17:49:38 API Request Config - URL: http://localhost:8080/api/v1/logs, Method: POST
2024/12/31 17:49:38 Sending request to http://localhost:8080/api/v1/logs: {"timestamp":"2024-12-31T11:49:38.8893072-06:00","agent_id":"1234567890","agent_name":"jarvis-agent-windows","source":"windows_logs","type":"event","level":"Unknown","message":"dansDesktop","data":{"event":{"channel":"Security","event_data":{"Event":{"EventData":{"ClientProcessId":"14928","CountOfCredentialsReturned":"1","ProcessCreationTime":"2024-12-16T14:59:56.2501338Z","ReadOperation":"%%8099","ReturnCode":"0","SubjectDomainName":"DANSDESKTOP","SubjectLogonId":"0x4c0db","SubjectUserName":"danfe","SubjectUserSid":"S-1-5-21-1680856076-1700718083-3477311726-1001","TargetName":"NordPass/IsCrashReportingEnabled","Type":"1"},"System":{"Channel":"Security","Computer":"dansDesktop","Correlation":{},"EventID":"5379","EventRecordID":"8313083","Execution":{"ProcessID":"1128","ThreadID":"69652"},"Keywords":"0x8020000000000000","Level":"0","Opcode":"0","Provider":{"Guid":"{54849625-5478-4994-a5ba-3e3b0328c30d}","Name":"Microsoft-Windows-Security-Auditing"},"Security":{"UserID":""},"Task":"13824","TimeCreated":{"SystemTime":"2024-12-31T17:49:37.8705337Z"},"Version":"0"}}},"level":"0","message":"","computer":"dansDesktop"}}}
2024/12/31 17:49:38 SendRequest Config - URL: http://localhost:8080/api/v1/logs, Method: POST
2024/12/31 17:49:38 API Request Config - URL: http://localhost:8080/api/v1/logs, Method: POST
2024/12/31 17:49:38 Sending request to http://localhost:8080/api/v1/logs: {"timestamp":"2024-12-31T11:49:38.891615-06:00","agent_id":"1234567890","agent_name":"jarvis-agent-windows","source":"windows_logs","type":"event","level":"Unknown","message":"dansDesktop","data":{"event":{"channel":"Security","event_data":{"Event":{"EventData":{"ClientProcessId":"14928","CountOfCredentialsReturned":"1","ProcessCreationTime":"2024-12-16T14:59:56.2501338Z","ReadOperation":"%%8099","ReturnCode":"0","SubjectDomainName":"DANSDESKTOP","SubjectLogonId":"0x4c0db","SubjectUserName":"danfe","SubjectUserSid":"S-1-5-21-1680856076-1700718083-3477311726-1001","TargetName":"NordPass/Upsell","Type":"1"},"System":{"Channel":"Security","Computer":"dansDesktop","Correlation":{},"EventID":"5379","EventRecordID":"8313084","Execution":{"ProcessID":"1128","ThreadID":"70756"},"Keywords":"0x8020000000000000","Level":"0","Opcode":"0","Provider":{"Guid":"{54849625-5478-4994-a5ba-3e3b0328c30d}","Name":"Microsoft-Windows-Security-Auditing"},"Security":{"UserID":""},"Task":"13824","TimeCreated":{"SystemTime":"2024-12-31T17:49:37.8705862Z"},"Version":"0"}}},"level":"0","message":"","computer":"dansDesktop"}}}
2024/12/31 17:49:38 SendRequest Config - URL: http://localhost:8080/api/v1/logs, Method: POST
2024/12/31 17:49:38 API Request Config - URL: http://localhost:8080/api/v1/logs, Method: POST
2024/12/31 17:49:38 Sending request to http://localhost:8080/api/v1/logs: {"timestamp":"2024-12-31T11:49:38.8937333-06:00","agent_id":"1234567890","agent_name":"jarvis-agent-windows","source":"windows_logs","type":"event","level":"Unknown","message":"dansDesktop","data":{"event":{"channel":"Security","event_data":{"Event":{"EventData":{"ClientProcessId":"14928","CountOfCredentialsReturned":"1","ProcessCreationTime":"2024-12-16T14:59:56.2501338Z","ReadOperation":"%%8099","ReturnCode":"0","SubjectDomainName":"DANSDESKTOP","SubjectLogonId":"0x4c0db","SubjectUserName":"danfe","SubjectUserSid":"S-1-5-21-1680856076-1700718083-3477311726-1001","TargetName":"NordPass/PasswordGenerator","Type":"1"},"System":{"Channel":"Security","Computer":"dansDesktop","Correlation":{},"EventID":"5379","EventRecordID":"8313085","Execution":{"ProcessID":"1128","ThreadID":"70732"},"Keywords":"0x8020000000000000","Level":"0","Opcode":"0","Provider":{"Guid":"{54849625-5478-4994-a5ba-3e3b0328c30d}","Name":"Microsoft-Windows-Security-Auditing"},"Security":{"UserID":""},"Task":"13824","TimeCreated":{"SystemTime":"2024-12-31T17:49:37.8706211Z"},"Version":"0"}}},"level":"0","message":"","computer":"dansDesktop"}}}
2024/12/31 17:49:38 SendRequest Config - URL: http://localhost:8080/api/v1/logs, Method: POST
2024/12/31 17:49:38 API Request Config - URL: http://localhost:8080/api/v1/logs, Method: POST
2024/12/31 17:49:38 Sending request to http://localhost:8080/api/v1/logs: {"timestamp":"2024-12-31T11:49:38.8948264-06:00","agent_id":"1234567890","agent_name":"jarvis-agent-windows","source":"windows_logs","type":"event","level":"Unknown","message":"dansDesktop","data":{"event":{"channel":"Security","event_data":{"Event":{"EventData":{"ClientProcessId":"14928","CountOfCredentialsReturned":"1","ProcessCreationTime":"2024-12-16T14:59:56.2501338Z","ReadOperation":"%%8099","ReturnCode":"0","SubjectDomainName":"DANSDESKTOP","SubjectLogonId":"0x4c0db","SubjectUserName":"danfe","SubjectUserSid":"S-1-5-21-1680856076-1700718083-3477311726-1001","TargetName":"NordPass/RecoveryCodeInfo","Type":"1"},"System":{"Channel":"Security","Computer":"dansDesktop","Correlation":{},"EventID":"5379","EventRecordID":"8313086","Execution":{"ProcessID":"1128","ThreadID":"69696"},"Keywords":"0x8020000000000000","Level":"0","Opcode":"0","Provider":{"Guid":"{54849625-5478-4994-a5ba-3e3b0328c30d}","Name":"Microsoft-Windows-Security-Auditing"},"Security":{"UserID":""},"Task":"13824","TimeCreated":{"SystemTime":"2024-12-31T17:49:37.8706443Z"},"Version":"0"}}},"level":"0","message":"","computer":"dansDesktop"}}}
2024/12/31 17:49:38 SendRequest Config - URL: http://localhost:8080/api/v1/logs, Method: POST
2024/12/31 17:49:38 API Request Config - URL: http://localhost:8080/api/v1/logs, Method: POST
2024/12/31 17:49:38 Sending request to http://localhost:8080/api/v1/logs: {"timestamp":"2024-12-31T11:49:38.8963748-06:00","agent_id":"1234567890","agent_name":"jarvis-agent-windows","source":"windows_logs","type":"event","level":"Unknown","message":"dansDesktop","data":{"event":{"channel":"Security","event_data":{"Event":{"EventData":{"ClientProcessId":"14928","CountOfCredentialsReturned":"1","ProcessCreationTime":"2024-12-16T14:59:56.2501338Z","ReadOperation":"%%8099","ReturnCode":"0","SubjectDomainName":"DANSDESKTOP","SubjectLogonId":"0x4c0db","SubjectUserName":"danfe","SubjectUserSid":"S-1-5-21-1680856076-1700718083-3477311726-1001","TargetName":"NordPass/VaultState","Type":"1"},"System":{"Channel":"Security","Computer":"dansDesktop","Correlation":{},"EventID":"5379","EventRecordID":"8313087","Execution":{"ProcessID":"1128","ThreadID":"69652"},"Keywords":"0x8020000000000000","Level":"0","Opcode":"0","Provider":{"Guid":"{54849625-5478-4994-a5ba-3e3b0328c30d}","Name":"Microsoft-Windows-Security-Auditing"},"Security":{"UserID":""},"Task":"13824","TimeCreated":{"SystemTime":"2024-12-31T17:49:37.8706624Z"},"Version":"0"}}},"level":"0","message":"","computer":"dansDesktop"}}}
2024/12/31 17:49:38 SendRequest Config - URL: http://localhost:8080/api/v1/logs, Method: POST
2024/12/31 17:49:38 API Request Config - URL: http://localhost:8080/api/v1/logs, Method: POST
2024/12/31 17:49:38 Sending request to http://localhost:8080/api/v1/logs: {"timestamp":"2024-12-31T11:49:38.8974024-06:00","agent_id":"1234567890","agent_name":"jarvis-agent-windows","source":"windows_logs","type":"event","level":"Unknown","message":"dansDesktop","data":{"event":{"channel":"Security","event_data":{"Event":{"EventData":{"ClientProcessId":"14928","CountOfCredentialsReturned":"1","ProcessCreationTime":"2024-12-16T14:59:56.2501338Z","ReadOperation":"%%8099","ReturnCode":"0","SubjectDomainName":"DANSDESKTOP","SubjectLogonId":"0x4c0db","SubjectUserName":"danfe","SubjectUserSid":"S-1-5-21-1680856076-1700718083-3477311726-1001","TargetName":"NordPass/WebInstallerTrackingEvents","Type":"1"},"System":{"Channel":"Security","Computer":"dansDesktop","Correlation":{},"EventID":"5379","EventRecordID":"8313088","Execution":{"ProcessID":"1128","ThreadID":"70756"},"Keywords":"0x8020000000000000","Level":"0","Opcode":"0","Provider":{"Guid":"{54849625-5478-4994-a5ba-3e3b0328c30d}","Name":"Microsoft-Windows-Security-Auditing"},"Security":{"UserID":""},"Task":"13824","TimeCreated":{"SystemTime":"2024-12-31T17:49:37.8706901Z"},"Version":"0"}}},"level":"0","message":"","computer":"dansDesktop"}}}
2024/12/31 17:49:38 SendRequest Config - URL: http://localhost:8080/api/v1/logs, Method: POST
2024/12/31 17:49:38 API Request Config - URL: http://localhost:8080/api/v1/logs, Method: POST
2024/12/31 17:49:38 Sending request to http://localhost:8080/api/v1/logs: {"timestamp":"2024-12-31T11:49:38.8984334-06:00","agent_id":"1234567890","agent_name":"jarvis-agent-windows","source":"windows_logs","type":"event","level":"Unknown","message":"dansDesktop","data":{"event":{"channel":"Security","event_data":{"Event":{"EventData":{"ClientProcessId":"14928","CountOfCredentialsReturned":"1","ProcessCreationTime":"2024-12-16T14:59:56.2501338Z","ReadOperation":"%%8099","ReturnCode":"0","SubjectDomainName":"DANSDESKTOP","SubjectLogonId":"0x4c0db","SubjectUserName":"danfe","SubjectUserSid":"S-1-5-21-1680856076-1700718083-3477311726-1001","TargetName":"NordPass/HasNeverLoggedIn","Type":"1"},"System":{"Channel":"Security","Computer":"dansDesktop","Correlation":{},"EventID":"5379","EventRecordID":"8313089","Execution":{"ProcessID":"1128","ThreadID":"69696"},"Keywords":"0x8020000000000000","Level":"0","Opcode":"0","Provider":{"Guid":"{54849625-5478-4994-a5ba-3e3b0328c30d}","Name":"Microsoft-Windows-Security-Auditing"},"Security":{"UserID":""},"Task":"13824","TimeCreated":{"SystemTime":"2024-12-31T17:49:37.8707056Z"},"Version":"0"}}},"level":"0","message":"","computer":"dansDesktop"}}}
2024/12/31 17:49:38 SendRequest Config - URL: http://localhost:8080/api/v1/logs, Method: POST
2024/12/31 17:49:38 API Request Config - URL: http://localhost:8080/api/v1/logs, Method: POST
2024/12/31 17:49:38 Sending request to http://localhost:8080/api/v1/logs: {"timestamp":"2024-12-31T11:49:38.8989501-06:00","agent_id":"1234567890","agent_name":"jarvis-agent-windows","source":"windows_logs","type":"event","level":"Unknown","message":"dansDesktop","data":{"event":{"channel":"Security","event_data":{"Event":{"EventData":{"ClientProcessId":"14928","CountOfCredentialsReturned":"1","ProcessCreationTime":"2024-12-16T14:59:56.2501338Z","ReadOperation":"%%8099","ReturnCode":"0","SubjectDomainName":"DANSDESKTOP","SubjectLogonId":"0x4c0db","SubjectUserName":"danfe","SubjectUserSid":"S-1-5-21-1680856076-1700718083-3477311726-1001","TargetName":"NordPass/IsFirstStart","Type":"1"},"System":{"Channel":"Security","Computer":"dansDesktop","Correlation":{},"EventID":"5379","EventRecordID":"8313090","Execution":{"ProcessID":"1128","ThreadID":"69652"},"Keywords":"0x8020000000000000","Level":"0","Opcode":"0","Provider":{"Guid":"{54849625-5478-4994-a5ba-3e3b0328c30d}","Name":"Microsoft-Windows-Security-Auditing"},"Security":{"UserID":""},"Task":"13824","TimeCreated":{"SystemTime":"2024-12-31T17:49:37.8707256Z"},"Version":"0"}}},"level":"0","message":"","computer":"dansDesktop"}}}
2024/12/31 17:49:38 SendRequest Config - URL: http://localhost:8080/api/v1/logs, Method: POST
2024/12/31 17:49:38 API Request Config - URL: http://localhost:8080/api/v1/logs, Method: POST
2024/12/31 17:49:38 Sending request to http://localhost:8080/api/v1/logs: {"timestamp":"2024-12-31T11:49:38.9000071-06:00","agent_id":"1234567890","agent_name":"jarvis-agent-windows","source":"windows_logs","type":"event","level":"Unknown","message":"dansDesktop","data":{"event":{"channel":"Security","event_data":{"Event":{"EventData":{"ClientProcessId":"14928","CountOfCredentialsReturned":"1","ProcessCreationTime":"2024-12-16T14:59:56.2501338Z","ReadOperation":"%%8099","ReturnCode":"0","SubjectDomainName":"DANSDESKTOP","SubjectLogonId":"0x4c0db","SubjectUserName":"danfe","SubjectUserSid":"S-1-5-21-1680856076-1700718083-3477311726-1001","TargetName":"NordPass/SendActionsTimeRemaining","Type":"1"},"System":{"Channel":"Security","Computer":"dansDesktop","Correlation":{},"EventID":"5379","EventRecordID":"8313091","Execution":{"ProcessID":"1128","ThreadID":"70732"},"Keywords":"0x8020000000000000","Level":"0","Opcode":"0","Provider":{"Guid":"{54849625-5478-4994-a5ba-3e3b0328c30d}","Name":"Microsoft-Windows-Security-Auditing"},"Security":{"UserID":""},"Task":"13824","TimeCreated":{"SystemTime":"2024-12-31T17:49:37.8707411Z"},"Version":"0"}}},"level":"0","message":"","computer":"dansDesktop"}}}
2024/12/31 17:49:38 SendRequest Config - URL: http://localhost:8080/api/v1/logs, Method: POST
2024/12/31 17:49:38 API Request Config - URL: http://localhost:8080/api/v1/logs, Method: POST
2024/12/31 17:49:38 Sending request to http://localhost:8080/api/v1/logs: {"timestamp":"2024-12-31T11:49:38.9018205-06:00","agent_id":"1234567890","agent_name":"jarvis-agent-windows","source":"windows_logs","type":"event","level":"Unknown","message":"dansDesktop","data":{"event":{"channel":"Security","event_data":{"Event":{"EventData":{"ClientProcessId":"14928","CountOfCredentialsReturned":"1","ProcessCreationTime":"2024-12-16T14:59:56.2501338Z","ReadOperation":"%%8099","ReturnCode":"0","SubjectDomainName":"DANSDESKTOP","SubjectLogonId":"0x4c0db","SubjectUserName":"danfe","SubjectUserSid":"S-1-5-21-1680856076-1700718083-3477311726-1001","TargetName":"NordPass/IsAutoStartTrial","Type":"1"},"System":{"Channel":"Security","Computer":"dansDesktop","Correlation":{},"EventID":"5379","EventRecordID":"8313092","Execution":{"ProcessID":"1128","ThreadID":"69696"},"Keywords":"0x8020000000000000","Level":"0","Opcode":"0","Provider":{"Guid":"{54849625-5478-4994-a5ba-3e3b0328c30d}","Name":"Microsoft-Windows-Security-Auditing"},"Security":{"UserID":""},"Task":"13824","TimeCreated":{"SystemTime":"2024-12-31T17:49:37.8707913Z"},"Version":"0"}}},"level":"0","message":"","computer":"dansDesktop"}}}
2024/12/31 17:49:38 SendRequest Config - URL: http://localhost:8080/api/v1/logs, Method: POST
2024/12/31 17:49:38 API Request Config - URL: http://localhost:8080/api/v1/logs, Method: POST
2024/12/31 17:49:38 Sending request to http://localhost:8080/api/v1/logs: {"timestamp":"2024-12-31T11:49:38.9026338-06:00","agent_id":"1234567890","agent_name":"jarvis-agent-windows","source":"windows_logs","type":"event","level":"Unknown","message":"dansDesktop","data":{"event":{"channel":"Security","event_data":{"Event":{"EventData":{"ClientProcessId":"14928","CountOfCredentialsReturned":"1","ProcessCreationTime":"2024-12-16T14:59:56.2501338Z","ReadOperation":"%%8099","ReturnCode":"0","SubjectDomainName":"DANSDESKTOP","SubjectLogonId":"0x4c0db","SubjectUserName":"danfe","SubjectUserSid":"S-1-5-21-1680856076-1700718083-3477311726-1001","TargetName":"NordPass/SidebarState","Type":"1"},"System":{"Channel":"Security","Computer":"dansDesktop","Correlation":{},"EventID":"5379","EventRecordID":"8313093","Execution":{"ProcessID":"1128","ThreadID":"70732"},"Keywords":"0x8020000000000000","Level":"0","Opcode":"0","Provider":{"Guid":"{54849625-5478-4994-a5ba-3e3b0328c30d}","Name":"Microsoft-Windows-Security-Auditing"},"Security":{"UserID":""},"Task":"13824","TimeCreated":{"SystemTime":"2024-12-31T17:49:37.8708096Z"},"Version":"0"}}},"level":"0","message":"","computer":"dansDesktop"}}}
2024/12/31 17:49:38 SendRequest Config - URL: http://localhost:8080/api/v1/logs, Method: POST
2024/12/31 17:49:38 API Request Config - URL: http://localhost:8080/api/v1/logs, Method: POST
2024/12/31 17:49:38 Sending request to http://localhost:8080/api/v1/logs: {"timestamp":"2024-12-31T11:49:38.9042812-06:00","agent_id":"1234567890","agent_name":"jarvis-agent-windows","source":"windows_logs","type":"event","level":"Unknown","message":"dansDesktop","data":{"event":{"channel":"Security","event_data":{"Event":{"EventData":{"ClientProcessId":"14928","CountOfCredentialsReturned":"1","ProcessCreationTime":"2024-12-16T14:59:56.2501338Z","ReadOperation":"%%8099","ReturnCode":"0","SubjectDomainName":"DANSDESKTOP","SubjectLogonId":"0x4c0db","SubjectUserName":"danfe","SubjectUserSid":"S-1-5-21-1680856076-1700718083-3477311726-1001","TargetName":"NordPass/MiscData","Type":"1"},"System":{"Channel":"Security","Computer":"dansDesktop","Correlation":{},"EventID":"5379","EventRecordID":"8313094","Execution":{"ProcessID":"1128","ThreadID":"70756"},"Keywords":"0x8020000000000000","Level":"0","Opcode":"0","Provider":{"Guid":"{54849625-5478-4994-a5ba-3e3b0328c30d}","Name":"Microsoft-Windows-Security-Auditing"},"Security":{"UserID":""},"Task":"13824","TimeCreated":{"SystemTime":"2024-12-31T17:49:37.8708282Z"},"Version":"0"}}},"level":"0","message":"","computer":"dansDesktop"}}}
