2024/12/31 18:01:38 SendRequest Config - URL: http://localhost:8080/api/v1/logs, Method: POST
2024/12/31 18:01:38 API Request Config - URL: http://localhost:8080/api/v1/logs, Method: POST
2024/12/31 18:01:38 Sending request to http://localhost:8080/api/v1/logs: {"timestamp":"2024-12-31T12:01:38.9660792-06:00","agent_id":"1234567890","agent_name":"jarvis-agent-windows","source":"windows_logs","type":"event","level":"Unknown","message":"dansDesktop","data":{"event":{"channel":"Security","event_data":{"Event":{"EventData":{"ClientProcessId":"14928","CountOfCredentialsReturned":"1","ProcessCreationTime":"2024-12-16T14:59:56.2501338Z","ReadOperation":"%%8099","ReturnCode":"0","SubjectDomainName":"DANSDESKTOP","SubjectLogonId":"0x4c0db","SubjectUserName":"danfe","SubjectUserSid":"S-1-5-21-1680856076-1700718083-3477311726-1001","TargetName":"NordPass/CompletedAutolockTileUserIds","Type":"1"},"System":{"Channel":"Security","Computer":"dansDesktop","Correlation":{},"EventID":"5379","EventRecordID":"8313783","Execution":{"ProcessID":"1128","ThreadID":"70760"},"Keywords":"0x8020000000000000","Level":"0","Opcode":"0","Provider":{"Guid":"{54849625-5478-4994-a5ba-3e3b0328c30d}","Name":"Microsoft-Windows-Security-Auditing"},"Security":{"UserID":""},"Task":"13824","TimeCreated":{"SystemTime":"2024-12-31T18:01:37.9434890Z"},"Version":"0"}}},"level":"0","message":"","computer":"dansDesktop"}}}
2024/12/31 18:01:38 SendRequest Config - URL: http://localhost:8080/api/v1/logs, Method: POST
2024/12/31 18:01:38 API Request Config - URL: http://localhost:8080/api/v1/logs, Method: POST
2024/12/31 18:01:38 Sending request to http://localhost:8080/api/v1/logs: {"timestamp":"2024-12-31T12:01:38.9671232-06:00","agent_id":"1234567890","agent_name":"jarvis-agent-windows","source":"windows_logs","type":"event","level":"Unknown","message":"dansDesktop","data":{"event":{"channel":"Security","event_data":{"Event":{"EventData":{"ClientProcessId":"14928","CountOfCredentialsReturned":"1","ProcessCreationTime":"2024-12-16T14:59:56.2501338Z","ReadOperation":"%%8099","ReturnCode":"0","SubjectDomainName":"DANSDESKTOP","SubjectLogonId":"0x4c0db","SubjectUserName":"danfe","SubjectUserSid":"S-1-5-21-1680856076-1700718083-3477311726-1001","TargetName":"NordPass/ClipboardClearingTime","Type":"1"},"System":{"Channel":"Security","Computer":"dansDesktop","Correlation":{},"EventID":"5379","EventRecordID":"8313784","Execution":{"ProcessID":"1128","ThreadID":"72460"},"Keywords":"0x8020000000000000","Level":"0","Opcode":"0","Provider":{"Guid":"{54849625-5478-4994-a5ba-3e3b0328c30d}","Name":"Microsoft-Windows-Security-Auditing"},"Security":{"UserID":""},"Task":"13824","TimeCreated":{"SystemTime":"2024-12-31T18:01:37.9435214Z"},"Version":"0"}}},"level":"0","message":"","computer":"dansDesktop"}}}
2024/12/31 18:01:38 SendRequest Config - URL: http://localhost:8080/api/v1/logs, Method: POST
2024/12/31 18:01:38 API Request Config - URL: http://localhost:8080/api/v1/logs, Method: POST
2024/12/31 18:01:38 Sending request to http://localhost:8080/api/v1/logs: {"timestamp":"2024-12-31T12:01:38.9681607-06:00","agent_id":"1234567890","agent_name":"jarvis-agent-windows","source":"windows_logs","type":"event","level":"Unknown","message":"dansDesktop","data":{"event":{"channel":"Security","event_data":{"Event":{"EventData":{"ClientProcessId":"14928","CountOfCredentialsReturned":"1","ProcessCreationTime":"2024-12-16T14:59:56.2501338Z","ReadOperation":"%%8099","ReturnCode":"0","SubjectDomainName":"DANSDESKTOP","SubjectLogonId":"0x4c0db","SubjectUserName":"danfe","SubjectUserSid":"S-1-5-21-1680856076-1700718083-3477311726-1001","TargetName":"NordPass/CompletedBiometricsTileUserIds","Type":"1"},"System":{"Channel":"Security","Computer":"dansDesktop","Correlation":{},"EventID":"5379","EventRecordID":"8313785","Execution":{"ProcessID":"1128","ThreadID":"69652"},"Keywords":"0x8020000000000000","Level":"0","Opcode":"0","Provider":{"Guid":"{54849625-5478-4994-a5ba-3e3b0328c30d}","Name":"Microsoft-Windows-Security-Auditing"},"Security":{"UserID":""},"Task":"13824","TimeCreated":{"SystemTime":"2024-12-31T18:01:37.9435409Z"},"Version":"0"}}},"level":"0","message":"","computer":"dansDesktop"}}}
2024/12/31 18:01:38 SendRequest Config - URL: http://localhost:8080/api/v1/logs, Method: POST
2024/12/31 18:01:38 API Request Config - URL: http://localhost:8080/api/v1/logs, Method: POST
2024/12/31 18:01:38 Sending request to http://localhost:8080/api/v1/logs: {"timestamp":"2024-12-31T12:01:38.969221-06:00","agent_id":"1234567890","agent_name":"jarvis-agent-windows","source":"windows_logs","type":"event","level":"Unknown","message":"dansDesktop","data":{"event":{"channel":"Security","event_data":{"Event":{"EventData":{"ClientProcessId":"14928","CountOfCredentialsReturned":"1","ProcessCreationTime":"2024-12-16T14:59:56.2501338Z","ReadOperation":"%%8099","ReturnCode":"0","SubjectDomainName":"DANSDESKTOP","SubjectLogonId":"0x4c0db","SubjectUserName":"danfe","SubjectUserSid":"S-1-5-21-1680856076-1700718083-3477311726-1001","TargetName":"NordPass/SeenNotifications","Type":"1"},"System":{"Channel":"Security","Computer":"dansDesktop","Correlation":{},"EventID":"5379","EventRecordID":"8313786","Execution":{"ProcessID":"1128","ThreadID":"70732"},"Keywords":"0x8020000000000000","Level":"0","Opcode":"0","Provider":{"Guid":"{54849625-5478-4994-a5ba-3e3b0328c30d}","Name":"Microsoft-Windows-Security-Auditing"},"Security":{"UserID":""},"Task":"13824","TimeCreated":{"SystemTime":"2024-12-31T18:01:37.9435679Z"},"Version":"0"}}},"level":"0","message":"","computer":"dansDesktop"}}}
2024/12/31 18:01:38 SendRequest Config - URL: http://localhost:8080/api/v1/logs, Method: POST
2024/12/31 18:01:38 API Request Config - URL: http://localhost:8080/api/v1/logs, Method: POST
2024/12/31 18:01:38 Sending request to http://localhost:8080/api/v1/logs: {"timestamp":"2024-12-31T12:01:38.969774-06:00","agent_id":"1234567890","agent_name":"jarvis-agent-windows","source":"windows_logs","type":"event","level":"Unknown","message":"dansDesktop","data":{"event":{"channel":"Security","event_data":{"Event":{"EventData":{"ClientProcessId":"14928","CountOfCredentialsReturned":"1","ProcessCreationTime":"2024-12-16T14:59:56.2501338Z","ReadOperation":"%%8099","ReturnCode":"0","SubjectDomainName":"DANSDESKTOP","SubjectLogonId":"0x4c0db","SubjectUserName":"danfe","SubjectUserSid":"S-1-5-21-1680856076-1700718083-3477311726-1001","TargetName":"NordPass/ShouldHideMaskFAQUserIds","Type":"1"},"System":{"Channel":"Security","Computer":"dansDesktop","Correlation":{},"EventID":"5379","EventRecordID":"8313787","Execution":{"ProcessID":"1128","ThreadID":"70760"},"Keywords":"0x8020000000000000","Level":"0","Opcode":"0","Provider":{"Guid":"{54849625-5478-4994-a5ba-3e3b0328c30d}","Name":"Microsoft-Windows-Security-Auditing"},"Security":{"UserID":""},"Task":"13824","TimeCreated":{"SystemTime":"2024-12-31T18:01:37.9435804Z"},"Version":"0"}}},"level":"0","message":"","computer":"dansDesktop"}}}
2024/12/31 18:01:38 SendRequest Config - URL: http://localhost:8080/api/v1/logs, Method: POST
2024/12/31 18:01:38 API Request Config - URL: http://localhost:8080/api/v1/logs, Method: POST
2024/12/31 18:01:38 Sending request to http://localhost:8080/api/v1/logs: {"timestamp":"2024-12-31T12:01:38.9708116-06:00","agent_id":"1234567890","agent_name":"jarvis-agent-windows","source":"windows_logs","type":"event","level":"Unknown","message":"dansDesktop","data":{"event":{"channel":"Security","event_data":{"Event":{"EventData":{"ClientProcessId":"14928","CountOfCredentialsReturned":"1","ProcessCreationTime":"2024-12-16T14:59:56.2501338Z","ReadOperation":"%%8099","ReturnCode":"0","SubjectDomainName":"DANSDESKTOP","SubjectLogonId":"0x4c0db","SubjectUserName":"danfe","SubjectUserSid":"S-1-5-21-1680856076-1700718083-3477311726-1001","TargetName":"NordPass/DisplayFilter","Type":"1"},"System":{"Channel":"Security","Computer":"dansDesktop","Correlation":{},"EventID":"5379","EventRecordID":"8313788","Execution":{"ProcessID":"1128","ThreadID":"72460"},"Keywords":"0x8020000000000000","Level":"0","Opcode":"0","Provider":{"Guid":"{54849625-5478-4994-a5ba-3e3b0328c30d}","Name":"Microsoft-Windows-Security-Auditing"},"Security":{"UserID":""},"Task":"13824","TimeCreated":{"SystemTime":"2024-12-31T18:01:37.9436229Z"},"Version":"0"}}},"level":"0","message":"","computer":"dansDesktop"}}}
2024/12/31 18:01:38 SendRequest Config - URL: http://localhost:8080/api/v1/logs, Method: POST
2024/12/31 18:01:38 API Request Config - URL: http://localhost:8080/api/v1/logs, Method: POST
2024/12/31 18:01:38 Sending request to http://localhost:8080/api/v1/logs: {"timestamp":"2024-12-31T12:01:38.9718456-06:00","agent_id":"1234567890","agent_name":"jarvis-agent-windows","source":"windows_logs","type":"event","level":"Unknown","message":"dansDesktop","data":{"event":{"channel":"Security","event_data":{"Event":{"EventData":{"ClientProcessId":"14928","CountOfCredentialsReturned":"1","ProcessCreationTime":"2024-12-16T14:59:56.2501338Z","ReadOperation":"%%8099","ReturnCode":"0","SubjectDomainName":"DANSDESKTOP","SubjectLogonId":"0x4c0db","SubjectUserName":"danfe","SubjectUserSid":"S-1-5-21-1680856076-1700718083-3477311726-1001","TargetName":"NordPass/PasskeysBannerDismissedDomainsByUserId","Type":"1"},"System":{"Channel":"Security","Computer":"dansDesktop","Correlation":{},"EventID":"5379","EventRecordID":"8313789","Execution":{"ProcessID":"1128","ThreadID":"69652"},"Keywords":"0x8020000000000000","Level":"0","Opcode":"0","Provider":{"Guid":"{54849625-5478-4994-a5ba-3e3b0328c30d}","Name":"Microsoft-Windows-Security-Auditing"},"Security":{"UserID":""},"Task":"13824","TimeCreated":{"SystemTime":"2024-12-31T18:01:37.9436372Z"},"Version":"0"}}},"level":"0","message":"","computer":"dansDesktop"}}}
2024/12/31 18:01:38 SendRequest Config - URL: http://localhost:8080/api/v1/logs, Method: POST
2024/12/31 18:01:38 API Request Config - URL: http://localhost:8080/api/v1/logs, Method: POST
2024/12/31 18:01:38 Sending request to http://localhost:8080/api/v1/logs: {"timestamp":"2024-12-31T12:01:38.9728781-06:00","agent_id":"1234567890","agent_name":"jarvis-agent-windows","source":"windows_logs","type":"event","level":"Unknown","message":"dansDesktop","data":{"event":{"channel":"Security","event_data":{"Event":{"EventData":{"ClientProcessId":"14928","CountOfCredentialsReturned":"1","ProcessCreationTime":"2024-12-16T14:59:56.2501338Z","ReadOperation":"%%8099","ReturnCode":"0","SubjectDomainName":"DANSDESKTOP","SubjectLogonId":"0x4c0db","SubjectUserName":"danfe","SubjectUserSid":"S-1-5-21-1680856076-1700718083-3477311726-1001","TargetName":"NordPass/isWelcomeToStandaloneIntroShown","Type":"1"},"System":{"Channel":"Security","Computer":"dansDesktop","Correlation":{},"EventID":"5379","EventRecordID":"8313790","Execution":{"ProcessID":"1128","ThreadID":"70732"},"Keywords":"0x8020000000000000","Level":"0","Opcode":"0","Provider":{"Guid":"{54849625-5478-4994-a5ba-3e3b0328c30d}","Name":"Microsoft-Windows-Security-Auditing"},"Security":{"UserID":""},"Task":"13824","TimeCreated":{"SystemTime":"2024-12-31T18:01:37.9436528Z"},"Version":"0"}}},"level":"0","message":"","computer":"dansDesktop"}}}
2024/12/31 18:01:38 SendRequest Config - URL: http://localhost:8080/api/v1/logs, Method: POST
2024/12/31 18:01:38 API Request Config - URL: http://localhost:8080/api/v1/logs, Method: POST
2024/12/31 18:01:38 Sending request to http://localhost:8080/api/v1/logs: {"timestamp":"2024-12-31T12:01:38.9740032-06:00","agent_id":"1234567890","agent_name":"jarvis-agent-windows","source":"windows_logs","type":"event","level":"Unknown","message":"dansDesktop","data":{"event":{"channel":"Security","event_data":{"Event":{"EventData":{"ClientProcessId":"14928","CountOfCredentialsReturned":"1","ProcessCreationTime":"2024-12-16T14:59:56.2501338Z","ReadOperation":"%%8099","ReturnCode":"0","SubjectDomainName":"DANSDESKTOP","SubjectLogonId":"0x4c0db","SubjectUserName":"danfe","SubjectUserSid":"S-1-5-21-1680856076-1700718083-3477311726-1001","TargetName":"NordPass/LatestVersionInstalledAt","Type":"1"},"System":{"Channel":"Security","Computer":"dansDesktop","Correlation":{},"EventID":"5379","EventRecordID":"8313791","Execution":{"ProcessID":"1128","ThreadID":"70760"},"Keywords":"0x8020000000000000","Level":"0","Opcode":"0","Provider":{"Guid":"{54849625-5478-4994-a5ba-3e3b0328c30d}","Name":"Microsoft-Windows-Security-Auditing"},"Security":{"UserID":""},"Task":"13824","TimeCreated":{"SystemTime":"2024-12-31T18:01:37.9436672Z"},"Version":"0"}}},"level":"0","message":"","computer":"dansDesktop"}}}
2024/12/31 18:01:38 SendRequest Config - URL: http://localhost:8080/api/v1/logs, Method: POST
2024/12/31 18:01:38 API Request Config - URL: http://localhost:8080/api/v1/logs, Method: POST
2024/12/31 18:01:38 Sending request to http://localhost:8080/api/v1/logs: {"timestamp":"2024-12-31T12:01:38.9755729-06:00","agent_id":"1234567890","agent_name":"jarvis-agent-windows","source":"windows_logs","type":"event","level":"Unknown","message":"dansDesktop","data":{"event":{"channel":"Security","event_data":{"Event":{"EventData":{"ClientProcessId":"14928","CountOfCredentialsReturned":"1","ProcessCreationTime":"2024-12-16T14:59:56.2501338Z","ReadOperation":"%%8099","ReturnCode":"0","SubjectDomainName":"DANSDESKTOP","SubjectLogonId":"0x4c0db","SubjectUserName":"danfe","SubjectUserSid":"S-1-5-21-1680856076-1700718083-3477311726-1001","TargetName":"NordPass/isFullAppViewIntroShown","Type":"1"},"System":{"Channel":"Security","Computer":"dansDesktop","Correlation":{},"EventID":"5379","EventRecordID":"8313792","Execution":{"ProcessID":"1128","ThreadID":"69652"},"Keywords":"0x8020000000000000","Level":"0","Opcode":"0","Provider":{"Guid":"{54849625-5478-4994-a5ba-3e3b0328c30d}","Name":"Microsoft-Windows-Security-Auditing"},"Security":{"UserID":""},"Task":"13824","TimeCreated":{"SystemTime":"2024-12-31T18:01:37.9436920Z"},"Version":"0"}}},"level":"0","message":"","computer":"dansDesktop"}}}
2024/12/31 18:01:38 SendRequest Config - URL: http://localhost:8080/api/v1/logs, Method: POST
2024/12/31 18:01:38 API Request Config - URL: http://localhost:8080/api/v1/logs, Method: POST
2024/12/31 18:01:38 Sending request to http://localhost:8080/api/v1/logs: {"timestamp":"2024-12-31T12:01:38.9771545-06:00","agent_id":"1234567890","agent_name":"jarvis-agent-windows","source":"windows_logs","type":"event","level":"Unknown","message":"dansDesktop","data":{"event":{"channel":"Security","event_data":{"Event":{"EventData":{"ClientProcessId":"14928","CountOfCredentialsReturned":"1","ProcessCreationTime":"2024-12-16T14:59:56.2501338Z","ReadOperation":"%%8099","ReturnCode":"0","SubjectDomainName":"DANSDESKTOP","SubjectLogonId":"0x4c0db","SubjectUserName":"danfe","SubjectUserSid":"S-1-5-21-1680856076-1700718083-3477311726-1001","TargetName":"NordPass/Features","Type":"1"},"System":{"Channel":"Security","Computer":"dansDesktop","Correlation":{},"EventID":"5379","EventRecordID":"8313793","Execution":{"ProcessID":"1128","ThreadID":"70732"},"Keywords":"0x8020000000000000","Level":"0","Opcode":"0","Provider":{"Guid":"{54849625-5478-4994-a5ba-3e3b0328c30d}","Name":"Microsoft-Windows-Security-Auditing"},"Security":{"UserID":""},"Task":"13824","TimeCreated":{"SystemTime":"2024-12-31T18:01:37.9437330Z"},"Version":"0"}}},"level":"0","message":"","computer":"dansDesktop"}}}
2024/12/31 18:01:38 SendRequest Config - URL: http://localhost:8080/api/v1/logs, Method: POST
2024/12/31 18:01:38 API Request Config - URL: http://localhost:8080/api/v1/logs, Method: POST
2024/12/31 18:01:38 Sending request to http://localhost:8080/api/v1/logs: {"timestamp":"2024-12-31T12:01:38.9784382-06:00","agent_id":"1234567890","agent_name":"jarvis-agent-windows","source":"windows_logs","type":"event","level":"Unknown","message":"dansDesktop","data":{"event":{"channel":"Security","event_data":{"Event":{"EventData":{"ClientProcessId":"14928","CountOfCredentialsReturned":"1","ProcessCreationTime":"2024-12-16T14:59:56.2501338Z","ReadOperation":"%%8099","ReturnCode":"0","SubjectDomainName":"DANSDESKTOP","SubjectLogonId":"0x4c0db","SubjectUserName":"danfe","SubjectUserSid":"S-1-5-21-1680856076-1700718083-3477311726-1001","TargetName":"NordPass/SubscriptionData","Type":"1"},"System":{"Channel":"Security","Computer":"dansDesktop","Correlation":{},"EventID":"5379","EventRecordID":"8313794","Execution":{"ProcessID":"1128","ThreadID":"70760"},"Keywords":"0x8020000000000000","Level":"0","Opcode":"0","Provider":{"Guid":"{54849625-5478-4994-a5ba-3e3b0328c30d}","Name":"Microsoft-Windows-Security-Auditing"},"Security":{"UserID":""},"Task":"13824","TimeCreated":{"SystemTime":"2024-12-31T18:01:37.9437519Z"},"Version":"0"}}},"level":"0","message":"","computer":"dansDesktop"}}}
2024/12/31 18:01:38 SendRequest Config - URL: http://localhost:8080/api/v1/logs, Method: POST
2024/12/31 18:01:38 API Request Config - URL: http://localhost:8080/api/v1/logs, Method: POST
2024/12/31 18:01:38 Sending request to http://localhost:8080/api/v1/logs: {"timestamp":"2024-12-31T12:01:38.9800081-06:00","agent_id":"1234567890","agent_name":"jarvis-agent-windows","source":"windows_logs","type":"event","level":"Unknown","message":"dansDesktop","data":{"event":{"channel":"Security","event_data":{"Event":{"EventData":{"ClientProcessId":"14928","CountOfCredentialsReturned":"1","ProcessCreationTime":"2024-12-16T14:59:56.2501338Z","ReadOperation":"%%8099","ReturnCode":"0","SubjectDomainName":"DANSDESKTOP","SubjectLogonId":"0x4c0db","SubjectUserName":"danfe","SubjectUserSid":"S-1-5-21-1680856076-1700718083-3477311726-1001","TargetName":"NordPass/HasBeenUpdated","Type":"1"},"System":{"Channel":"Security","Computer":"dansDesktop","Correlation":{},"EventID":"5379","EventRecordID":"8313795","Execution":{"ProcessID":"1128","ThreadID":"72460"},"Keywords":"0x8020000000000000","Level":"0","Opcode":"0","Provider":{"Guid":"{54849625-5478-4994-a5ba-3e3b0328c30d}","Name":"Microsoft-Windows-Security-Auditing"},"Security":{"UserID":""},"Task":"13824","TimeCreated":{"SystemTime":"2024-12-31T18:01:37.9437684Z"},"Version":"0"}}},"level":"0","message":"","computer":"dansDesktop"}}}
2024/12/31 18:01:38 SendRequest Config - URL: http://localhost:8080/api/v1/logs, Method: POST
2024/12/31 18:01:38 API Request Config - URL: http://localhost:8080/api/v1/logs, Method: POST
2024/12/31 18:01:38 Sending request to http://localhost:8080/api/v1/logs: {"timestamp":"2024-12-31T12:01:38.9816153-06:00","agent_id":"1234567890","agent_name":"jarvis-agent-windows","source":"windows_logs","type":"event","level":"Unknown","message":"dansDesktop","data":{"event":{"channel":"Security","event_data":{"Event":{"EventData":{"ClientProcessId":"14928","CountOfCredentialsReturned":"1","ProcessCreationTime":"2024-12-16T14:59:56.2501338Z","ReadOperation":"%%8099","ReturnCode":"3221226021","SubjectDomainName":"DANSDESKTOP","SubjectLogonId":"0x4c0db","SubjectUserName":"danfe","SubjectUserSid":"S-1-5-21-1680856076-1700718083-3477311726-1001","TargetName":"NordPass/AutoLock-","Type":"1"},"System":{"Channel":"Security","Computer":"dansDesktop","Correlation":{},"EventID":"5379","EventRecordID":"8313796","Execution":{"ProcessID":"1128","ThreadID":"69652"},"Keywords":"0x8020000000000000","Level":"0","Opcode":"0","Provider":{"Guid":"{54849625-5478-4994-a5ba-3e3b0328c30d}","Name":"Microsoft-Windows-Security-Auditing"},"Security":{"UserID":""},"Task":"13824","TimeCreated":{"SystemTime":"2024-12-31T18:01:37.9437773Z"},"Version":"0"}}},"level":"0","message":"","computer":"dansDesktop"}}}
2024/12/31 18:01:38 SendRequest Config - URL: http://localhost:8080/api/v1/logs, Method: POST
2024/12/31 18:01:38 API Request Config - URL: http://localhost:8080/api/v1/logs, Method: POST
2024/12/31 18:01:38 Sending request to http://localhost:8080/api/v1/logs: {"timestamp":"2024-12-31T12:01:38.9827029-06:00","agent_id":"1234567890","agent_name":"jarvis-agent-windows","source":"windows_logs","type":"event","level":"Unknown","message":"dansDesktop","data":{"event":{"channel":"Security","event_data":{"Event":{"EventData":{"ClientProcessId":"14928","CountOfCredentialsReturned":"1","ProcessCreationTime":"2024-12-16T14:59:56.2501338Z","ReadOperation":"%%8099","ReturnCode":"0","SubjectDomainName":"DANSDESKTOP","SubjectLogonId":"0x4c0db","SubjectUserName":"danfe","SubjectUserSid":"S-1-5-21-1680856076-1700718083-3477311726-1001","TargetName":"NordPass/InstallTime","Type":"1"},"System":{"Channel":"Security","Computer":"dansDesktop","Correlation":{},"EventID":"5379","EventRecordID":"8313797","Execution":{"ProcessID":"1128","ThreadID":"70760"},"Keywords":"0x8020000000000000","Level":"0","Opcode":"0","Provider":{"Guid":"{54849625-5478-4994-a5ba-3e3b0328c30d}","Name":"Microsoft-Windows-Security-Auditing"},"Security":{"UserID":""},"Task":"13824","TimeCreated":{"SystemTime":"2024-12-31T18:01:37.9438426Z"},"Version":"0"}}},"level":"0","message":"","computer":"dansDesktop"}}}
2024/12/31 18:01:38 SendRequest Config - URL: http://localhost:8080/api/v1/logs, Method: POST
2024/12/31 18:01:38 API Request Config - URL: http://localhost:8080/api/v1/logs, Method: POST
2024/12/31 18:01:38 Sending request to http://localhost:8080/api/v1/logs: {"timestamp":"2024-12-31T12:01:38.9837492-06:00","agent_id":"1234567890","agent_name":"jarvis-agent-windows","source":"windows_logs","type":"event","level":"Unknown","message":"dansDesktop","data":{"event":{"channel":"Security","event_data":{"Event":{"EventData":{"ClientProcessId":"14928","CountOfCredentialsReturned":"1","ProcessCreationTime":"2024-12-16T14:59:56.2501338Z","ReadOperation":"%%8099","ReturnCode":"0","SubjectDomainName":"DANSDESKTOP","SubjectLogonId":"0x4c0db","SubjectUserName":"danfe","SubjectUserSid":"S-1-5-21-1680856076-1700718083-3477311726-1001","TargetName":"NordPass/StartHidden","Type":"1"},"System":{"Channel":"Security","Computer":"dansDesktop","Correlation":{},"EventID":"5379","EventRecordID":"8313798","Execution":{"ProcessID":"1128","ThreadID":"69652"},"Keywords":"0x8020000000000000","Level":"0","Opcode":"0","Provider":{"Guid":"{54849625-5478-4994-a5ba-3e3b0328c30d}","Name":"Microsoft-Windows-Security-Auditing"},"Security":{"UserID":""},"Task":"13824","TimeCreated":{"SystemTime":"2024-12-31T18:01:37.9438967Z"},"Version":"0"}}},"level":"0","message":"","computer":"dansDesktop"}}}
2024/12/31 18:01:38 SendRequest Config - URL: http://localhost:8080/api/v1/logs, Method: POST
2024/12/31 18:01:38 API Request Config - URL: http://localhost:8080/api/v1/logs, Method: POST
2024/12/31 18:01:38 Sending request to http://localhost:8080/api/v1/logs: {"timestamp":"2024-12-31T12:01:38.984823-06:00","agent_id":"1234567890","agent_name":"jarvis-agent-windows","source":"windows_logs","type":"event","level":"Unknown","message":"dansDesktop","data":{"event":{"channel":"Security","event_data":{"Event":{"EventData":{"ClientProcessId":"14928","CountOfCredentialsReturned":"1","ProcessCreationTime":"2024-12-16T14:59:56.2501338Z","ReadOperation":"%%8099","ReturnCode":"0","SubjectDomainName":"DANSDESKTOP","SubjectLogonId":"0x4c0db","SubjectUserName":"danfe","SubjectUserSid":"S-1-5-21-1680856076-1700718083-3477311726-1001","TargetName":"NordPass/ShouldOpenOnLogin","Type":"1"},"System":{"Channel":"Security","Computer":"dansDesktop","Correlation":{},"EventID":"5379","EventRecordID":"8313799","Execution":{"ProcessID":"1128","ThreadID":"70760"},"Keywords":"0x8020000000000000","Level":"0","Opcode":"0","Provider":{"Guid":"{54849625-5478-4994-a5ba-3e3b0328c30d}","Name":"Microsoft-Windows-Security-Auditing"},"Security":{"UserID":""},"Task":"13824","TimeCreated":{"SystemTime":"2024-12-31T18:01:37.9439150Z"},"Version":"0"}}},"level":"0","message":"","computer":"dansDesktop"}}}
2024/12/31 18:01:38 SendRequest Config - URL: http://localhost:8080/api/v1/logs, Method: POST
2024/12/31 18:01:38 API Request Config - URL: http://localhost:8080/api/v1/logs, Method: POST
2024/12/31 18:01:38 Sending request to http://localhost:8080/api/v1/logs: {"timestamp":"2024-12-31T12:01:38.9858584-06:00","agent_id":"1234567890","agent_name":"jarvis-agent-windows","source":"windows_logs","type":"event","level":"Unknown","message":"dansDesktop","data":{"event":{"channel":"Security","event_data":{"Event":{"EventData":{"ClientProcessId":"14928","CountOfCredentialsReturned":"1","ProcessCreationTime":"2024-12-16T14:59:56.2501338Z","ReadOperation":"%%8099","ReturnCode":"0","SubjectDomainName":"DANSDESKTOP","SubjectLogonId":"0x4c0db","SubjectUserName":"danfe","SubjectUserSid":"S-1-5-21-1680856076-1700718083-3477311726-1001","TargetName":"NordPass/ConnectedBrowsers","Type":"1"},"System":{"Channel":"Security","Computer":"dansDesktop","Correlation":{},"EventID":"5379","EventRecordID":"8313800","Execution":{"ProcessID":"1128","ThreadID":"72460"},"Keywords":"0x8020000000000000","Level":"0","Opcode":"0","Provider":{"Guid":"{54849625-5478-4994-a5ba-3e3b0328c30d}","Name":"Microsoft-Windows-Security-Auditing"},"Security":{"UserID":""},"Task":"13824","TimeCreated":{"SystemTime":"2024-12-31T18:01:37.9439393Z"},"Version":"0"}}},"level":"0","message":"","computer":"dansDesktop"}}}
2024/12/31 18:01:38 SendRequest Config - URL: http://localhost:8080/api/v1/logs, Method: POST
2024/12/31 18:01:38 API Request Config - URL: http://localhost:8080/api/v1/logs, Method: POST
2024/12/31 18:01:38 Sending request to http://localhost:8080/api/v1/logs: {"timestamp":"2024-12-31T12:01:38.9868957-06:00","agent_id":"1234567890","agent_name":"jarvis-agent-windows","source":"windows_logs","type":"event","level":"Unknown","message":"dansDesktop","data":{"event":{"channel":"Security","event_data":{"Event":{"EventData":{"ClientProcessId":"14928","CountOfCredentialsReturned":"1","ProcessCreationTime":"2024-12-16T14:59:56.2501338Z","ReadOperation":"%%8099","ReturnCode":"0","SubjectDomainName":"DANSDESKTOP","SubjectLogonId":"0x4c0db","SubjectUserName":"danfe","SubjectUserSid":"S-1-5-21-1680856076-1700718083-3477311726-1001","TargetName":"NordPass/WindowState","Type":"1"},"System":{"Channel":"Security","Computer":"dansDesktop","Correlation":{},"EventID":"5379","EventRecordID":"8313801","Execution":{"ProcessID":"1128","ThreadID":"70732"},"Keywords":"0x8020000000000000","Level":"0","Opcode":"0","Provider":{"Guid":"{54849625-5478-4994-a5ba-3e3b0328c30d}","Name":"Microsoft-Windows-Security-Auditing"},"Security":{"UserID":""},"Task":"13824","TimeCreated":{"SystemTime":"2024-12-31T18:01:37.9439589Z"},"Version":"0"}}},"level":"0","message":"","computer":"dansDesktop"}}}
2024/12/31 18:01:38 SendRequest Config - URL: http://localhost:8080/api/v1/logs, Method: POST
2024/12/31 18:01:38 API Request Config - URL: http://localhost:8080/api/v1/logs, Method: POST
2024/12/31 18:01:38 Sending request to http://localhost:8080/api/v1/logs: {"timestamp":"2024-12-31T12:01:38.9874097-06:00","agent_id":"1234567890","agent_name":"jarvis-agent-windows","source":"windows_logs","type":"event","level":"Unknown","message":"dansDesktop","data":{"event":{"channel":"Security","event_data":{"Event":{"EventData":{"ClientProcessId":"14928","CountOfCredentialsReturned":"1","ProcessCreationTime":"2024-12-16T14:59:56.2501338Z","ReadOperation":"%%8099","ReturnCode":"0","SubjectDomainName":"DANSDESKTOP","SubjectLogonId":"0x4c0db","SubjectUserName":"danfe","SubjectUserSid":"S-1-5-21-1680856076-1700718083-3477311726-1001","TargetName":"NordPass/DbHash","Type":"1"},"System":{"Channel":"Security","Computer":"dansDesktop","Correlation":{},"EventID":"5379","EventRecordID":"8313802","Execution":{"ProcessID":"1128","ThreadID":"70760"},"Keywords":"0x8020000000000000","Level":"0","Opcode":"0","Provider":{"Guid":"{54849625-5478-4994-a5ba-3e3b0328c30d}","Name":"Microsoft-Windows-Security-Auditing"},"Security":{"UserID":""},"Task":"13824","TimeCreated":{"SystemTime":"2024-12-31T18:01:37.9439829Z"},"Version":"0"}}},"level":"0","message":"","computer":"dansDesktop"}}}
2024/12/31 18:01:38 SendRequest Config - URL: http://localhost:8080/api/v1/logs, Method: POST
2024/12/31 18:01:38 API Request Config - URL: http://localhost:8080/api/v1/logs, Method: POST
2024/12/31 18:01:38 Sending request to http://localhost:8080/api/v1/logs: {"timestamp":"2024-12-31T12:01:38.9884789-06:00","agent_id":"1234567890","agent_name":"jarvis-agent-windows","source":"windows_logs","type":"event","level":"Unknown","message":"dansDesktop","data":{"event":{"channel":"Security","event_data":{"Event":{"EventData":{"ClientProcessId":"14928","CountOfCredentialsReturned":"1","ProcessCreationTime":"2024-12-16T14:59:56.2501338Z","ReadOperation":"%%8099","ReturnCode":"0","SubjectDomainName":"DANSDESKTOP","SubjectLogonId":"0x4c0db","SubjectUserName":"danfe","SubjectUserSid":"S-1-5-21-1680856076-1700718083-3477311726-1001","TargetName":"NordPass/AppTheme","Type":"1"},"System":{"Channel":"Security","Computer":"dansDesktop","Correlation":{},"EventID":"5379","EventRecordID":"8313803","Execution":{"ProcessID":"1128","ThreadID":"69652"},"Keywords":"0x8020000000000000","Level":"0","Opcode":"0","Provider":{"Guid":"{54849625-5478-4994-a5ba-3e3b0328c30d}","Name":"Microsoft-Windows-Security-Auditing"},"Security":{"UserID":""},"Task":"13824","TimeCreated":{"SystemTime":"2024-12-31T18:01:37.9439956Z"},"Version":"0"}}},"level":"0","message":"","computer":"dansDesktop"}}}
2024/12/31 18:01:38 SendRequest Config - URL: http://localhost:8080/api/v1/logs, Method: POST
2024/12/31 18:01:38 API Request Config - URL: http://localhost:8080/api/v1/logs, Method: POST
2024/12/31 18:01:38 Sending request to http://localhost:8080/api/v1/logs: {"timestamp":"2024-12-31T12:01:38.9895815-06:00","agent_id":"1234567890","agent_name":"jarvis-agent-windows","source":"windows_logs","type":"event","level":"Unknown","message":"dansDesktop","data":{"event":{"channel":"Security","event_data":{"Event":{"EventData":{"ClientProcessId":"14928","CountOfCredentialsReturned":"1","ProcessCreationTime":"2024-12-16T14:59:56.2501338Z","ReadOperation":"%%8099","ReturnCode":"0","SubjectDomainName":"DANSDESKTOP","SubjectLogonId":"0x4c0db","SubjectUserName":"danfe","SubjectUserSid":"S-1-5-21-1680856076-1700718083-3477311726-1001","TargetName":"NordPass/AppLocale","Type":"1"},"System":{"Channel":"Security","Computer":"dansDesktop","Correlation":{},"EventID":"5379","EventRecordID":"8313804","Execution":{"ProcessID":"1128","ThreadID":"70732"},"Keywords":"0x8020000000000000","Level":"0","Opcode":"0","Provider":{"Guid":"{54849625-5478-4994-a5ba-3e3b0328c30d}","Name":"Microsoft-Windows-Security-Auditing"},"Security":{"UserID":""},"Task":"13824","TimeCreated":{"SystemTime":"2024-12-31T18:01:37.9440134Z"},"Version":"0"}}},"level":"0","message":"","computer":"dansDesktop"}}}
2024/12/31 18:01:38 SendRequest Config - URL: http://localhost:8080/api/v1/logs, Method: POST
2024/12/31 18:01:38 API Request Config - URL: http://localhost:8080/api/v1/logs, Method: POST
2024/12/31 18:01:38 Sending request to http://localhost:8080/api/v1/logs: {"timestamp":"2024-12-31T12:01:38.9900943-06:00","agent_id":"1234567890","agent_name":"jarvis-agent-windows","source":"windows_logs","type":"event","level":"Unknown","message":"dansDesktop","data":{"event":{"channel":"Security","event_data":{"Event":{"EventData":{"ClientProcessId":"14928","CountOfCredentialsReturned":"1","ProcessCreationTime":"2024-12-16T14:59:56.2501338Z","ReadOperation":"%%8099","ReturnCode":"0","SubjectDomainName":"DANSDESKTOP","SubjectLogonId":"0x4c0db","SubjectUserName":"danfe","SubjectUserSid":"S-1-5-21-1680856076-1700718083-3477311726-1001","TargetName":"NordPass/AppVersion","Type":"1"},"System":{"Channel":"Security","Computer":"dansDesktop","Correlation":{},"EventID":"5379","EventRecordID":"8313805","Execution":{"ProcessID":"1128","ThreadID":"70760"},"Keywords":"0x8020000000000000","Level":"0","Opcode":"0","Provider":{"Guid":"{54849625-5478-4994-a5ba-3e3b0328c30d}","Name":"Microsoft-Windows-Security-Auditing"},"Security":{"UserID":""},"Task":"13824","TimeCreated":{"SystemTime":"2024-12-31T18:01:37.9440360Z"},"Version":"0"}}},"level":"0","message":"","computer":"dansDesktop"}}}
2024/12/31 18:01:38 SendRequest Config - URL: http://localhost:8080/api/v1/logs, Method: POST
2024/12/31 18:01:38 API Request Config - URL: http://localhost:8080/api/v1/logs, Method: POST
2024/12/31 18:01:38 Sending request to http://localhost:8080/api/v1/logs: {"timestamp":"2024-12-31T12:01:38.991127-06:00","agent_id":"1234567890","agent_name":"jarvis-agent-windows","source":"windows_logs","type":"event","level":"Unknown","message":"dansDesktop","data":{"event":{"channel":"Security","event_data":{"Event":{"EventData":{"ClientProcessId":"14928","CountOfCredentialsReturned":"1","ProcessCreationTime":"2024-12-16T14:59:56.2501338Z","ReadOperation":"%%8099","ReturnCode":"0","SubjectDomainName":"DANSDESKTOP","SubjectLogonId":"0x4c0db","SubjectUserName":"danfe","SubjectUserSid":"S-1-5-21-1680856076-1700718083-3477311726-1001","TargetName":"NordPass/AccountList","Type":"1"},"System":{"Channel":"Security","Computer":"dansDesktop","Correlation":{},"EventID":"5379","EventRecordID":"8313806","Execution":{"ProcessID":"1128","ThreadID":"69652"},"Keywords":"0x8020000000000000","Level":"0","Opcode":"0","Provider":{"Guid":"{54849625-5478-4994-a5ba-3e3b0328c30d}","Name":"Microsoft-Windows-Security-Auditing"},"Security":{"UserID":""},"Task":"13824","TimeCreated":{"SystemTime":"2024-12-31T18:01:37.9440820Z"},"Version":"0"}}},"level":"0","message":"","computer":"dansDesktop"}}}
2024/12/31 18:01:38 SendRequest Config - URL: http://localhost:8080/api/v1/logs, Method: POST
2024/12/31 18:01:38 API Request Config - URL: http://localhost:8080/api/v1/logs, Method: POST
2024/12/31 18:01:38 Sending request to http://localhost:8080/api/v1/logs: {"timestamp":"2024-12-31T12:01:38.9926314-06:00","agent_id":"1234567890","agent_name":"jarvis-agent-windows","source":"windows_logs","type":"event","level":"Unknown","message":"dansDesktop","data":{"event":{"channel":"Security","event_data":{"Event":{"EventData":{"ClientProcessId":"14928","CountOfCredentialsReturned":"1","ProcessCreationTime":"2024-12-16T14:59:56.2501338Z","ReadOperation":"%%8099","ReturnCode":"0","SubjectDomainName":"DANSDESKTOP","SubjectLogonId":"0x4c0db","SubjectUserName":"danfe","SubjectUserSid":"S-1-5-21-1680856076-1700718083-3477311726-1001","TargetName":"NordPass/split_Features0","Type":"1"},"System":{"Channel":"Security","Computer":"dansDesktop","Correlation":{},"EventID":"5379","EventRecordID":"8313807","Execution":{"ProcessID":"1128","ThreadID":"70732"},"Keywords":"0x8020000000000000","Level":"0","Opcode":"0","Provider":{"Guid":"{54849625-5478-4994-a5ba-3e3b0328c30d}","Name":"Microsoft-Windows-Security-Auditing"},"Security":{"UserID":""},"Task":"13824","TimeCreated":{"SystemTime":"2024-12-31T18:01:37.9441447Z"},"Version":"0"}}},"level":"0","message":"","computer":"dansDesktop"}}}
2024/12/31 18:01:38 SendRequest Config - URL: http://localhost:8080/api/v1/logs, Method: POST
2024/12/31 18:01:38 API Request Config - URL: http://localhost:8080/api/v1/logs, Method: POST
2024/12/31 18:01:38 Sending request to http://localhost:8080/api/v1/logs: {"timestamp":"2024-12-31T12:01:38.99401-06:00","agent_id":"1234567890","agent_name":"jarvis-agent-windows","source":"windows_logs","type":"event","level":"Unknown","message":"dansDesktop","data":{"event":{"channel":"Security","event_data":{"Event":{"EventData":{"ClientProcessId":"14928","CountOfCredentialsReturned":"1","ProcessCreationTime":"2024-12-16T14:59:56.2501338Z","ReadOperation":"%%8099","ReturnCode":"0","SubjectDomainName":"DANSDESKTOP","SubjectLogonId":"0x4c0db","SubjectUserName":"danfe","SubjectUserSid":"S-1-5-21-1680856076-1700718083-3477311726-1001","TargetName":"NordPass/split_Features1","Type":"1"},"System":{"Channel":"Security","Computer":"dansDesktop","Correlation":{},"EventID":"5379","EventRecordID":"8313808","Execution":{"ProcessID":"1128","ThreadID":"70732"},"Keywords":"0x8020000000000000","Level":"0","Opcode":"0","Provider":{"Guid":"{54849625-5478-4994-a5ba-3e3b0328c30d}","Name":"Microsoft-Windows-Security-Auditing"},"Security":{"UserID":""},"Task":"13824","TimeCreated":{"SystemTime":"2024-12-31T18:01:37.9444297Z"},"Version":"0"}}},"level":"0","message":"","computer":"dansDesktop"}}}
2024/12/31 18:01:38 SendRequest Config - URL: http://localhost:8080/api/v1/logs, Method: POST
2024/12/31 18:01:38 API Request Config - URL: http://localhost:8080/api/v1/logs, Method: POST
2024/12/31 18:01:38 Sending request to http://localhost:8080/api/v1/logs: {"timestamp":"2024-12-31T12:01:38.9950482-06:00","agent_id":"1234567890","agent_name":"jarvis-agent-windows","source":"windows_logs","type":"event","level":"Unknown","message":"dansDesktop","data":{"event":{"channel":"Security","event_data":{"Event":{"EventData":{"ClientProcessId":"14928","CountOfCredentialsReturned":"1","ProcessCreationTime":"2024-12-16T14:59:56.2501338Z","ReadOperation":"%%8099","ReturnCode":"0","SubjectDomainName":"DANSDESKTOP","SubjectLogonId":"0x4c0db","SubjectUserName":"danfe","SubjectUserSid":"S-1-5-21-1680856076-1700718083-3477311726-1001","TargetName":"NordPass/split_Features2","Type":"1"},"System":{"Channel":"Security","Computer":"dansDesktop","Correlation":{},"EventID":"5379","EventRecordID":"8313809","Execution":{"ProcessID":"1128","ThreadID":"70732"},"Keywords":"0x8020000000000000","Level":"0","Opcode":"0","Provider":{"Guid":"{54849625-5478-4994-a5ba-3e3b0328c30d}","Name":"Microsoft-Windows-Security-Auditing"},"Security":{"UserID":""},"Task":"13824","TimeCreated":{"SystemTime":"2024-12-31T18:01:37.9447086Z"},"Version":"0"}}},"level":"0","message":"","computer":"dansDesktop"}}}
2024/12/31 18:01:38 SendRequest Config - URL: http://localhost:8080/api/v1/logs, Method: POST
2024/12/31 18:01:38 API Request Config - URL: http://localhost:8080/api/v1/logs, Method: POST
2024/12/31 18:01:38 Sending request to http://localhost:8080/api/v1/logs: {"timestamp":"2024-12-31T12:01:38.9960785-06:00","agent_id":"1234567890","agent_name":"jarvis-agent-windows","source":"windows_logs","type":"event","level":"Unknown","message":"dansDesktop","data":{"event":{"channel":"Security","event_data":{"Event":{"EventData":{"ClientProcessId":"14928","CountOfCredentialsReturned":"1","ProcessCreationTime":"2024-12-16T14:59:56.2501338Z","ReadOperation":"%%8099","ReturnCode":"0","SubjectDomainName":"DANSDESKTOP","SubjectLogonId":"0x4c0db","SubjectUserName":"danfe","SubjectUserSid":"S-1-5-21-1680856076-1700718083-3477311726-1001","TargetName":"NordPass/split_Features3","Type":"1"},"System":{"Channel":"Security","Computer":"dansDesktop","Correlation":{},"EventID":"5379","EventRecordID":"8313810","Execution":{"ProcessID":"1128","ThreadID":"70732"},"Keywords":"0x8020000000000000","Level":"0","Opcode":"0","Provider":{"Guid":"{54849625-5478-4994-a5ba-3e3b0328c30d}","Name":"Microsoft-Windows-Security-Auditing"},"Security":{"UserID":""},"Task":"13824","TimeCreated":{"SystemTime":"2024-12-31T18:01:37.9449484Z"},"Version":"0"}}},"level":"0","message":"","computer":"dansDesktop"}}}
2024/12/31 18:01:38 SendRequest Config - URL: http://localhost:8080/api/v1/logs, Method: POST
2024/12/31 18:01:38 API Request Config - URL: http://localhost:8080/api/v1/logs, Method: POST
2024/12/31 18:01:38 Sending request to http://localhost:8080/api/v1/logs: {"timestamp":"2024-12-31T12:01:38.9971132-06:00","agent_id":"1234567890","agent_name":"jarvis-agent-windows","source":"windows_logs","type":"event","level":"Unknown","message":"dansDesktop","data":{"event":{"channel":"Security","event_data":{"Event":{"EventData":{"ClientProcessId":"14928","CountOfCredentialsReturned":"1","ProcessCreationTime":"2024-12-16T14:59:56.2501338Z","ReadOperation":"%%8099","ReturnCode":"0","SubjectDomainName":"DANSDESKTOP","SubjectLogonId":"0x4c0db","SubjectUserName":"danfe","SubjectUserSid":"S-1-5-21-1680856076-1700718083-3477311726-1001","TargetName":"NordPass/split_Features4","Type":"1"},"System":{"Channel":"Security","Computer":"dansDesktop","Correlation":{},"EventID":"5379","EventRecordID":"8313811","Execution":{"ProcessID":"1128","ThreadID":"70732"},"Keywords":"0x8020000000000000","Level":"0","Opcode":"0","Provider":{"Guid":"{54849625-5478-4994-a5ba-3e3b0328c30d}","Name":"Microsoft-Windows-Security-Auditing"},"Security":{"UserID":""},"Task":"13824","TimeCreated":{"SystemTime":"2024-12-31T18:01:37.9452180Z"},"Version":"0"}}},"level":"0","message":"","computer":"dansDesktop"}}}
2024/12/31 18:01:38 SendRequest Config - URL: http://localhost:8080/api/v1/logs, Method: POST
2024/12/31 18:01:38 API Request Config - URL: http://localhost:8080/api/v1/logs, Method: POST
2024/12/31 18:01:38 Sending request to http://localhost:8080/api/v1/logs: {"timestamp":"2024-12-31T12:01:38.9981473-06:00","agent_id":"1234567890","agent_name":"jarvis-agent-windows","source":"windows_logs","type":"event","level":"Unknown","message":"dansDesktop","data":{"event":{"channel":"Security","event_data":{"Event":{"EventData":{"ClientProcessId":"14928","CountOfCredentialsReturned":"1","ProcessCreationTime":"2024-12-16T14:59:56.2501338Z","ReadOperation":"%%8099","ReturnCode":"0","SubjectDomainName":"DANSDESKTOP","SubjectLogonId":"0x4c0db","SubjectUserName":"danfe","SubjectUserSid":"S-1-5-21-1680856076-1700718083-3477311726-1001","TargetName":"NordPass/split_Features5","Type":"1"},"System":{"Channel":"Security","Computer":"dansDesktop","Correlation":{},"EventID":"5379","EventRecordID":"8313812","Execution":{"ProcessID":"1128","ThreadID":"70732"},"Keywords":"0x8020000000000000","Level":"0","Opcode":"0","Provider":{"Guid":"{54849625-5478-4994-a5ba-3e3b0328c30d}","Name":"Microsoft-Windows-Security-Auditing"},"Security":{"UserID":""},"Task":"13824","TimeCreated":{"SystemTime":"2024-12-31T18:01:37.9454797Z"},"Version":"0"}}},"level":"0","message":"","computer":"dansDesktop"}}}
2024/12/31 18:01:38 SendRequest Config - URL: http://localhost:8080/api/v1/logs, Method: POST
2024/12/31 18:01:38 API Request Config - URL: http://localhost:8080/api/v1/logs, Method: POST
2024/12/31 18:01:38 Sending request to http://localhost:8080/api/v1/logs: {"timestamp":"2024-12-31T12:01:38.99918-06:00","agent_id":"1234567890","agent_name":"jarvis-agent-windows","source":"windows_logs","type":"event","level":"Unknown","message":"dansDesktop","data":{"event":{"channel":"Security","event_data":{"Event":{"EventData":{"ClientProcessId":"14928","CountOfCredentialsReturned":"1","ProcessCreationTime":"2024-12-16T14:59:56.2501338Z","ReadOperation":"%%8099","ReturnCode":"0","SubjectDomainName":"DANSDESKTOP","SubjectLogonId":"0x4c0db","SubjectUserName":"danfe","SubjectUserSid":"S-1-5-21-1680856076-1700718083-3477311726-1001","TargetName":"NordPass/split_Features6","Type":"1"},"System":{"Channel":"Security","Computer":"dansDesktop","Correlation":{},"EventID":"5379","EventRecordID":"8313813","Execution":{"ProcessID":"1128","ThreadID":"70732"},"Keywords":"0x8020000000000000","Level":"0","Opcode":"0","Provider":{"Guid":"{54849625-5478-4994-a5ba-3e3b0328c30d}","Name":"Microsoft-Windows-Security-Auditing"},"Security":{"UserID":""},"Task":"13824","TimeCreated":{"SystemTime":"2024-12-31T18:01:37.9457369Z"},"Version":"0"}}},"level":"0","message":"","computer":"dansDesktop"}}}
2024/12/31 18:01:39 SendRequest Config - URL: http://localhost:8080/api/v1/logs, Method: POST
2024/12/31 18:01:39 API Request Config - URL: http://localhost:8080/api/v1/logs, Method: POST
2024/12/31 18:01:39 Sending request to http://localhost:8080/api/v1/logs: {"timestamp":"2024-12-31T12:01:39.0002141-06:00","agent_id":"1234567890","agent_name":"jarvis-agent-windows","source":"windows_logs","type":"event","level":"Unknown","message":"dansDesktop","data":{"event":{"channel":"Security","event_data":{"Event":{"EventData":{"ClientProcessId":"14928","CountOfCredentialsReturned":"1","ProcessCreationTime":"2024-12-16T14:59:56.2501338Z","ReadOperation":"%%8099","ReturnCode":"0","SubjectDomainName":"DANSDESKTOP","SubjectLogonId":"0x4c0db","SubjectUserName":"danfe","SubjectUserSid":"S-1-5-21-1680856076-1700718083-3477311726-1001","TargetName":"NordPass/split_Features7","Type":"1"},"System":{"Channel":"Security","Computer":"dansDesktop","Correlation":{},"EventID":"5379","EventRecordID":"8313814","Execution":{"ProcessID":"1128","ThreadID":"70732"},"Keywords":"0x8020000000000000","Level":"0","Opcode":"0","Provider":{"Guid":"{54849625-5478-4994-a5ba-3e3b0328c30d}","Name":"Microsoft-Windows-Security-Auditing"},"Security":{"UserID":""},"Task":"13824","TimeCreated":{"SystemTime":"2024-12-31T18:01:37.9460123Z"},"Version":"0"}}},"level":"0","message":"","computer":"dansDesktop"}}}
2024/12/31 18:01:39 SendRequest Config - URL: http://localhost:8080/api/v1/logs, Method: POST
2024/12/31 18:01:39 API Request Config - URL: http://localhost:8080/api/v1/logs, Method: POST
2024/12/31 18:01:39 Sending request to http://localhost:8080/api/v1/logs: {"timestamp":"2024-12-31T12:01:39.0007224-06:00","agent_id":"1234567890","agent_name":"jarvis-agent-windows","source":"windows_logs","type":"event","level":"Unknown","message":"dansDesktop","data":{"event":{"channel":"Security","event_data":{"Event":{"EventData":{"ClientProcessId":"14928","CountOfCredentialsReturned":"1","ProcessCreationTime":"2024-12-16T14:59:56.2501338Z","ReadOperation":"%%8099","ReturnCode":"0","SubjectDomainName":"DANSDESKTOP","SubjectLogonId":"0x4c0db","SubjectUserName":"danfe","SubjectUserSid":"S-1-5-21-1680856076-1700718083-3477311726-1001","TargetName":"NordPass/split_Features8","Type":"1"},"System":{"Channel":"Security","Computer":"dansDesktop","Correlation":{},"EventID":"5379","EventRecordID":"8313815","Execution":{"ProcessID":"1128","ThreadID":"70732"},"Keywords":"0x8020000000000000","Level":"0","Opcode":"0","Provider":{"Guid":"{54849625-5478-4994-a5ba-3e3b0328c30d}","Name":"Microsoft-Windows-Security-Auditing"},"Security":{"UserID":""},"Task":"13824","TimeCreated":{"SystemTime":"2024-12-31T18:01:37.9463062Z"},"Version":"0"}}},"level":"0","message":"","computer":"dansDesktop"}}}
2024/12/31 18:01:39 SendRequest Config - URL: http://localhost:8080/api/v1/logs, Method: POST
2024/12/31 18:01:39 API Request Config - URL: http://localhost:8080/api/v1/logs, Method: POST
2024/12/31 18:01:39 Sending request to http://localhost:8080/api/v1/logs: {"timestamp":"2024-12-31T12:01:39.001756-06:00","agent_id":"1234567890","agent_name":"jarvis-agent-windows","source":"windows_logs","type":"event","level":"Unknown","message":"dansDesktop","data":{"event":{"channel":"Security","event_data":{"Event":{"EventData":{"ClientProcessId":"14928","CountOfCredentialsReturned":"1","ProcessCreationTime":"2024-12-16T14:59:56.2501338Z","ReadOperation":"%%8099","ReturnCode":"0","SubjectDomainName":"DANSDESKTOP","SubjectLogonId":"0x4c0db","SubjectUserName":"danfe","SubjectUserSid":"S-1-5-21-1680856076-1700718083-3477311726-1001","TargetName":"NordPass/split_Features9","Type":"1"},"System":{"Channel":"Security","Computer":"dansDesktop","Correlation":{},"EventID":"5379","EventRecordID":"8313816","Execution":{"ProcessID":"1128","ThreadID":"70732"},"Keywords":"0x8020000000000000","Level":"0","Opcode":"0","Provider":{"Guid":"{54849625-5478-4994-a5ba-3e3b0328c30d}","Name":"Microsoft-Windows-Security-Auditing"},"Security":{"UserID":""},"Task":"13824","TimeCreated":{"SystemTime":"2024-12-31T18:01:37.9465584Z"},"Version":"0"}}},"level":"0","message":"","computer":"dansDesktop"}}}
2024/12/31 18:01:39 SendRequest Config - URL: http://localhost:8080/api/v1/logs, Method: POST
2024/12/31 18:01:39 API Request Config - URL: http://localhost:8080/api/v1/logs, Method: POST
2024/12/31 18:01:39 Sending request to http://localhost:8080/api/v1/logs: {"timestamp":"2024-12-31T12:01:39.0027913-06:00","agent_id":"1234567890","agent_name":"jarvis-agent-windows","source":"windows_logs","type":"event","level":"Unknown","message":"dansDesktop","data":{"event":{"channel":"Security","event_data":{"Event":{"EventData":{"ClientProcessId":"14928","CountOfCredentialsReturned":"1","ProcessCreationTime":"2024-12-16T14:59:56.2501338Z","ReadOperation":"%%8099","ReturnCode":"0","SubjectDomainName":"DANSDESKTOP","SubjectLogonId":"0x4c0db","SubjectUserName":"danfe","SubjectUserSid":"S-1-5-21-1680856076-1700718083-3477311726-1001","TargetName":"NordPass/split_Features10","Type":"1"},"System":{"Channel":"Security","Computer":"dansDesktop","Correlation":{},"EventID":"5379","EventRecordID":"8313817","Execution":{"ProcessID":"1128","ThreadID":"70732"},"Keywords":"0x8020000000000000","Level":"0","Opcode":"0","Provider":{"Guid":"{54849625-5478-4994-a5ba-3e3b0328c30d}","Name":"Microsoft-Windows-Security-Auditing"},"Security":{"UserID":""},"Task":"13824","TimeCreated":{"SystemTime":"2024-12-31T18:01:37.9467922Z"},"Version":"0"}}},"level":"0","message":"","computer":"dansDesktop"}}}
2024/12/31 18:01:39 SendRequest Config - URL: http://localhost:8080/api/v1/logs, Method: POST
2024/12/31 18:01:39 API Request Config - URL: http://localhost:8080/api/v1/logs, Method: POST
2024/12/31 18:01:39 Sending request to http://localhost:8080/api/v1/logs: {"timestamp":"2024-12-31T12:01:39.0039546-06:00","agent_id":"1234567890","agent_name":"jarvis-agent-windows","source":"windows_logs","type":"event","level":"Unknown","message":"dansDesktop","data":{"event":{"channel":"Security","event_data":{"Event":{"EventData":{"ClientProcessId":"14928","CountOfCredentialsReturned":"1","ProcessCreationTime":"2024-12-16T14:59:56.2501338Z","ReadOperation":"%%8099","ReturnCode":"0","SubjectDomainName":"DANSDESKTOP","SubjectLogonId":"0x4c0db","SubjectUserName":"danfe","SubjectUserSid":"S-1-5-21-1680856076-1700718083-3477311726-1001","TargetName":"NordPass/split_Features11","Type":"1"},"System":{"Channel":"Security","Computer":"dansDesktop","Correlation":{},"EventID":"5379","EventRecordID":"8313818","Execution":{"ProcessID":"1128","ThreadID":"70732"},"Keywords":"0x8020000000000000","Level":"0","Opcode":"0","Provider":{"Guid":"{54849625-5478-4994-a5ba-3e3b0328c30d}","Name":"Microsoft-Windows-Security-Auditing"},"Security":{"UserID":""},"Task":"13824","TimeCreated":{"SystemTime":"2024-12-31T18:01:37.9470573Z"},"Version":"0"}}},"level":"0","message":"","computer":"dansDesktop"}}}
