2024/12/31 17:49:38 SendRequest Config - URL: http://localhost:8080/api/v1/logs, Method: POST
2024/12/31 17:49:38 API Request Config - URL: http://localhost:8080/api/v1/logs, Method: POST
2024/12/31 17:49:38 Sending request to http://localhost:8080/api/v1/logs: {"timestamp":"2024-12-31T11:49:38.905834-06:00","agent_id":"1234567890","agent_name":"jarvis-agent-windows","source":"windows_logs","type":"event","level":"Unknown","message":"dansDesktop","data":{"event":{"channel":"Security","event_data":{"Event":{"EventData":{"ClientProcessId":"14928","CountOfCredentialsReturned":"1","ProcessCreationTime":"2024-12-16T14:59:56.2501338Z","ReadOperation":"%%8099","ReturnCode":"0","SubjectDomainName":"DANSDESKTOP","SubjectLogonId":"0x4c0db","SubjectUserName":"danfe","SubjectUserSid":"S-1-5-21-1680856076-1700718083-3477311726-1001","TargetName":"NordPass/Environment","Type":"1"},"System":{"Channel":"Security","Computer":"dansDesktop","Correlation":{},"EventID":"5379","EventRecordID":"8313095","Execution":{"ProcessID":"1128","ThreadID":"70732"},"Keywords":"0x8020000000000000","Level":"0","Opcode":"0","Provider":{"Guid":"{54849625-5478-4994-a5ba-3e3b0328c30d}","Name":"Microsoft-Windows-Security-Auditing"},"Security":{"UserID":""},"Task":"13824","TimeCreated":{"SystemTime":"2024-12-31T17:49:37.8708608Z"},"Version":"0"}}},"level":"0","message":"","computer":"dansDesktop"}}}
2024/12/31 17:49:38 SendRequest Config - URL: http://localhost:8080/api/v1/logs, Method: POST
2024/12/31 17:49:38 API Request Config - URL: http://localhost:8080/api/v1/logs, Method: POST
2024/12/31 17:49:38 Sending request to http://localhost:8080/api/v1/logs: {"timestamp":"2024-12-31T11:49:38.9068668-06:00","agent_id":"1234567890","agent_name":"jarvis-agent-windows","source":"windows_logs","type":"event","level":"Unknown","message":"dansDesktop","data":{"event":{"channel":"Security","event_data":{"Event":{"EventData":{"ClientProcessId":"14928","CountOfCredentialsReturned":"1","ProcessCreationTime":"2024-12-16T14:59:56.2501338Z","ReadOperation":"%%8099","ReturnCode":"0","SubjectDomainName":"DANSDESKTOP","SubjectLogonId":"0x4c0db","SubjectUserName":"danfe","SubjectUserSid":"S-1-5-21-1680856076-1700718083-3477311726-1001","TargetName":"NordPass/LastKnownEmail","Type":"1"},"System":{"Channel":"Security","Computer":"dansDesktop","Correlation":{},"EventID":"5379","EventRecordID":"8313096","Execution":{"ProcessID":"1128","ThreadID":"69652"},"Keywords":"0x8020000000000000","Level":"0","Opcode":"0","Provider":{"Guid":"{54849625-5478-4994-a5ba-3e3b0328c30d}","Name":"Microsoft-Windows-Security-Auditing"},"Security":{"UserID":""},"Task":"13824","TimeCreated":{"SystemTime":"2024-12-31T17:49:37.8708799Z"},"Version":"0"}}},"level":"0","message":"","computer":"dansDesktop"}}}
2024/12/31 17:49:38 SendRequest Config - URL: http://localhost:8080/api/v1/logs, Method: POST
2024/12/31 17:49:38 API Request Config - URL: http://localhost:8080/api/v1/logs, Method: POST
2024/12/31 17:49:38 Sending request to http://localhost:8080/api/v1/logs: {"timestamp":"2024-12-31T11:49:38.9079014-06:00","agent_id":"1234567890","agent_name":"jarvis-agent-windows","source":"windows_logs","type":"event","level":"Unknown","message":"dansDesktop","data":{"event":{"channel":"Security","event_data":{"Event":{"EventData":{"ClientProcessId":"14928","CountOfCredentialsReturned":"1","ProcessCreationTime":"2024-12-16T14:59:56.2501338Z","ReadOperation":"%%8099","ReturnCode":"0","SubjectDomainName":"DANSDESKTOP","SubjectLogonId":"0x4c0db","SubjectUserName":"danfe","SubjectUserSid":"S-1-5-21-1680856076-1700718083-3477311726-1001","TargetName":"NordPass/UserId","Type":"1"},"System":{"Channel":"Security","Computer":"dansDesktop","Correlation":{},"EventID":"5379","EventRecordID":"8313097","Execution":{"ProcessID":"1128","ThreadID":"70756"},"Keywords":"0x8020000000000000","Level":"0","Opcode":"0","Provider":{"Guid":"{54849625-5478-4994-a5ba-3e3b0328c30d}","Name":"Microsoft-Windows-Security-Auditing"},"Security":{"UserID":""},"Task":"13824","TimeCreated":{"SystemTime":"2024-12-31T17:49:37.8708987Z"},"Version":"0"}}},"level":"0","message":"","computer":"dansDesktop"}}}
2024/12/31 17:49:38 SendRequest Config - URL: http://localhost:8080/api/v1/logs, Method: POST
2024/12/31 17:49:38 API Request Config - URL: http://localhost:8080/api/v1/logs, Method: POST
2024/12/31 17:49:38 Sending request to http://localhost:8080/api/v1/logs: {"timestamp":"2024-12-31T11:49:38.9089373-06:00","agent_id":"1234567890","agent_name":"jarvis-agent-windows","source":"windows_logs","type":"event","level":"Unknown","message":"dansDesktop","data":{"event":{"channel":"Security","event_data":{"Event":{"EventData":{"ClientProcessId":"14928","CountOfCredentialsReturned":"1","ProcessCreationTime":"2024-12-16T14:59:56.2501338Z","ReadOperation":"%%8099","ReturnCode":"0","SubjectDomainName":"DANSDESKTOP","SubjectLogonId":"0x4c0db","SubjectUserName":"danfe","SubjectUserSid":"S-1-5-21-1680856076-1700718083-3477311726-1001","TargetName":"NordPass/UserEmail","Type":"1"},"System":{"Channel":"Security","Computer":"dansDesktop","Correlation":{},"EventID":"5379","EventRecordID":"8313098","Execution":{"ProcessID":"1128","ThreadID":"69696"},"Keywords":"0x8020000000000000","Level":"0","Opcode":"0","Provider":{"Guid":"{54849625-5478-4994-a5ba-3e3b0328c30d}","Name":"Microsoft-Windows-Security-Auditing"},"Security":{"UserID":""},"Task":"13824","TimeCreated":{"SystemTime":"2024-12-31T17:49:37.8709133Z"},"Version":"0"}}},"level":"0","message":"","computer":"dansDesktop"}}}
2024/12/31 17:49:38 SendRequest Config - URL: http://localhost:8080/api/v1/logs, Method: POST
2024/12/31 17:49:38 API Request Config - URL: http://localhost:8080/api/v1/logs, Method: POST
2024/12/31 17:49:38 Sending request to http://localhost:8080/api/v1/logs: {"timestamp":"2024-12-31T11:49:38.9099719-06:00","agent_id":"1234567890","agent_name":"jarvis-agent-windows","source":"windows_logs","type":"event","level":"Unknown","message":"dansDesktop","data":{"event":{"channel":"Security","event_data":{"Event":{"EventData":{"ClientProcessId":"14928","CountOfCredentialsReturned":"1","ProcessCreationTime":"2024-12-16T14:59:56.2501338Z","ReadOperation":"%%8099","ReturnCode":"0","SubjectDomainName":"DANSDESKTOP","SubjectLogonId":"0x4c0db","SubjectUserName":"danfe","SubjectUserSid":"S-1-5-21-1680856076-1700718083-3477311726-1001","TargetName":"NordPass/ClipboardClearingTime","Type":"1"},"System":{"Channel":"Security","Computer":"dansDesktop","Correlation":{},"EventID":"5379","EventRecordID":"8313099","Execution":{"ProcessID":"1128","ThreadID":"69652"},"Keywords":"0x8020000000000000","Level":"0","Opcode":"0","Provider":{"Guid":"{54849625-5478-4994-a5ba-3e3b0328c30d}","Name":"Microsoft-Windows-Security-Auditing"},"Security":{"UserID":""},"Task":"13824","TimeCreated":{"SystemTime":"2024-12-31T17:49:37.8709327Z"},"Version":"0"}}},"level":"0","message":"","computer":"dansDesktop"}}}
2024/12/31 17:49:38 SendRequest Config - URL: http://localhost:8080/api/v1/logs, Method: POST
2024/12/31 17:49:38 API Request Config - URL: http://localhost:8080/api/v1/logs, Method: POST
2024/12/31 17:49:38 Sending request to http://localhost:8080/api/v1/logs: {"timestamp":"2024-12-31T11:49:38.9104869-06:00","agent_id":"1234567890","agent_name":"jarvis-agent-windows","source":"windows_logs","type":"event","level":"Unknown","message":"dansDesktop","data":{"event":{"channel":"Security","event_data":{"Event":{"EventData":{"ClientProcessId":"14928","CountOfCredentialsReturned":"1","ProcessCreationTime":"2024-12-16T14:59:56.2501338Z","ReadOperation":"%%8099","ReturnCode":"0","SubjectDomainName":"DANSDESKTOP","SubjectLogonId":"0x4c0db","SubjectUserName":"danfe","SubjectUserSid":"S-1-5-21-1680856076-1700718083-3477311726-1001","TargetName":"NordPass/IsNoPasskeysFoundDisabled","Type":"1"},"System":{"Channel":"Security","Computer":"dansDesktop","Correlation":{},"EventID":"5379","EventRecordID":"8313100","Execution":{"ProcessID":"1128","ThreadID":"70756"},"Keywords":"0x8020000000000000","Level":"0","Opcode":"0","Provider":{"Guid":"{54849625-5478-4994-a5ba-3e3b0328c30d}","Name":"Microsoft-Windows-Security-Auditing"},"Security":{"UserID":""},"Task":"13824","TimeCreated":{"SystemTime":"2024-12-31T17:49:37.8709664Z"},"Version":"0"}}},"level":"0","message":"","computer":"dansDesktop"}}}
2024/12/31 17:49:38 SendRequest Config - URL: http://localhost:8080/api/v1/logs, Method: POST
2024/12/31 17:49:38 API Request Config - URL: http://localhost:8080/api/v1/logs, Method: POST
2024/12/31 17:49:38 Sending request to http://localhost:8080/api/v1/logs: {"timestamp":"2024-12-31T11:49:38.9115244-06:00","agent_id":"1234567890","agent_name":"jarvis-agent-windows","source":"windows_logs","type":"event","level":"Unknown","message":"dansDesktop","data":{"event":{"channel":"Security","event_data":{"Event":{"EventData":{"ClientProcessId":"14928","CountOfCredentialsReturned":"1","ProcessCreationTime":"2024-12-16T14:59:56.2501338Z","ReadOperation":"%%8099","ReturnCode":"0","SubjectDomainName":"DANSDESKTOP","SubjectLogonId":"0x4c0db","SubjectUserName":"danfe","SubjectUserSid":"S-1-5-21-1680856076-1700718083-3477311726-1001","TargetName":"NordPass/CompletedAutolockTileUserIds","Type":"1"},"System":{"Channel":"Security","Computer":"dansDesktop","Correlation":{},"EventID":"5379","EventRecordID":"8313101","Execution":{"ProcessID":"1128","ThreadID":"69696"},"Keywords":"0x8020000000000000","Level":"0","Opcode":"0","Provider":{"Guid":"{54849625-5478-4994-a5ba-3e3b0328c30d}","Name":"Microsoft-Windows-Security-Auditing"},"Security":{"UserID":""},"Task":"13824","TimeCreated":{"SystemTime":"2024-12-31T17:49:37.8709849Z"},"Version":"0"}}},"level":"0","message":"","computer":"dansDesktop"}}}
2024/12/31 17:49:38 SendRequest Config - URL: http://localhost:8080/api/v1/logs, Method: POST
2024/12/31 17:49:38 API Request Config - URL: http://localhost:8080/api/v1/logs, Method: POST
2024/12/31 17:49:38 Sending request to http://localhost:8080/api/v1/logs: {"timestamp":"2024-12-31T11:49:38.912559-06:00","agent_id":"1234567890","agent_name":"jarvis-agent-windows","source":"windows_logs","type":"event","level":"Unknown","message":"dansDesktop","data":{"event":{"channel":"Security","event_data":{"Event":{"EventData":{"ClientProcessId":"14928","CountOfCredentialsReturned":"1","ProcessCreationTime":"2024-12-16T14:59:56.2501338Z","ReadOperation":"%%8099","ReturnCode":"0","SubjectDomainName":"DANSDESKTOP","SubjectLogonId":"0x4c0db","SubjectUserName":"danfe","SubjectUserSid":"S-1-5-21-1680856076-1700718083-3477311726-1001","TargetName":"NordPass/CompletedBiometricsTileUserIds","Type":"1"},"System":{"Channel":"Security","Computer":"dansDesktop","Correlation":{},"EventID":"5379","EventRecordID":"8313102","Execution":{"ProcessID":"1128","ThreadID":"69652"},"Keywords":"0x8020000000000000","Level":"0","Opcode":"0","Provider":{"Guid":"{54849625-5478-4994-a5ba-3e3b0328c30d}","Name":"Microsoft-Windows-Security-Auditing"},"Security":{"UserID":""},"Task":"13824","TimeCreated":{"SystemTime":"2024-12-31T17:49:37.8710016Z"},"Version":"0"}}},"level":"0","message":"","computer":"dansDesktop"}}}
2024/12/31 17:49:38 SendRequest Config - URL: http://localhost:8080/api/v1/logs, Method: POST
2024/12/31 17:49:38 API Request Config - URL: http://localhost:8080/api/v1/logs, Method: POST
2024/12/31 17:49:38 Sending request to http://localhost:8080/api/v1/logs: {"timestamp":"2024-12-31T11:49:38.9135924-06:00","agent_id":"1234567890","agent_name":"jarvis-agent-windows","source":"windows_logs","type":"event","level":"Unknown","message":"dansDesktop","data":{"event":{"channel":"Security","event_data":{"Event":{"EventData":{"ClientProcessId":"14928","CountOfCredentialsReturned":"1","ProcessCreationTime":"2024-12-16T14:59:56.2501338Z","ReadOperation":"%%8099","ReturnCode":"0","SubjectDomainName":"DANSDESKTOP","SubjectLogonId":"0x4c0db","SubjectUserName":"danfe","SubjectUserSid":"S-1-5-21-1680856076-1700718083-3477311726-1001","TargetName":"NordPass/SeenNotifications","Type":"1"},"System":{"Channel":"Security","Computer":"dansDesktop","Correlation":{},"EventID":"5379","EventRecordID":"8313103","Execution":{"ProcessID":"1128","ThreadID":"70732"},"Keywords":"0x8020000000000000","Level":"0","Opcode":"0","Provider":{"Guid":"{54849625-5478-4994-a5ba-3e3b0328c30d}","Name":"Microsoft-Windows-Security-Auditing"},"Security":{"UserID":""},"Task":"13824","TimeCreated":{"SystemTime":"2024-12-31T17:49:37.8710203Z"},"Version":"0"}}},"level":"0","message":"","computer":"dansDesktop"}}}
2024/12/31 17:49:38 SendRequest Config - URL: http://localhost:8080/api/v1/logs, Method: POST
2024/12/31 17:49:38 API Request Config - URL: http://localhost:8080/api/v1/logs, Method: POST
2024/12/31 17:49:38 Sending request to http://localhost:8080/api/v1/logs: {"timestamp":"2024-12-31T11:49:38.9146283-06:00","agent_id":"1234567890","agent_name":"jarvis-agent-windows","source":"windows_logs","type":"event","level":"Unknown","message":"dansDesktop","data":{"event":{"channel":"Security","event_data":{"Event":{"EventData":{"ClientProcessId":"14928","CountOfCredentialsReturned":"1","ProcessCreationTime":"2024-12-16T14:59:56.2501338Z","ReadOperation":"%%8099","ReturnCode":"0","SubjectDomainName":"DANSDESKTOP","SubjectLogonId":"0x4c0db","SubjectUserName":"danfe","SubjectUserSid":"S-1-5-21-1680856076-1700718083-3477311726-1001","TargetName":"NordPass/ShouldHideMaskFAQUserIds","Type":"1"},"System":{"Channel":"Security","Computer":"dansDesktop","Correlation":{},"EventID":"5379","EventRecordID":"8313104","Execution":{"ProcessID":"1128","ThreadID":"69696"},"Keywords":"0x8020000000000000","Level":"0","Opcode":"0","Provider":{"Guid":"{54849625-5478-4994-a5ba-3e3b0328c30d}","Name":"Microsoft-Windows-Security-Auditing"},"Security":{"UserID":""},"Task":"13824","TimeCreated":{"SystemTime":"2024-12-31T17:49:37.8710422Z"},"Version":"0"}}},"level":"0","message":"","computer":"dansDesktop"}}}
2024/12/31 17:49:38 SendRequest Config - URL: http://localhost:8080/api/v1/logs, Method: POST
2024/12/31 17:49:38 API Request Config - URL: http://localhost:8080/api/v1/logs, Method: POST
2024/12/31 17:49:38 Sending request to http://localhost:8080/api/v1/logs: {"timestamp":"2024-12-31T11:49:38.9156611-06:00","agent_id":"1234567890","agent_name":"jarvis-agent-windows","source":"windows_logs","type":"event","level":"Unknown","message":"dansDesktop","data":{"event":{"channel":"Security","event_data":{"Event":{"EventData":{"ClientProcessId":"14928","CountOfCredentialsReturned":"1","ProcessCreationTime":"2024-12-16T14:59:56.2501338Z","ReadOperation":"%%8099","ReturnCode":"0","SubjectDomainName":"DANSDESKTOP","SubjectLogonId":"0x4c0db","SubjectUserName":"danfe","SubjectUserSid":"S-1-5-21-1680856076-1700718083-3477311726-1001","TargetName":"NordPass/PasskeysBannerDismissedDomainsByUserId","Type":"1"},"System":{"Channel":"Security","Computer":"dansDesktop","Correlation":{},"EventID":"5379","EventRecordID":"8313105","Execution":{"ProcessID":"1128","ThreadID":"69652"},"Keywords":"0x8020000000000000","Level":"0","Opcode":"0","Provider":{"Guid":"{54849625-5478-4994-a5ba-3e3b0328c30d}","Name":"Microsoft-Windows-Security-Auditing"},"Security":{"UserID":""},"Task":"13824","TimeCreated":{"SystemTime":"2024-12-31T17:49:37.8710620Z"},"Version":"0"}}},"level":"0","message":"","computer":"dansDesktop"}}}
2024/12/31 17:49:38 SendRequest Config - URL: http://localhost:8080/api/v1/logs, Method: POST
2024/12/31 17:49:38 API Request Config - URL: http://localhost:8080/api/v1/logs, Method: POST
2024/12/31 17:49:38 Sending request to http://localhost:8080/api/v1/logs: {"timestamp":"2024-12-31T11:49:38.9167022-06:00","agent_id":"1234567890","agent_name":"jarvis-agent-windows","source":"windows_logs","type":"event","level":"Unknown","message":"dansDesktop","data":{"event":{"channel":"Security","event_data":{"Event":{"EventData":{"ClientProcessId":"14928","CountOfCredentialsReturned":"1","ProcessCreationTime":"2024-12-16T14:59:56.2501338Z","ReadOperation":"%%8099","ReturnCode":"0","SubjectDomainName":"DANSDESKTOP","SubjectLogonId":"0x4c0db","SubjectUserName":"danfe","SubjectUserSid":"S-1-5-21-1680856076-1700718083-3477311726-1001","TargetName":"NordPass/DisplayFilter","Type":"1"},"System":{"Channel":"Security","Computer":"dansDesktop","Correlation":{},"EventID":"5379","EventRecordID":"8313106","Execution":{"ProcessID":"1128","ThreadID":"70732"},"Keywords":"0x8020000000000000","Level":"0","Opcode":"0","Provider":{"Guid":"{54849625-5478-4994-a5ba-3e3b0328c30d}","Name":"Microsoft-Windows-Security-Auditing"},"Security":{"UserID":""},"Task":"13824","TimeCreated":{"SystemTime":"2024-12-31T17:49:37.8710726Z"},"Version":"0"}}},"level":"0","message":"","computer":"dansDesktop"}}}
2024/12/31 17:49:38 SendRequest Config - URL: http://localhost:8080/api/v1/logs, Method: POST
2024/12/31 17:49:38 API Request Config - URL: http://localhost:8080/api/v1/logs, Method: POST
2024/12/31 17:49:38 Sending request to http://localhost:8080/api/v1/logs: {"timestamp":"2024-12-31T11:49:38.9177432-06:00","agent_id":"1234567890","agent_name":"jarvis-agent-windows","source":"windows_logs","type":"event","level":"Unknown","message":"dansDesktop","data":{"event":{"channel":"Security","event_data":{"Event":{"EventData":{"ClientProcessId":"14928","CountOfCredentialsReturned":"1","ProcessCreationTime":"2024-12-16T14:59:56.2501338Z","ReadOperation":"%%8099","ReturnCode":"0","SubjectDomainName":"DANSDESKTOP","SubjectLogonId":"0x4c0db","SubjectUserName":"danfe","SubjectUserSid":"S-1-5-21-1680856076-1700718083-3477311726-1001","TargetName":"NordPass/LatestVersionInstalledAt","Type":"1"},"System":{"Channel":"Security","Computer":"dansDesktop","Correlation":{},"EventID":"5379","EventRecordID":"8313107","Execution":{"ProcessID":"1128","ThreadID":"69696"},"Keywords":"0x8020000000000000","Level":"0","Opcode":"0","Provider":{"Guid":"{54849625-5478-4994-a5ba-3e3b0328c30d}","Name":"Microsoft-Windows-Security-Auditing"},"Security":{"UserID":""},"Task":"13824","TimeCreated":{"SystemTime":"2024-12-31T17:49:37.8710899Z"},"Version":"0"}}},"level":"0","message":"","computer":"dansDesktop"}}}
2024/12/31 17:49:38 SendRequest Config - URL: http://localhost:8080/api/v1/logs, Method: POST
2024/12/31 17:49:38 API Request Config - URL: http://localhost:8080/api/v1/logs, Method: POST
2024/12/31 17:49:38 Sending request to http://localhost:8080/api/v1/logs: {"timestamp":"2024-12-31T11:49:38.9204789-06:00","agent_id":"1234567890","agent_name":"jarvis-agent-windows","source":"windows_logs","type":"event","level":"Unknown","message":"dansDesktop","data":{"event":{"channel":"Security","event_data":{"Event":{"EventData":{"ClientProcessId":"14928","CountOfCredentialsReturned":"1","ProcessCreationTime":"2024-12-16T14:59:56.2501338Z","ReadOperation":"%%8099","ReturnCode":"0","SubjectDomainName":"DANSDESKTOP","SubjectLogonId":"0x4c0db","SubjectUserName":"danfe","SubjectUserSid":"S-1-5-21-1680856076-1700718083-3477311726-1001","TargetName":"NordPass/isWelcomeToStandaloneIntroShown","Type":"1"},"System":{"Channel":"Security","Computer":"dansDesktop","Correlation":{},"EventID":"5379","EventRecordID":"8313108","Execution":{"ProcessID":"1128","ThreadID":"69652"},"Keywords":"0x8020000000000000","Level":"0","Opcode":"0","Provider":{"Guid":"{54849625-5478-4994-a5ba-3e3b0328c30d}","Name":"Microsoft-Windows-Security-Auditing"},"Security":{"UserID":""},"Task":"13824","TimeCreated":{"SystemTime":"2024-12-31T17:49:37.8711142Z"},"Version":"0"}}},"level":"0","message":"","computer":"dansDesktop"}}}
2024/12/31 17:49:38 SendRequest Config - URL: http://localhost:8080/api/v1/logs, Method: POST
2024/12/31 17:49:38 API Request Config - URL: http://localhost:8080/api/v1/logs, Method: POST
2024/12/31 17:49:38 Sending request to http://localhost:8080/api/v1/logs: {"timestamp":"2024-12-31T11:49:38.9216886-06:00","agent_id":"1234567890","agent_name":"jarvis-agent-windows","source":"windows_logs","type":"event","level":"Unknown","message":"dansDesktop","data":{"event":{"channel":"Security","event_data":{"Event":{"EventData":{"ClientProcessId":"14928","CountOfCredentialsReturned":"1","ProcessCreationTime":"2024-12-16T14:59:56.2501338Z","ReadOperation":"%%8099","ReturnCode":"0","SubjectDomainName":"DANSDESKTOP","SubjectLogonId":"0x4c0db","SubjectUserName":"danfe","SubjectUserSid":"S-1-5-21-1680856076-1700718083-3477311726-1001","TargetName":"NordPass/isFullAppViewIntroShown","Type":"1"},"System":{"Channel":"Security","Computer":"dansDesktop","Correlation":{},"EventID":"5379","EventRecordID":"8313109","Execution":{"ProcessID":"1128","ThreadID":"69652"},"Keywords":"0x8020000000000000","Level":"0","Opcode":"0","Provider":{"Guid":"{54849625-5478-4994-a5ba-3e3b0328c30d}","Name":"Microsoft-Windows-Security-Auditing"},"Security":{"UserID":""},"Task":"13824","TimeCreated":{"SystemTime":"2024-12-31T17:49:37.8711646Z"},"Version":"0"}}},"level":"0","message":"","computer":"dansDesktop"}}}
2024/12/31 17:49:38 SendRequest Config - URL: http://localhost:8080/api/v1/logs, Method: POST
2024/12/31 17:49:38 API Request Config - URL: http://localhost:8080/api/v1/logs, Method: POST
2024/12/31 17:49:38 Sending request to http://localhost:8080/api/v1/logs: {"timestamp":"2024-12-31T11:49:38.9228879-06:00","agent_id":"1234567890","agent_name":"jarvis-agent-windows","source":"windows_logs","type":"event","level":"Unknown","message":"dansDesktop","data":{"event":{"channel":"Security","event_data":{"Event":{"EventData":{"ClientProcessId":"14928","CountOfCredentialsReturned":"1","ProcessCreationTime":"2024-12-16T14:59:56.2501338Z","ReadOperation":"%%8099","ReturnCode":"0","SubjectDomainName":"DANSDESKTOP","SubjectLogonId":"0x4c0db","SubjectUserName":"danfe","SubjectUserSid":"S-1-5-21-1680856076-1700718083-3477311726-1001","TargetName":"NordPass/Features","Type":"1"},"System":{"Channel":"Security","Computer":"dansDesktop","Correlation":{},"EventID":"5379","EventRecordID":"8313110","Execution":{"ProcessID":"1128","ThreadID":"69696"},"Keywords":"0x8020000000000000","Level":"0","Opcode":"0","Provider":{"Guid":"{54849625-5478-4994-a5ba-3e3b0328c30d}","Name":"Microsoft-Windows-Security-Auditing"},"Security":{"UserID":""},"Task":"13824","TimeCreated":{"SystemTime":"2024-12-31T17:49:37.8711890Z"},"Version":"0"}}},"level":"0","message":"","computer":"dansDesktop"}}}
2024/12/31 17:49:38 SendRequest Config - URL: http://localhost:8080/api/v1/logs, Method: POST
2024/12/31 17:49:38 API Request Config - URL: http://localhost:8080/api/v1/logs, Method: POST
2024/12/31 17:49:38 Sending request to http://localhost:8080/api/v1/logs: {"timestamp":"2024-12-31T11:49:38.9239797-06:00","agent_id":"1234567890","agent_name":"jarvis-agent-windows","source":"windows_logs","type":"event","level":"Unknown","message":"dansDesktop","data":{"event":{"channel":"Security","event_data":{"Event":{"EventData":{"ClientProcessId":"14928","CountOfCredentialsReturned":"1","ProcessCreationTime":"2024-12-16T14:59:56.2501338Z","ReadOperation":"%%8099","ReturnCode":"0","SubjectDomainName":"DANSDESKTOP","SubjectLogonId":"0x4c0db","SubjectUserName":"danfe","SubjectUserSid":"S-1-5-21-1680856076-1700718083-3477311726-1001","TargetName":"NordPass/SubscriptionData","Type":"1"},"System":{"Channel":"Security","Computer":"dansDesktop","Correlation":{},"EventID":"5379","EventRecordID":"8313111","Execution":{"ProcessID":"1128","ThreadID":"70732"},"Keywords":"0x8020000000000000","Level":"0","Opcode":"0","Provider":{"Guid":"{54849625-5478-4994-a5ba-3e3b0328c30d}","Name":"Microsoft-Windows-Security-Auditing"},"Security":{"UserID":""},"Task":"13824","TimeCreated":{"SystemTime":"2024-12-31T17:49:37.8712338Z"},"Version":"0"}}},"level":"0","message":"","computer":"dansDesktop"}}}
2024/12/31 17:49:38 SendRequest Config - URL: http://localhost:8080/api/v1/logs, Method: POST
2024/12/31 17:49:38 API Request Config - URL: http://localhost:8080/api/v1/logs, Method: POST
2024/12/31 17:49:38 Sending request to http://localhost:8080/api/v1/logs: {"timestamp":"2024-12-31T11:49:38.9250951-06:00","agent_id":"1234567890","agent_name":"jarvis-agent-windows","source":"windows_logs","type":"event","level":"Unknown","message":"dansDesktop","data":{"event":{"channel":"Security","event_data":{"Event":{"EventData":{"ClientProcessId":"14928","CountOfCredentialsReturned":"1","ProcessCreationTime":"2024-12-16T14:59:56.2501338Z","ReadOperation":"%%8099","ReturnCode":"0","SubjectDomainName":"DANSDESKTOP","SubjectLogonId":"0x4c0db","SubjectUserName":"danfe","SubjectUserSid":"S-1-5-21-1680856076-1700718083-3477311726-1001","TargetName":"NordPass/HasBeenUpdated","Type":"1"},"System":{"Channel":"Security","Computer":"dansDesktop","Correlation":{},"EventID":"5379","EventRecordID":"8313112","Execution":{"ProcessID":"1128","ThreadID":"69652"},"Keywords":"0x8020000000000000","Level":"0","Opcode":"0","Provider":{"Guid":"{54849625-5478-4994-a5ba-3e3b0328c30d}","Name":"Microsoft-Windows-Security-Auditing"},"Security":{"UserID":""},"Task":"13824","TimeCreated":{"SystemTime":"2024-12-31T17:49:37.8712539Z"},"Version":"0"}}},"level":"0","message":"","computer":"dansDesktop"}}}
2024/12/31 17:49:38 SendRequest Config - URL: http://localhost:8080/api/v1/logs, Method: POST
2024/12/31 17:49:38 API Request Config - URL: http://localhost:8080/api/v1/logs, Method: POST
2024/12/31 17:49:38 Sending request to http://localhost:8080/api/v1/logs: {"timestamp":"2024-12-31T11:49:38.9261632-06:00","agent_id":"1234567890","agent_name":"jarvis-agent-windows","source":"windows_logs","type":"event","level":"Unknown","message":"dansDesktop","data":{"event":{"channel":"Security","event_data":{"Event":{"EventData":{"ClientProcessId":"14928","CountOfCredentialsReturned":"1","ProcessCreationTime":"2024-12-16T14:59:56.2501338Z","ReadOperation":"%%8099","ReturnCode":"3221226021","SubjectDomainName":"DANSDESKTOP","SubjectLogonId":"0x4c0db","SubjectUserName":"danfe","SubjectUserSid":"S-1-5-21-1680856076-1700718083-3477311726-1001","TargetName":"NordPass/AutoLock-","Type":"1"},"System":{"Channel":"Security","Computer":"dansDesktop","Correlation":{},"EventID":"5379","EventRecordID":"8313113","Execution":{"ProcessID":"1128","ThreadID":"69696"},"Keywords":"0x8020000000000000","Level":"0","Opcode":"0","Provider":{"Guid":"{54849625-5478-4994-a5ba-3e3b0328c30d}","Name":"Microsoft-Windows-Security-Auditing"},"Security":{"UserID":""},"Task":"13824","TimeCreated":{"SystemTime":"2024-12-31T17:49:37.8712646Z"},"Version":"0"}}},"level":"0","message":"","computer":"dansDesktop"}}}
2024/12/31 17:49:38 SendRequest Config - URL: http://localhost:8080/api/v1/logs, Method: POST
2024/12/31 17:49:38 API Request Config - URL: http://localhost:8080/api/v1/logs, Method: POST
2024/12/31 17:49:38 Sending request to http://localhost:8080/api/v1/logs: {"timestamp":"2024-12-31T11:49:38.9272116-06:00","agent_id":"1234567890","agent_name":"jarvis-agent-windows","source":"windows_logs","type":"event","level":"Unknown","message":"dansDesktop","data":{"event":{"channel":"Security","event_data":{"Event":{"EventData":{"ClientProcessId":"14928","CountOfCredentialsReturned":"1","ProcessCreationTime":"2024-12-16T14:59:56.2501338Z","ReadOperation":"%%8099","ReturnCode":"0","SubjectDomainName":"DANSDESKTOP","SubjectLogonId":"0x4c0db","SubjectUserName":"danfe","SubjectUserSid":"S-1-5-21-1680856076-1700718083-3477311726-1001","TargetName":"NordPass/InstallTime","Type":"1"},"System":{"Channel":"Security","Computer":"dansDesktop","Correlation":{},"EventID":"5379","EventRecordID":"8313114","Execution":{"ProcessID":"1128","ThreadID":"70756"},"Keywords":"0x8020000000000000","Level":"0","Opcode":"0","Provider":{"Guid":"{54849625-5478-4994-a5ba-3e3b0328c30d}","Name":"Microsoft-Windows-Security-Auditing"},"Security":{"UserID":""},"Task":"13824","TimeCreated":{"SystemTime":"2024-12-31T17:49:37.8712783Z"},"Version":"0"}}},"level":"0","message":"","computer":"dansDesktop"}}}
2024/12/31 17:49:38 SendRequest Config - URL: http://localhost:8080/api/v1/logs, Method: POST
2024/12/31 17:49:38 API Request Config - URL: http://localhost:8080/api/v1/logs, Method: POST
2024/12/31 17:49:38 Sending request to http://localhost:8080/api/v1/logs: {"timestamp":"2024-12-31T11:49:38.9277291-06:00","agent_id":"1234567890","agent_name":"jarvis-agent-windows","source":"windows_logs","type":"event","level":"Unknown","message":"dansDesktop","data":{"event":{"channel":"Security","event_data":{"Event":{"EventData":{"ClientProcessId":"14928","CountOfCredentialsReturned":"1","ProcessCreationTime":"2024-12-16T14:59:56.2501338Z","ReadOperation":"%%8099","ReturnCode":"0","SubjectDomainName":"DANSDESKTOP","SubjectLogonId":"0x4c0db","SubjectUserName":"danfe","SubjectUserSid":"S-1-5-21-1680856076-1700718083-3477311726-1001","TargetName":"NordPass/StartHidden","Type":"1"},"System":{"Channel":"Security","Computer":"dansDesktop","Correlation":{},"EventID":"5379","EventRecordID":"8313115","Execution":{"ProcessID":"1128","ThreadID":"69652"},"Keywords":"0x8020000000000000","Level":"0","Opcode":"0","Provider":{"Guid":"{54849625-5478-4994-a5ba-3e3b0328c30d}","Name":"Microsoft-Windows-Security-Auditing"},"Security":{"UserID":""},"Task":"13824","TimeCreated":{"SystemTime":"2024-12-31T17:49:37.8713152Z"},"Version":"0"}}},"level":"0","message":"","computer":"dansDesktop"}}}
2024/12/31 17:49:38 SendRequest Config - URL: http://localhost:8080/api/v1/logs, Method: POST
2024/12/31 17:49:38 API Request Config - URL: http://localhost:8080/api/v1/logs, Method: POST
2024/12/31 17:49:38 Sending request to http://localhost:8080/api/v1/logs: {"timestamp":"2024-12-31T11:49:38.9287668-06:00","agent_id":"1234567890","agent_name":"jarvis-agent-windows","source":"windows_logs","type":"event","level":"Unknown","message":"dansDesktop","data":{"event":{"channel":"Security","event_data":{"Event":{"EventData":{"ClientProcessId":"14928","CountOfCredentialsReturned":"1","ProcessCreationTime":"2024-12-16T14:59:56.2501338Z","ReadOperation":"%%8099","ReturnCode":"0","SubjectDomainName":"DANSDESKTOP","SubjectLogonId":"0x4c0db","SubjectUserName":"danfe","SubjectUserSid":"S-1-5-21-1680856076-1700718083-3477311726-1001","TargetName":"NordPass/WindowState","Type":"1"},"System":{"Channel":"Security","Computer":"dansDesktop","Correlation":{},"EventID":"5379","EventRecordID":"8313116","Execution":{"ProcessID":"1128","ThreadID":"69696"},"Keywords":"0x8020000000000000","Level":"0","Opcode":"0","Provider":{"Guid":"{54849625-5478-4994-a5ba-3e3b0328c30d}","Name":"Microsoft-Windows-Security-Auditing"},"Security":{"UserID":""},"Task":"13824","TimeCreated":{"SystemTime":"2024-12-31T17:49:37.8713326Z"},"Version":"0"}}},"level":"0","message":"","computer":"dansDesktop"}}}
2024/12/31 17:49:38 SendRequest Config - URL: http://localhost:8080/api/v1/logs, Method: POST
2024/12/31 17:49:38 API Request Config - URL: http://localhost:8080/api/v1/logs, Method: POST
2024/12/31 17:49:38 Sending request to http://localhost:8080/api/v1/logs: {"timestamp":"2024-12-31T11:49:38.9298207-06:00","agent_id":"1234567890","agent_name":"jarvis-agent-windows","source":"windows_logs","type":"event","level":"Unknown","message":"dansDesktop","data":{"event":{"channel":"Security","event_data":{"Event":{"EventData":{"ClientProcessId":"14928","CountOfCredentialsReturned":"1","ProcessCreationTime":"2024-12-16T14:59:56.2501338Z","ReadOperation":"%%8099","ReturnCode":"0","SubjectDomainName":"DANSDESKTOP","SubjectLogonId":"0x4c0db","SubjectUserName":"danfe","SubjectUserSid":"S-1-5-21-1680856076-1700718083-3477311726-1001","TargetName":"NordPass/ShouldOpenOnLogin","Type":"1"},"System":{"Channel":"Security","Computer":"dansDesktop","Correlation":{},"EventID":"5379","EventRecordID":"8313117","Execution":{"ProcessID":"1128","ThreadID":"70732"},"Keywords":"0x8020000000000000","Level":"0","Opcode":"0","Provider":{"Guid":"{54849625-5478-4994-a5ba-3e3b0328c30d}","Name":"Microsoft-Windows-Security-Auditing"},"Security":{"UserID":""},"Task":"13824","TimeCreated":{"SystemTime":"2024-12-31T17:49:37.8713503Z"},"Version":"0"}}},"level":"0","message":"","computer":"dansDesktop"}}}
2024/12/31 17:49:38 SendRequest Config - URL: http://localhost:8080/api/v1/logs, Method: POST
2024/12/31 17:49:38 API Request Config - URL: http://localhost:8080/api/v1/logs, Method: POST
2024/12/31 17:49:38 Sending request to http://localhost:8080/api/v1/logs: {"timestamp":"2024-12-31T11:49:38.9308552-06:00","agent_id":"1234567890","agent_name":"jarvis-agent-windows","source":"windows_logs","type":"event","level":"Unknown","message":"dansDesktop","data":{"event":{"channel":"Security","event_data":{"Event":{"EventData":{"ClientProcessId":"14928","CountOfCredentialsReturned":"1","ProcessCreationTime":"2024-12-16T14:59:56.2501338Z","ReadOperation":"%%8099","ReturnCode":"0","SubjectDomainName":"DANSDESKTOP","SubjectLogonId":"0x4c0db","SubjectUserName":"danfe","SubjectUserSid":"S-1-5-21-1680856076-1700718083-3477311726-1001","TargetName":"NordPass/ConnectedBrowsers","Type":"1"},"System":{"Channel":"Security","Computer":"dansDesktop","Correlation":{},"EventID":"5379","EventRecordID":"8313118","Execution":{"ProcessID":"1128","ThreadID":"70756"},"Keywords":"0x8020000000000000","Level":"0","Opcode":"0","Provider":{"Guid":"{54849625-5478-4994-a5ba-3e3b0328c30d}","Name":"Microsoft-Windows-Security-Auditing"},"Security":{"UserID":""},"Task":"13824","TimeCreated":{"SystemTime":"2024-12-31T17:49:37.8713661Z"},"Version":"0"}}},"level":"0","message":"","computer":"dansDesktop"}}}
2024/12/31 17:49:38 SendRequest Config - URL: http://localhost:8080/api/v1/logs, Method: POST
2024/12/31 17:49:38 API Request Config - URL: http://localhost:8080/api/v1/logs, Method: POST
2024/12/31 17:49:38 Sending request to http://localhost:8080/api/v1/logs: {"timestamp":"2024-12-31T11:49:38.931894-06:00","agent_id":"1234567890","agent_name":"jarvis-agent-windows","source":"windows_logs","type":"event","level":"Unknown","message":"dansDesktop","data":{"event":{"channel":"Security","event_data":{"Event":{"EventData":{"ClientProcessId":"14928","CountOfCredentialsReturned":"1","ProcessCreationTime":"2024-12-16T14:59:56.2501338Z","ReadOperation":"%%8099","ReturnCode":"0","SubjectDomainName":"DANSDESKTOP","SubjectLogonId":"0x4c0db","SubjectUserName":"danfe","SubjectUserSid":"S-1-5-21-1680856076-1700718083-3477311726-1001","TargetName":"NordPass/DbHash","Type":"1"},"System":{"Channel":"Security","Computer":"dansDesktop","Correlation":{},"EventID":"5379","EventRecordID":"8313119","Execution":{"ProcessID":"1128","ThreadID":"69696"},"Keywords":"0x8020000000000000","Level":"0","Opcode":"0","Provider":{"Guid":"{54849625-5478-4994-a5ba-3e3b0328c30d}","Name":"Microsoft-Windows-Security-Auditing"},"Security":{"UserID":""},"Task":"13824","TimeCreated":{"SystemTime":"2024-12-31T17:49:37.8713869Z"},"Version":"0"}}},"level":"0","message":"","computer":"dansDesktop"}}}
2024/12/31 17:49:38 SendRequest Config - URL: http://localhost:8080/api/v1/logs, Method: POST
2024/12/31 17:49:38 API Request Config - URL: http://localhost:8080/api/v1/logs, Method: POST
2024/12/31 17:49:38 Sending request to http://localhost:8080/api/v1/logs: {"timestamp":"2024-12-31T11:49:38.9329318-06:00","agent_id":"1234567890","agent_name":"jarvis-agent-windows","source":"windows_logs","type":"event","level":"Unknown","message":"dansDesktop","data":{"event":{"channel":"Security","event_data":{"Event":{"EventData":{"ClientProcessId":"14928","CountOfCredentialsReturned":"1","ProcessCreationTime":"2024-12-16T14:59:56.2501338Z","ReadOperation":"%%8099","ReturnCode":"0","SubjectDomainName":"DANSDESKTOP","SubjectLogonId":"0x4c0db","SubjectUserName":"danfe","SubjectUserSid":"S-1-5-21-1680856076-1700718083-3477311726-1001","TargetName":"NordPass/AppTheme","Type":"1"},"System":{"Channel":"Security","Computer":"dansDesktop","Correlation":{},"EventID":"5379","EventRecordID":"8313120","Execution":{"ProcessID":"1128","ThreadID":"70732"},"Keywords":"0x8020000000000000","Level":"0","Opcode":"0","Provider":{"Guid":"{54849625-5478-4994-a5ba-3e3b0328c30d}","Name":"Microsoft-Windows-Security-Auditing"},"Security":{"UserID":""},"Task":"13824","TimeCreated":{"SystemTime":"2024-12-31T17:49:37.8713990Z"},"Version":"0"}}},"level":"0","message":"","computer":"dansDesktop"}}}
2024/12/31 17:49:38 SendRequest Config - URL: http://localhost:8080/api/v1/logs, Method: POST
2024/12/31 17:49:38 API Request Config - URL: http://localhost:8080/api/v1/logs, Method: POST
2024/12/31 17:49:38 Sending request to http://localhost:8080/api/v1/logs: {"timestamp":"2024-12-31T11:49:38.9340137-06:00","agent_id":"1234567890","agent_name":"jarvis-agent-windows","source":"windows_logs","type":"event","level":"Unknown","message":"dansDesktop","data":{"event":{"channel":"Security","event_data":{"Event":{"EventData":{"ClientProcessId":"14928","CountOfCredentialsReturned":"1","ProcessCreationTime":"2024-12-16T14:59:56.2501338Z","ReadOperation":"%%8099","ReturnCode":"0","SubjectDomainName":"DANSDESKTOP","SubjectLogonId":"0x4c0db","SubjectUserName":"danfe","SubjectUserSid":"S-1-5-21-1680856076-1700718083-3477311726-1001","TargetName":"NordPass/AppLocale","Type":"1"},"System":{"Channel":"Security","Computer":"dansDesktop","Correlation":{},"EventID":"5379","EventRecordID":"8313121","Execution":{"ProcessID":"1128","ThreadID":"70756"},"Keywords":"0x8020000000000000","Level":"0","Opcode":"0","Provider":{"Guid":"{54849625-5478-4994-a5ba-3e3b0328c30d}","Name":"Microsoft-Windows-Security-Auditing"},"Security":{"UserID":""},"Task":"13824","TimeCreated":{"SystemTime":"2024-12-31T17:49:37.8714196Z"},"Version":"0"}}},"level":"0","message":"","computer":"dansDesktop"}}}
2024/12/31 17:49:38 SendRequest Config - URL: http://localhost:8080/api/v1/logs, Method: POST
2024/12/31 17:49:38 API Request Config - URL: http://localhost:8080/api/v1/logs, Method: POST
2024/12/31 17:49:38 Sending request to http://localhost:8080/api/v1/logs: {"timestamp":"2024-12-31T11:49:38.9364061-06:00","agent_id":"1234567890","agent_name":"jarvis-agent-windows","source":"windows_logs","type":"event","level":"Unknown","message":"dansDesktop","data":{"event":{"channel":"Security","event_data":{"Event":{"EventData":{"ClientProcessId":"14928","CountOfCredentialsReturned":"1","ProcessCreationTime":"2024-12-16T14:59:56.2501338Z","ReadOperation":"%%8099","ReturnCode":"0","SubjectDomainName":"DANSDESKTOP","SubjectLogonId":"0x4c0db","SubjectUserName":"danfe","SubjectUserSid":"S-1-5-21-1680856076-1700718083-3477311726-1001","TargetName":"NordPass/AppVersion","Type":"1"},"System":{"Channel":"Security","Computer":"dansDesktop","Correlation":{},"EventID":"5379","EventRecordID":"8313122","Execution":{"ProcessID":"1128","ThreadID":"69696"},"Keywords":"0x8020000000000000","Level":"0","Opcode":"0","Provider":{"Guid":"{54849625-5478-4994-a5ba-3e3b0328c30d}","Name":"Microsoft-Windows-Security-Auditing"},"Security":{"UserID":""},"Task":"13824","TimeCreated":{"SystemTime":"2024-12-31T17:49:37.8714409Z"},"Version":"0"}}},"level":"0","message":"","computer":"dansDesktop"}}}
2024/12/31 17:49:38 SendRequest Config - URL: http://localhost:8080/api/v1/logs, Method: POST
2024/12/31 17:49:38 API Request Config - URL: http://localhost:8080/api/v1/logs, Method: POST
2024/12/31 17:49:38 Sending request to http://localhost:8080/api/v1/logs: {"timestamp":"2024-12-31T11:49:38.937634-06:00","agent_id":"1234567890","agent_name":"jarvis-agent-windows","source":"windows_logs","type":"event","level":"Unknown","message":"dansDesktop","data":{"event":{"channel":"Security","event_data":{"Event":{"EventData":{"ClientProcessId":"14928","CountOfCredentialsReturned":"1","ProcessCreationTime":"2024-12-16T14:59:56.2501338Z","ReadOperation":"%%8099","ReturnCode":"0","SubjectDomainName":"DANSDESKTOP","SubjectLogonId":"0x4c0db","SubjectUserName":"danfe","SubjectUserSid":"S-1-5-21-1680856076-1700718083-3477311726-1001","TargetName":"NordPass/AccountList","Type":"1"},"System":{"Channel":"Security","Computer":"dansDesktop","Correlation":{},"EventID":"5379","EventRecordID":"8313123","Execution":{"ProcessID":"1128","ThreadID":"70732"},"Keywords":"0x8020000000000000","Level":"0","Opcode":"0","Provider":{"Guid":"{54849625-5478-4994-a5ba-3e3b0328c30d}","Name":"Microsoft-Windows-Security-Auditing"},"Security":{"UserID":""},"Task":"13824","TimeCreated":{"SystemTime":"2024-12-31T17:49:37.8714582Z"},"Version":"0"}}},"level":"0","message":"","computer":"dansDesktop"}}}
2024/12/31 17:49:38 SendRequest Config - URL: http://localhost:8080/api/v1/logs, Method: POST
2024/12/31 17:49:38 API Request Config - URL: http://localhost:8080/api/v1/logs, Method: POST
2024/12/31 17:49:38 Sending request to http://localhost:8080/api/v1/logs: {"timestamp":"2024-12-31T11:49:38.9392337-06:00","agent_id":"1234567890","agent_name":"jarvis-agent-windows","source":"windows_logs","type":"event","level":"Unknown","message":"dansDesktop","data":{"event":{"channel":"Security","event_data":{"Event":{"EventData":{"ClientProcessId":"14928","CountOfCredentialsReturned":"1","ProcessCreationTime":"2024-12-16T14:59:56.2501338Z","ReadOperation":"%%8099","ReturnCode":"0","SubjectDomainName":"DANSDESKTOP","SubjectLogonId":"0x4c0db","SubjectUserName":"danfe","SubjectUserSid":"S-1-5-21-1680856076-1700718083-3477311726-1001","TargetName":"NordPass/split_Features0","Type":"1"},"System":{"Channel":"Security","Computer":"dansDesktop","Correlation":{},"EventID":"5379","EventRecordID":"8313124","Execution":{"ProcessID":"1128","ThreadID":"70756"},"Keywords":"0x8020000000000000","Level":"0","Opcode":"0","Provider":{"Guid":"{54849625-5478-4994-a5ba-3e3b0328c30d}","Name":"Microsoft-Windows-Security-Auditing"},"Security":{"UserID":""},"Task":"13824","TimeCreated":{"SystemTime":"2024-12-31T17:49:37.8715322Z"},"Version":"0"}}},"level":"0","message":"","computer":"dansDesktop"}}}
2024/12/31 17:49:38 SendRequest Config - URL: http://localhost:8080/api/v1/logs, Method: POST
2024/12/31 17:49:38 API Request Config - URL: http://localhost:8080/api/v1/logs, Method: POST
2024/12/31 17:49:38 Sending request to http://localhost:8080/api/v1/logs: {"timestamp":"2024-12-31T11:49:38.9403571-06:00","agent_id":"1234567890","agent_name":"jarvis-agent-windows","source":"windows_logs","type":"event","level":"Unknown","message":"dansDesktop","data":{"event":{"channel":"Security","event_data":{"Event":{"EventData":{"ClientProcessId":"14928","CountOfCredentialsReturned":"1","ProcessCreationTime":"2024-12-16T14:59:56.2501338Z","ReadOperation":"%%8099","ReturnCode":"0","SubjectDomainName":"DANSDESKTOP","SubjectLogonId":"0x4c0db","SubjectUserName":"danfe","SubjectUserSid":"S-1-5-21-1680856076-1700718083-3477311726-1001","TargetName":"NordPass/split_Features1","Type":"1"},"System":{"Channel":"Security","Computer":"dansDesktop","Correlation":{},"EventID":"5379","EventRecordID":"8313125","Execution":{"ProcessID":"1128","ThreadID":"70756"},"Keywords":"0x8020000000000000","Level":"0","Opcode":"0","Provider":{"Guid":"{54849625-5478-4994-a5ba-3e3b0328c30d}","Name":"Microsoft-Windows-Security-Auditing"},"Security":{"UserID":""},"Task":"13824","TimeCreated":{"SystemTime":"2024-12-31T17:49:37.8717730Z"},"Version":"0"}}},"level":"0","message":"","computer":"dansDesktop"}}}
2024/12/31 17:49:38 SendRequest Config - URL: http://localhost:8080/api/v1/logs, Method: POST
2024/12/31 17:49:38 API Request Config - URL: http://localhost:8080/api/v1/logs, Method: POST
2024/12/31 17:49:38 Sending request to http://localhost:8080/api/v1/logs: {"timestamp":"2024-12-31T11:49:38.9414623-06:00","agent_id":"1234567890","agent_name":"jarvis-agent-windows","source":"windows_logs","type":"event","level":"Unknown","message":"dansDesktop","data":{"event":{"channel":"Security","event_data":{"Event":{"EventData":{"ClientProcessId":"14928","CountOfCredentialsReturned":"1","ProcessCreationTime":"2024-12-16T14:59:56.2501338Z","ReadOperation":"%%8099","ReturnCode":"0","SubjectDomainName":"DANSDESKTOP","SubjectLogonId":"0x4c0db","SubjectUserName":"danfe","SubjectUserSid":"S-1-5-21-1680856076-1700718083-3477311726-1001","TargetName":"NordPass/split_Features2","Type":"1"},"System":{"Channel":"Security","Computer":"dansDesktop","Correlation":{},"EventID":"5379","EventRecordID":"8313126","Execution":{"ProcessID":"1128","ThreadID":"70756"},"Keywords":"0x8020000000000000","Level":"0","Opcode":"0","Provider":{"Guid":"{54849625-5478-4994-a5ba-3e3b0328c30d}","Name":"Microsoft-Windows-Security-Auditing"},"Security":{"UserID":""},"Task":"13824","TimeCreated":{"SystemTime":"2024-12-31T17:49:37.8719707Z"},"Version":"0"}}},"level":"0","message":"","computer":"dansDesktop"}}}
2024/12/31 17:49:38 SendRequest Config - URL: http://localhost:8080/api/v1/logs, Method: POST
2024/12/31 17:49:38 API Request Config - URL: http://localhost:8080/api/v1/logs, Method: POST
2024/12/31 17:49:38 Sending request to http://localhost:8080/api/v1/logs: {"timestamp":"2024-12-31T11:49:38.9424993-06:00","agent_id":"1234567890","agent_name":"jarvis-agent-windows","source":"windows_logs","type":"event","level":"Unknown","message":"dansDesktop","data":{"event":{"channel":"Security","event_data":{"Event":{"EventData":{"ClientProcessId":"14928","CountOfCredentialsReturned":"1","ProcessCreationTime":"2024-12-16T14:59:56.2501338Z","ReadOperation":"%%8099","ReturnCode":"0","SubjectDomainName":"DANSDESKTOP","SubjectLogonId":"0x4c0db","SubjectUserName":"danfe","SubjectUserSid":"S-1-5-21-1680856076-1700718083-3477311726-1001","TargetName":"NordPass/split_Features3","Type":"1"},"System":{"Channel":"Security","Computer":"dansDesktop","Correlation":{},"EventID":"5379","EventRecordID":"8313127","Execution":{"ProcessID":"1128","ThreadID":"70732"},"Keywords":"0x8020000000000000","Level":"0","Opcode":"0","Provider":{"Guid":"{54849625-5478-4994-a5ba-3e3b0328c30d}","Name":"Microsoft-Windows-Security-Auditing"},"Security":{"UserID":""},"Task":"13824","TimeCreated":{"SystemTime":"2024-12-31T17:49:37.8722440Z"},"Version":"0"}}},"level":"0","message":"","computer":"dansDesktop"}}}
2024/12/31 17:49:38 SendRequest Config - URL: http://localhost:8080/api/v1/logs, Method: POST
2024/12/31 17:49:38 API Request Config - URL: http://localhost:8080/api/v1/logs, Method: POST
2024/12/31 17:49:38 Sending request to http://localhost:8080/api/v1/logs: {"timestamp":"2024-12-31T11:49:38.9436032-06:00","agent_id":"1234567890","agent_name":"jarvis-agent-windows","source":"windows_logs","type":"event","level":"Unknown","message":"dansDesktop","data":{"event":{"channel":"Security","event_data":{"Event":{"EventData":{"ClientProcessId":"14928","CountOfCredentialsReturned":"1","ProcessCreationTime":"2024-12-16T14:59:56.2501338Z","ReadOperation":"%%8099","ReturnCode":"0","SubjectDomainName":"DANSDESKTOP","SubjectLogonId":"0x4c0db","SubjectUserName":"danfe","SubjectUserSid":"S-1-5-21-1680856076-1700718083-3477311726-1001","TargetName":"NordPass/split_Features4","Type":"1"},"System":{"Channel":"Security","Computer":"dansDesktop","Correlation":{},"EventID":"5379","EventRecordID":"8313128","Execution":{"ProcessID":"1128","ThreadID":"70756"},"Keywords":"0x8020000000000000","Level":"0","Opcode":"0","Provider":{"Guid":"{54849625-5478-4994-a5ba-3e3b0328c30d}","Name":"Microsoft-Windows-Security-Auditing"},"Security":{"UserID":""},"Task":"13824","TimeCreated":{"SystemTime":"2024-12-31T17:49:37.8724321Z"},"Version":"0"}}},"level":"0","message":"","computer":"dansDesktop"}}}
2024/12/31 17:49:38 SendRequest Config - URL: http://localhost:8080/api/v1/logs, Method: POST
2024/12/31 17:49:38 API Request Config - URL: http://localhost:8080/api/v1/logs, Method: POST
2024/12/31 17:49:38 Sending request to http://localhost:8080/api/v1/logs: {"timestamp":"2024-12-31T11:49:38.9447587-06:00","agent_id":"1234567890","agent_name":"jarvis-agent-windows","source":"windows_logs","type":"event","level":"Unknown","message":"dansDesktop","data":{"event":{"channel":"Security","event_data":{"Event":{"EventData":{"ClientProcessId":"14928","CountOfCredentialsReturned":"1","ProcessCreationTime":"2024-12-16T14:59:56.2501338Z","ReadOperation":"%%8099","ReturnCode":"0","SubjectDomainName":"DANSDESKTOP","SubjectLogonId":"0x4c0db","SubjectUserName":"danfe","SubjectUserSid":"S-1-5-21-1680856076-1700718083-3477311726-1001","TargetName":"NordPass/split_Features5","Type":"1"},"System":{"Channel":"Security","Computer":"dansDesktop","Correlation":{},"EventID":"5379","EventRecordID":"8313129","Execution":{"ProcessID":"1128","ThreadID":"70756"},"Keywords":"0x8020000000000000","Level":"0","Opcode":"0","Provider":{"Guid":"{54849625-5478-4994-a5ba-3e3b0328c30d}","Name":"Microsoft-Windows-Security-Auditing"},"Security":{"UserID":""},"Task":"13824","TimeCreated":{"SystemTime":"2024-12-31T17:49:37.8727024Z"},"Version":"0"}}},"level":"0","message":"","computer":"dansDesktop"}}}
2024/12/31 17:49:38 SendRequest Config - URL: http://localhost:8080/api/v1/logs, Method: POST
2024/12/31 17:49:38 API Request Config - URL: http://localhost:8080/api/v1/logs, Method: POST
2024/12/31 17:49:38 Sending request to http://localhost:8080/api/v1/logs: {"timestamp":"2024-12-31T11:49:38.9457904-06:00","agent_id":"1234567890","agent_name":"jarvis-agent-windows","source":"windows_logs","type":"event","level":"Unknown","message":"dansDesktop","data":{"event":{"channel":"Security","event_data":{"Event":{"EventData":{"ClientProcessId":"14928","CountOfCredentialsReturned":"1","ProcessCreationTime":"2024-12-16T14:59:56.2501338Z","ReadOperation":"%%8099","ReturnCode":"0","SubjectDomainName":"DANSDESKTOP","SubjectLogonId":"0x4c0db","SubjectUserName":"danfe","SubjectUserSid":"S-1-5-21-1680856076-1700718083-3477311726-1001","TargetName":"NordPass/split_Features6","Type":"1"},"System":{"Channel":"Security","Computer":"dansDesktop","Correlation":{},"EventID":"5379","EventRecordID":"8313130","Execution":{"ProcessID":"1128","ThreadID":"70756"},"Keywords":"0x8020000000000000","Level":"0","Opcode":"0","Provider":{"Guid":"{54849625-5478-4994-a5ba-3e3b0328c30d}","Name":"Microsoft-Windows-Security-Auditing"},"Security":{"UserID":""},"Task":"13824","TimeCreated":{"SystemTime":"2024-12-31T17:49:37.8728863Z"},"Version":"0"}}},"level":"0","message":"","computer":"dansDesktop"}}}
